[    23.776] (--) Log file renamed from "/home/ise/.local/share/xorg/Xorg.pid-3523.log" to "/home/ise/.local/share/xorg/Xorg.0.log"
[    23.776] 
X.Org X Server 1.20.13
X Protocol Version 11, Revision 0
[    23.776] Build Operating System: linux Ubuntu
[    23.776] Current Operating System: Linux iselab1-ThinkCentre-M720t 5.15.0-139-generic #149~20.04.1-Ubuntu SMP Wed Apr 16 08:29:56 UTC 2025 x86_64
[    23.776] Kernel command line: BOOT_IMAGE=/boot/vmlinuz-5.15.0-139-generic root=UUID=f835d2ec-595c-41cb-9bc9-5f9614830005 ro quiet splash vt.handoff=7
[    23.776] Build Date: 19 February 2025  01:54:27PM
[    23.776] xorg-server 2:1.20.13-1ubuntu1~20.04.19 (For technical support please see http://www.ubuntu.com/support) 
[    23.776] Current version of pixman: 0.38.4
[    23.776] 	Before reporting problems, check http://wiki.x.org
	to make sure that you have the latest version.
[    23.776] Markers: (--) probed, (**) from config file, (==) default setting,
	(++) from command line, (!!) notice, (II) informational,
	(WW) warning, (EE) error, (NI) not implemented, (??) unknown.
[    23.776] (==) Log file: "/home/ise/.local/share/xorg/Xorg.0.log", Time: Mon Aug 11 13:23:29 2025
[    23.776] (==) Using system config directory "/usr/share/X11/xorg.conf.d"
[    23.777] (==) No Layout section.  Using the first Screen section.
[    23.777] (==) No screen section available. Using defaults.
[    23.777] (**) |-->Screen "Default Screen Section" (0)
[    23.777] (**) |   |-->Monitor "<default monitor>"
[    23.777] (==) No monitor specified for screen "Default Screen Section".
	Using a default monitor configuration.
[    23.777] (==) Automatically adding devices
[    23.777] (==) Automatically enabling devices
[    23.777] (==) Automatically adding GPU devices
[    23.777] (==) Automatically binding GPU devices
[    23.777] (==) Max clients allowed: 256, resource mask: 0x1fffff
[    23.777] (WW) The directory "/usr/share/fonts/X11/cyrillic" does not exist.
[    23.777] 	Entry deleted from font path.
[    23.777] (WW) The directory "/usr/share/fonts/X11/100dpi/" does not exist.
[    23.777] 	Entry deleted from font path.
[    23.777] (WW) The directory "/usr/share/fonts/X11/75dpi/" does not exist.
[    23.777] 	Entry deleted from font path.
[    23.777] (WW) The directory "/usr/share/fonts/X11/100dpi" does not exist.
[    23.777] 	Entry deleted from font path.
[    23.777] (WW) The directory "/usr/share/fonts/X11/75dpi" does not exist.
[    23.777] 	Entry deleted from font path.
[    23.777] (==) FontPath set to:
	/usr/share/fonts/X11/misc,
	/usr/share/fonts/X11/Type1,
	built-ins
[    23.777] (==) ModulePath set to "/usr/lib/xorg/modules"
[    23.777] (II) The server relies on udev to provide the list of input devices.
	If no devices become available, reconfigure udev or disable AutoAddDevices.
[    23.777] (II) Loader magic: 0x560fefaa1020
[    23.777] (II) Module ABI versions:
[    23.777] 	X.Org ANSI C Emulation: 0.4
[    23.777] 	X.Org Video Driver: 24.1
[    23.777] 	X.Org XInput driver : 24.1
[    23.778] 	X.Org Server Extension : 10.0
[    23.778] (++) using VT number 2

[    23.779] (II) systemd-logind: took control of session /org/freedesktop/login1/session/_32
[    23.780] (II) xfree86: Adding drm device (/dev/dri/card0)
[    23.780] (II) systemd-logind: got fd for /dev/dri/card0 226:0 fd 12 paused 0
[    23.781] (--) PCI:*(0@0:2:0) 8086:3e98:17aa:312a rev 2, Mem @ 0xb0000000/16777216, 0xa0000000/268435456, I/O @ 0x00003000/64, BIOS @ 0x????????/131072
[    23.781] (II) LoadModule: "glx"
[    23.781] (II) Loading /usr/lib/xorg/modules/extensions/libglx.so
[    23.783] (II) Module glx: vendor="X.Org Foundation"
[    23.783] 	compiled for 1.20.13, module version = 1.0.0
[    23.783] 	ABI class: X.Org Server Extension, version 10.0
[    23.783] (==) Matched modesetting as autoconfigured driver 0
[    23.783] (==) Matched fbdev as autoconfigured driver 1
[    23.783] (==) Matched vesa as autoconfigured driver 2
[    23.783] (==) Assigned the driver to the xf86ConfigLayout
[    23.783] (II) LoadModule: "modesetting"
[    23.783] (II) Loading /usr/lib/xorg/modules/drivers/modesetting_drv.so
[    23.783] (II) Module modesetting: vendor="X.Org Foundation"
[    23.783] 	compiled for 1.20.13, module version = 1.20.13
[    23.783] 	Module class: X.Org Video Driver
[    23.783] 	ABI class: X.Org Video Driver, version 24.1
[    23.783] (II) LoadModule: "fbdev"
[    23.784] (II) Loading /usr/lib/xorg/modules/drivers/fbdev_drv.so
[    23.784] (II) Module fbdev: vendor="X.Org Foundation"
[    23.784] 	compiled for 1.20.1, module version = 0.5.0
[    23.784] 	Module class: X.Org Video Driver
[    23.784] 	ABI class: X.Org Video Driver, version 24.0
[    23.784] (II) LoadModule: "vesa"
[    23.784] (II) Loading /usr/lib/xorg/modules/drivers/vesa_drv.so
[    23.784] (II) Module vesa: vendor="X.Org Foundation"
[    23.784] 	compiled for 1.20.4, module version = 2.4.0
[    23.784] 	Module class: X.Org Video Driver
[    23.784] 	ABI class: X.Org Video Driver, version 24.0
[    23.784] (II) modesetting: Driver for Modesetting Kernel Drivers: kms
[    23.784] (II) FBDEV: driver for framebuffer: fbdev
[    23.784] (II) VESA: driver for VESA chipsets: vesa
[    23.784] xf86EnableIOPorts: failed to set IOPL for I/O (Operation not permitted)
[    23.784] (II) modeset(0): using drv /dev/dri/card0
[    23.784] (WW) Falling back to old probe method for fbdev
[    23.784] (II) Loading sub module "fbdevhw"
[    23.784] (II) LoadModule: "fbdevhw"
[    23.784] (II) Loading /usr/lib/xorg/modules/libfbdevhw.so
[    23.785] (II) Module fbdevhw: vendor="X.Org Foundation"
[    23.785] 	compiled for 1.20.13, module version = 0.0.2
[    23.785] 	ABI class: X.Org Video Driver, version 24.1
[    23.785] (EE) open /dev/fb0: Permission denied
[    23.785] (WW) VGA arbiter: cannot open kernel arbiter, no multi-card support
[    23.785] (II) modeset(0): Creating default Display subsection in Screen section
	"Default Screen Section" for depth/fbbpp 24/32
[    23.785] (==) modeset(0): Depth 24, (==) framebuffer bpp 32
[    23.785] (==) modeset(0): RGB weight 888
[    23.785] (==) modeset(0): Default visual is TrueColor
[    23.785] (II) Loading sub module "glamoregl"
[    23.785] (II) LoadModule: "glamoregl"
[    23.785] (II) Loading /usr/lib/xorg/modules/libglamoregl.so
[    23.787] (II) Module glamoregl: vendor="X.Org Foundation"
[    23.787] 	compiled for 1.20.13, module version = 1.0.1
[    23.787] 	ABI class: X.Org ANSI C Emulation, version 0.4
[    23.805] (II) modeset(0): glamor X acceleration enabled on Mesa Intel(R) UHD Graphics 630 (CFL GT2)
[    23.805] (II) modeset(0): glamor initialized
[    23.805] (II) modeset(0): Output DP-1 has no monitor section
[    23.813] (II) modeset(0): Output HDMI-1 has no monitor section
[    23.813] (II) modeset(0): Output DP-2 has no monitor section
[    23.820] (II) modeset(0): Output HDMI-2 has no monitor section
[    23.826] (II) modeset(0): Output DP-3 has no monitor section
[    23.827] (II) modeset(0): EDID for output DP-1
[    23.833] (II) modeset(0): EDID for output HDMI-1
[    23.833] (II) modeset(0): EDID for output DP-2
[    23.839] (II) modeset(0): EDID for output HDMI-2
[    23.845] (II) modeset(0): EDID for output DP-3
[    23.845] (II) modeset(0): Manufacturer: LEN  Model: 60df  Serial#: 959984178
[    23.845] (II) modeset(0): Year: 2020  Week: 11
[    23.845] (II) modeset(0): EDID Version: 1.4
[    23.845] (II) modeset(0): Analog Display Input,  Input Voltage Level: 0.700/0.700 V
[    23.845] (II) modeset(0): Sync:  Separate  Composite
[    23.845] (II) modeset(0): Max Image Size [cm]: horiz.: 42  vert.: 26
[    23.845] (II) modeset(0): Gamma: 2.20
[    23.845] (II) modeset(0): DPMS capabilities: Off; RGB/Color Display
[    23.845] (II) modeset(0): First detailed timing is preferred mode
[    23.845] (II) modeset(0): Preferred mode is native pixel format and refresh rate
[    23.845] (II) modeset(0): redX: 0.653 redY: 0.337   greenX: 0.322 greenY: 0.610
[    23.845] (II) modeset(0): blueX: 0.151 blueY: 0.064   whiteX: 0.313 whiteY: 0.329
[    23.845] (II) modeset(0): Supported established timings:
[    23.845] (II) modeset(0): 720x400@70Hz
[    23.845] (II) modeset(0): 640x480@60Hz
[    23.845] (II) modeset(0): 640x480@72Hz
[    23.845] (II) modeset(0): 640x480@75Hz
[    23.845] (II) modeset(0): 800x600@56Hz
[    23.845] (II) modeset(0): 800x600@60Hz
[    23.845] (II) modeset(0): 800x600@72Hz
[    23.845] (II) modeset(0): 800x600@75Hz
[    23.845] (II) modeset(0): 832x624@75Hz
[    23.845] (II) modeset(0): 1024x768@60Hz
[    23.845] (II) modeset(0): 1024x768@70Hz
[    23.845] (II) modeset(0): 1024x768@75Hz
[    23.845] (II) modeset(0): 1280x1024@75Hz
[    23.845] (II) modeset(0): Manufacturer's mask: 0
[    23.845] (II) modeset(0): Supported standard timings:
[    23.845] (II) modeset(0): #0: hsize: 1152  vsize 864  refresh: 75  vid: 20337
[    23.845] (II) modeset(0): #1: hsize: 1280  vsize 1024  refresh: 60  vid: 32897
[    23.845] (II) modeset(0): #2: hsize: 1280  vsize 1024  refresh: 70  vid: 35457
[    23.845] (II) modeset(0): #3: hsize: 1280  vsize 800  refresh: 60  vid: 129
[    23.845] (II) modeset(0): #4: hsize: 1440  vsize 900  refresh: 75  vid: 3989
[    23.845] (II) modeset(0): Supported detailed timing:
[    23.845] (II) modeset(0): clock: 106.5 MHz   Image Size:  419 x 262 mm
[    23.845] (II) modeset(0): h_active: 1440  h_sync: 1520  h_sync_end 1672 h_blank_end 1904 h_border: 0
[    23.845] (II) modeset(0): v_active: 900  v_sync: 903  v_sync_end 909 v_blanking: 934 v_border: 0
[    23.845] (II) modeset(0): Serial No: VKCA9822
[    23.845] (II) modeset(0): Ranges: V min: 50 V max: 75 Hz, H min: 30 H max: 83 kHz, PixClock max 175 MHz
[    23.845] (II) modeset(0): Monitor name: LEN E2054A
[    23.845] (II) modeset(0): EDID (in hex):
[    23.845] (II) modeset(0): 	00ffffffffffff0030aedf6032323839
[    23.845] (II) modeset(0): 	0b1e01046c2a1a782a59e5a756529c26
[    23.845] (II) modeset(0): 	105054afef00714f8180818a8100950f
[    23.845] (II) modeset(0): 	0101010101019a29a0d0518422305098
[    23.845] (II) modeset(0): 	3600a3061100001c000000ff00564b43
[    23.845] (II) modeset(0): 	41393832320a20202020000000fd0032
[    23.845] (II) modeset(0): 	4b1e5311000a202020202020000000fc
[    23.845] (II) modeset(0): 	004c454e204532303534410a202000cf
[    23.845] (II) modeset(0): Printing probed modes for output DP-3
[    23.845] (II) modeset(0): Modeline "1440x900"x59.9  106.50  1440 1520 1672 1904  900 903 909 934 -hsync +vsync (55.9 kHz eP)
[    23.845] (II) modeset(0): Modeline "1280x1024"x75.0  135.00  1280 1296 1440 1688  1024 1025 1028 1066 +hsync +vsync (80.0 kHz e)
[    23.845] (II) modeset(0): Modeline "1280x1024"x60.0  108.00  1280 1328 1440 1688  1024 1025 1028 1066 +hsync +vsync (64.0 kHz e)
[    23.845] (II) modeset(0): Modeline "1440x900"x75.0  136.75  1440 1536 1688 1936  900 903 909 942 -hsync +vsync (70.6 kHz e)
[    23.845] (II) modeset(0): Modeline "1280x800"x59.8   83.50  1280 1352 1480 1680  800 803 809 831 -hsync +vsync (49.7 kHz e)
[    23.845] (II) modeset(0): Modeline "1152x864"x75.0  108.00  1152 1216 1344 1600  864 865 868 900 +hsync +vsync (67.5 kHz e)
[    23.845] (II) modeset(0): Modeline "1024x768"x75.0   78.75  1024 1040 1136 1312  768 769 772 800 +hsync +vsync (60.0 kHz e)
[    23.845] (II) modeset(0): Modeline "1024x768"x70.1   75.00  1024 1048 1184 1328  768 771 777 806 -hsync -vsync (56.5 kHz e)
[    23.845] (II) modeset(0): Modeline "1024x768"x60.0   65.00  1024 1048 1184 1344  768 771 777 806 -hsync -vsync (48.4 kHz e)
[    23.845] (II) modeset(0): Modeline "832x624"x74.6   57.28  832 864 928 1152  624 625 628 667 -hsync -vsync (49.7 kHz e)
[    23.845] (II) modeset(0): Modeline "800x600"x72.2   50.00  800 856 976 1040  600 637 643 666 +hsync +vsync (48.1 kHz e)
[    23.845] (II) modeset(0): Modeline "800x600"x75.0   49.50  800 816 896 1056  600 601 604 625 +hsync +vsync (46.9 kHz e)
[    23.845] (II) modeset(0): Modeline "800x600"x60.3   40.00  800 840 968 1056  600 601 605 628 +hsync +vsync (37.9 kHz e)
[    23.845] (II) modeset(0): Modeline "800x600"x56.2   36.00  800 824 896 1024  600 601 603 625 +hsync +vsync (35.2 kHz e)
[    23.845] (II) modeset(0): Modeline "640x480"x75.0   31.50  640 656 720 840  480 481 484 500 -hsync -vsync (37.5 kHz e)
[    23.845] (II) modeset(0): Modeline "640x480"x72.8   31.50  640 664 704 832  480 489 492 520 -hsync -vsync (37.9 kHz e)
[    23.845] (II) modeset(0): Modeline "640x480"x59.9   25.18  640 656 752 800  480 490 492 525 -hsync -vsync (31.5 kHz e)
[    23.845] (II) modeset(0): Modeline "720x400"x70.1   28.32  720 738 846 900  400 412 414 449 -hsync +vsync (31.5 kHz e)
[    23.845] (II) modeset(0): Output DP-1 disconnected
[    23.845] (II) modeset(0): Output HDMI-1 disconnected
[    23.845] (II) modeset(0): Output DP-2 disconnected
[    23.845] (II) modeset(0): Output HDMI-2 disconnected
[    23.845] (II) modeset(0): Output DP-3 connected
[    23.845] (II) modeset(0): Using exact sizes for initial modes
[    23.845] (II) modeset(0): Output DP-3 using initial mode 1440x900 +0+0
[    23.845] (==) modeset(0): Using gamma correction (1.0, 1.0, 1.0)
[    23.845] (==) modeset(0): DPI set to (96, 96)
[    23.845] (II) Loading sub module "fb"
[    23.845] (II) LoadModule: "fb"
[    23.845] (II) Loading /usr/lib/xorg/modules/libfb.so
[    23.846] (II) Module fb: vendor="X.Org Foundation"
[    23.846] 	compiled for 1.20.13, module version = 1.0.0
[    23.846] 	ABI class: X.Org ANSI C Emulation, version 0.4
[    23.846] (II) UnloadModule: "fbdev"
[    23.846] (II) Unloading fbdev
[    23.846] (II) UnloadSubModule: "fbdevhw"
[    23.846] (II) Unloading fbdevhw
[    23.846] (II) UnloadModule: "vesa"
[    23.846] (II) Unloading vesa
[    23.859] (==) modeset(0): Backing store enabled
[    23.859] (==) modeset(0): Silken mouse enabled
[    23.942] (II) modeset(0): Initializing kms color map for depth 24, 8 bpc.
[    23.942] (==) modeset(0): DPMS enabled
[    23.942] (II) modeset(0): [DRI2] Setup complete
[    23.942] (II) modeset(0): [DRI2]   DRI driver: iris
[    23.942] (II) modeset(0): [DRI2]   VDPAU driver: va_gl
[    23.942] (II) Initializing extension Generic Event Extension
[    23.942] (II) Initializing extension SHAPE
[    23.942] (II) Initializing extension MIT-SHM
[    23.942] (II) Initializing extension XInputExtension
[    23.943] (II) Initializing extension XTEST
[    23.943] (II) Initializing extension BIG-REQUESTS
[    23.943] (II) Initializing extension SYNC
[    23.943] (II) Initializing extension XKEYBOARD
[    23.943] (II) Initializing extension XC-MISC
[    23.943] (II) Initializing extension SECURITY
[    23.943] (II) Initializing extension XFIXES
[    23.943] (II) Initializing extension RENDER
[    23.943] (II) Initializing extension RANDR
[    23.943] (II) Initializing extension COMPOSITE
[    23.943] (II) Initializing extension DAMAGE
[    23.943] (II) Initializing extension MIT-SCREEN-SAVER
[    23.943] (II) Initializing extension DOUBLE-BUFFER
[    23.943] (II) Initializing extension RECORD
[    23.944] (II) Initializing extension DPMS
[    23.944] (II) Initializing extension Present
[    23.944] (II) Initializing extension DRI3
[    23.944] (II) Initializing extension X-Resource
[    23.944] (II) Initializing extension XVideo
[    23.944] (II) Initializing extension XVideo-MotionCompensation
[    23.944] (II) Initializing extension SELinux
[    23.944] (II) SELinux: Disabled on system
[    23.944] (II) Initializing extension GLX
[    23.948] (II) AIGLX: Loaded and initialized iris
[    23.948] (II) GLX: Initialized DRI2 GL provider for screen 0
[    23.948] (II) Initializing extension XFree86-VidModeExtension
[    23.948] (II) Initializing extension XFree86-DGA
[    23.948] (II) Initializing extension XFree86-DRI
[    23.948] (II) Initializing extension DRI2
[    23.949] (II) modeset(0): Damage tracking initialized
[    23.949] (II) modeset(0): Setting screen physical size to 381 x 238
[    23.970] (II) config/udev: Adding input device Power Button (/dev/input/event2)
[    23.970] (**) Power Button: Applying InputClass "libinput keyboard catchall"
[    23.970] (II) LoadModule: "libinput"
[    23.970] (II) Loading /usr/lib/xorg/modules/input/libinput_drv.so
[    23.971] (II) Module libinput: vendor="X.Org Foundation"
[    23.971] 	compiled for 1.20.4, module version = 0.29.0
[    23.972] 	Module class: X.Org XInput Driver
[    23.972] 	ABI class: X.Org XInput driver, version 24.1
[    23.972] (II) Using input driver 'libinput' for 'Power Button'
[    23.972] (II) systemd-logind: got fd for /dev/input/event2 13:66 fd 26 paused 0
[    23.972] (**) Power Button: always reports core events
[    23.972] (**) Option "Device" "/dev/input/event2"
[    23.973] (**) Option "_source" "server/udev"
[    23.974] (II) event2  - Power Button: is tagged by udev as: Keyboard
[    23.974] (II) event2  - Power Button: device is a keyboard
[    23.974] (II) event2  - Power Button: device removed
[    23.974] (**) Option "config_info" "udev:/sys/devices/LNXSYSTM:00/LNXPWRBN:00/input/input2/event2"
[    23.974] (II) XINPUT: Adding extended input device "Power Button" (type: KEYBOARD, id 6)
[    23.974] (**) Option "xkb_model" "pc105"
[    23.974] (**) Option "xkb_layout" "us"
[    23.974] (II) event2  - Power Button: is tagged by udev as: Keyboard
[    23.974] (II) event2  - Power Button: device is a keyboard
[    23.975] (II) config/udev: Adding input device Video Bus (/dev/input/event5)
[    23.975] (**) Video Bus: Applying InputClass "libinput keyboard catchall"
[    23.975] (II) Using input driver 'libinput' for 'Video Bus'
[    23.976] (II) systemd-logind: got fd for /dev/input/event5 13:69 fd 29 paused 0
[    23.976] (**) Video Bus: always reports core events
[    23.976] (**) Option "Device" "/dev/input/event5"
[    23.976] (**) Option "_source" "server/udev"
[    23.976] (II) event5  - Video Bus: is tagged by udev as: Keyboard
[    23.976] (II) event5  - Video Bus: device is a keyboard
[    23.976] (II) event5  - Video Bus: device removed
[    23.976] (**) Option "config_info" "udev:/sys/devices/LNXSYSTM:00/LNXSYBUS:00/PNP0A08:00/LNXVIDEO:00/input/input5/event5"
[    23.976] (II) XINPUT: Adding extended input device "Video Bus" (type: KEYBOARD, id 7)
[    23.976] (**) Option "xkb_model" "pc105"
[    23.976] (**) Option "xkb_layout" "us"
[    23.977] (II) event5  - Video Bus: is tagged by udev as: Keyboard
[    23.977] (II) event5  - Video Bus: device is a keyboard
[    23.977] (II) config/udev: Adding input device Power Button (/dev/input/event1)
[    23.977] (**) Power Button: Applying InputClass "libinput keyboard catchall"
[    23.978] (II) Using input driver 'libinput' for 'Power Button'
[    23.978] (II) systemd-logind: got fd for /dev/input/event1 13:65 fd 30 paused 0
[    23.979] (**) Power Button: always reports core events
[    23.979] (**) Option "Device" "/dev/input/event1"
[    23.979] (**) Option "_source" "server/udev"
[    23.979] (II) event1  - Power Button: is tagged by udev as: Keyboard
[    23.979] (II) event1  - Power Button: device is a keyboard
[    23.979] (II) event1  - Power Button: device removed
[    23.980] (**) Option "config_info" "udev:/sys/devices/LNXSYSTM:00/LNXSYBUS:00/PNP0C0C:00/input/input1/event1"
[    23.980] (II) XINPUT: Adding extended input device "Power Button" (type: KEYBOARD, id 8)
[    23.980] (**) Option "xkb_model" "pc105"
[    23.980] (**) Option "xkb_layout" "us"
[    23.980] (II) event1  - Power Button: is tagged by udev as: Keyboard
[    23.981] (II) event1  - Power Button: device is a keyboard
[    23.981] (II) config/udev: Adding input device Sleep Button (/dev/input/event0)
[    23.981] (**) Sleep Button: Applying InputClass "libinput keyboard catchall"
[    23.981] (II) Using input driver 'libinput' for 'Sleep Button'
[    23.982] (II) systemd-logind: got fd for /dev/input/event0 13:64 fd 31 paused 0
[    23.982] (**) Sleep Button: always reports core events
[    23.982] (**) Option "Device" "/dev/input/event0"
[    23.982] (**) Option "_source" "server/udev"
[    23.982] (II) event0  - Sleep Button: is tagged by udev as: Keyboard
[    23.982] (II) event0  - Sleep Button: device is a keyboard
[    23.983] (II) event0  - Sleep Button: device removed
[    23.983] (**) Option "config_info" "udev:/sys/devices/LNXSYSTM:00/LNXSYBUS:00/PNP0C0E:00/input/input0/event0"
[    23.983] (II) XINPUT: Adding extended input device "Sleep Button" (type: KEYBOARD, id 9)
[    23.983] (**) Option "xkb_model" "pc105"
[    23.983] (**) Option "xkb_layout" "us"
[    23.984] (II) event0  - Sleep Button: is tagged by udev as: Keyboard
[    23.984] (II) event0  - Sleep Button: device is a keyboard
[    23.984] (II) config/udev: Adding input device PixArt Lenovo USB Optical Mouse (/dev/input/event3)
[    23.984] (**) PixArt Lenovo USB Optical Mouse: Applying InputClass "libinput pointer catchall"
[    23.985] (II) Using input driver 'libinput' for 'PixArt Lenovo USB Optical Mouse'
[    23.985] (II) systemd-logind: got fd for /dev/input/event3 13:67 fd 32 paused 0
[    23.985] (**) PixArt Lenovo USB Optical Mouse: always reports core events
[    23.985] (**) Option "Device" "/dev/input/event3"
[    23.985] (**) Option "_source" "server/udev"
[    23.986] (II) event3  - PixArt Lenovo USB Optical Mouse: is tagged by udev as: Mouse
[    23.986] (II) event3  - PixArt Lenovo USB Optical Mouse: device is a pointer
[    23.986] (II) event3  - PixArt Lenovo USB Optical Mouse: device removed
[    23.986] (**) Option "config_info" "udev:/sys/devices/pci0000:00/0000:00:14.0/usb1/1-1/1-1:1.0/0003:17EF:608D.0001/input/input3/event3"
[    23.986] (II) XINPUT: Adding extended input device "PixArt Lenovo USB Optical Mouse" (type: MOUSE, id 10)
[    23.986] (**) Option "AccelerationScheme" "none"
[    23.986] (**) PixArt Lenovo USB Optical Mouse: (accel) selected scheme none/0
[    23.986] (**) PixArt Lenovo USB Optical Mouse: (accel) acceleration factor: 2.000
[    23.986] (**) PixArt Lenovo USB Optical Mouse: (accel) acceleration threshold: 4
[    23.987] (II) event3  - PixArt Lenovo USB Optical Mouse: is tagged by udev as: Mouse
[    23.987] (II) event3  - PixArt Lenovo USB Optical Mouse: device is a pointer
[    23.988] (II) config/udev: Adding input device PixArt Lenovo USB Optical Mouse (/dev/input/mouse0)
[    23.988] (II) No input driver specified, ignoring this device.
[    23.988] (II) This device may have been added with another device file.
[    23.988] (II) config/udev: Adding input device Primax Lenovo Traditional USB Keyboard (/dev/input/event4)
[    23.988] (**) Primax Lenovo Traditional USB Keyboard: Applying InputClass "libinput keyboard catchall"
[    23.988] (II) Using input driver 'libinput' for 'Primax Lenovo Traditional USB Keyboard'
[    23.989] (II) systemd-logind: got fd for /dev/input/event4 13:68 fd 33 paused 0
[    23.989] (**) Primax Lenovo Traditional USB Keyboard: always reports core events
[    23.989] (**) Option "Device" "/dev/input/event4"
[    23.989] (**) Option "_source" "server/udev"
[    23.989] (II) event4  - Primax Lenovo Traditional USB Keyboard: is tagged by udev as: Keyboard
[    23.989] (II) event4  - Primax Lenovo Traditional USB Keyboard: device is a keyboard
[    23.990] (II) event4  - Primax Lenovo Traditional USB Keyboard: device removed
[    23.990] (**) Option "config_info" "udev:/sys/devices/pci0000:00/0000:00:14.0/usb1/1-3/1-3:1.0/0003:17EF:6099.0002/input/input4/event4"
[    23.990] (II) XINPUT: Adding extended input device "Primax Lenovo Traditional USB Keyboard" (type: KEYBOARD, id 11)
[    23.990] (**) Option "xkb_model" "pc105"
[    23.990] (**) Option "xkb_layout" "us"
[    23.990] (II) event4  - Primax Lenovo Traditional USB Keyboard: is tagged by udev as: Keyboard
[    23.991] (II) event4  - Primax Lenovo Traditional USB Keyboard: device is a keyboard
[    23.991] (II) config/udev: Adding input device sof-hda-dsp HDMI/DP,pcm=3 (/dev/input/event10)
[    23.991] (II) No input driver specified, ignoring this device.
[    23.991] (II) This device may have been added with another device file.
[    23.991] (II) config/udev: Adding input device sof-hda-dsp HDMI/DP,pcm=4 (/dev/input/event11)
[    23.991] (II) No input driver specified, ignoring this device.
[    23.991] (II) This device may have been added with another device file.
[    23.991] (II) config/udev: Adding input device sof-hda-dsp HDMI/DP,pcm=5 (/dev/input/event12)
[    23.991] (II) No input driver specified, ignoring this device.
[    23.991] (II) This device may have been added with another device file.
[    23.992] (II) config/udev: Adding input device sof-hda-dsp Mic (/dev/input/event6)
[    23.992] (II) No input driver specified, ignoring this device.
[    23.992] (II) This device may have been added with another device file.
[    23.992] (II) config/udev: Adding input device sof-hda-dsp Front Mic (/dev/input/event7)
[    23.992] (II) No input driver specified, ignoring this device.
[    23.992] (II) This device may have been added with another device file.
[    23.992] (II) config/udev: Adding input device sof-hda-dsp Line Out (/dev/input/event8)
[    23.992] (II) No input driver specified, ignoring this device.
[    23.992] (II) This device may have been added with another device file.
[    23.992] (II) config/udev: Adding input device sof-hda-dsp Front Headphone (/dev/input/event9)
[    23.992] (II) No input driver specified, ignoring this device.
[    23.992] (II) This device may have been added with another device file.
[    24.408] (II) modeset(0): EDID vendor "LEN", prod id 24799
[    24.408] (II) modeset(0): Using EDID range info for horizontal sync
[    24.408] (II) modeset(0): Using EDID range info for vertical refresh
[    24.408] (II) modeset(0): Printing DDC gathered Modelines:
[    24.409] (II) modeset(0): Modeline "1440x900"x0.0  106.50  1440 1520 1672 1904  900 903 909 934 -hsync +vsync (55.9 kHz eP)
[    24.409] (II) modeset(0): Modeline "800x600"x0.0   40.00  800 840 968 1056  600 601 605 628 +hsync +vsync (37.9 kHz e)
[    24.409] (II) modeset(0): Modeline "800x600"x0.0   36.00  800 824 896 1024  600 601 603 625 +hsync +vsync (35.2 kHz e)
[    24.409] (II) modeset(0): Modeline "640x480"x0.0   31.50  640 656 720 840  480 481 484 500 -hsync -vsync (37.5 kHz e)
[    24.409] (II) modeset(0): Modeline "640x480"x0.0   31.50  640 664 704 832  480 489 492 520 -hsync -vsync (37.9 kHz e)
[    24.409] (II) modeset(0): Modeline "640x480"x0.0   25.18  640 656 752 800  480 490 492 525 -hsync -vsync (31.5 kHz e)
[    24.409] (II) modeset(0): Modeline "720x400"x0.0   28.32  720 738 846 900  400 412 414 449 -hsync +vsync (31.5 kHz e)
[    24.409] (II) modeset(0): Modeline "1280x1024"x0.0  135.00  1280 1296 1440 1688  1024 1025 1028 1066 +hsync +vsync (80.0 kHz e)
[    24.409] (II) modeset(0): Modeline "1024x768"x0.0   78.75  1024 1040 1136 1312  768 769 772 800 +hsync +vsync (60.0 kHz e)
[    24.409] (II) modeset(0): Modeline "1024x768"x0.0   75.00  1024 1048 1184 1328  768 771 777 806 -hsync -vsync (56.5 kHz e)
[    24.409] (II) modeset(0): Modeline "1024x768"x0.0   65.00  1024 1048 1184 1344  768 771 777 806 -hsync -vsync (48.4 kHz e)
[    24.409] (II) modeset(0): Modeline "832x624"x0.0   57.28  832 864 928 1152  624 625 628 667 -hsync -vsync (49.7 kHz e)
[    24.409] (II) modeset(0): Modeline "800x600"x0.0   49.50  800 816 896 1056  600 601 604 625 +hsync +vsync (46.9 kHz e)
[    24.409] (II) modeset(0): Modeline "800x600"x0.0   50.00  800 856 976 1040  600 637 643 666 +hsync +vsync (48.1 kHz e)
[    24.409] (II) modeset(0): Modeline "1152x864"x0.0  108.00  1152 1216 1344 1600  864 865 868 900 +hsync +vsync (67.5 kHz e)
[    24.409] (II) modeset(0): Modeline "1280x1024"x0.0  108.00  1280 1328 1440 1688  1024 1025 1028 1066 +hsync +vsync (64.0 kHz e)
[    24.409] (II) modeset(0): Modeline "1280x1024"x70.0  128.94  1280 1368 1504 1728  1024 1025 1028 1066 -hsync +vsync (74.6 kHz e)
[    24.409] (II) modeset(0): Modeline "1280x800"x0.0   83.50  1280 1352 1480 1680  800 803 809 831 -hsync +vsync (49.7 kHz e)
[    24.409] (II) modeset(0): Modeline "1440x900"x0.0  136.75  1440 1536 1688 1936  900 903 909 942 -hsync +vsync (70.6 kHz e)
[    25.170] (II) modeset(0): EDID vendor "LEN", prod id 24799
[    25.170] (II) modeset(0): Using hsync ranges from config file
[    25.170] (II) modeset(0): Using vrefresh ranges from config file
[    25.170] (II) modeset(0): Printing DDC gathered Modelines:
[    25.170] (II) modeset(0): Modeline "1440x900"x0.0  106.50  1440 1520 1672 1904  900 903 909 934 -hsync +vsync (55.9 kHz eP)
[    25.170] (II) modeset(0): Modeline "800x600"x0.0   40.00  800 840 968 1056  600 601 605 628 +hsync +vsync (37.9 kHz e)
[    25.170] (II) modeset(0): Modeline "800x600"x0.0   36.00  800 824 896 1024  600 601 603 625 +hsync +vsync (35.2 kHz e)
[    25.170] (II) modeset(0): Modeline "640x480"x0.0   31.50  640 656 720 840  480 481 484 500 -hsync -vsync (37.5 kHz e)
[    25.170] (II) modeset(0): Modeline "640x480"x0.0   31.50  640 664 704 832  480 489 492 520 -hsync -vsync (37.9 kHz e)
[    25.170] (II) modeset(0): Modeline "640x480"x0.0   25.18  640 656 752 800  480 490 492 525 -hsync -vsync (31.5 kHz e)
[    25.170] (II) modeset(0): Modeline "720x400"x0.0   28.32  720 738 846 900  400 412 414 449 -hsync +vsync (31.5 kHz e)
[    25.170] (II) modeset(0): Modeline "1280x1024"x0.0  135.00  1280 1296 1440 1688  1024 1025 1028 1066 +hsync +vsync (80.0 kHz e)
[    25.170] (II) modeset(0): Modeline "1024x768"x0.0   78.75  1024 1040 1136 1312  768 769 772 800 +hsync +vsync (60.0 kHz e)
[    25.170] (II) modeset(0): Modeline "1024x768"x0.0   75.00  1024 1048 1184 1328  768 771 777 806 -hsync -vsync (56.5 kHz e)
[    25.170] (II) modeset(0): Modeline "1024x768"x0.0   65.00  1024 1048 1184 1344  768 771 777 806 -hsync -vsync (48.4 kHz e)
[    25.170] (II) modeset(0): Modeline "832x624"x0.0   57.28  832 864 928 1152  624 625 628 667 -hsync -vsync (49.7 kHz e)
[    25.170] (II) modeset(0): Modeline "800x600"x0.0   49.50  800 816 896 1056  600 601 604 625 +hsync +vsync (46.9 kHz e)
[    25.170] (II) modeset(0): Modeline "800x600"x0.0   50.00  800 856 976 1040  600 637 643 666 +hsync +vsync (48.1 kHz e)
[    25.170] (II) modeset(0): Modeline "1152x864"x0.0  108.00  1152 1216 1344 1600  864 865 868 900 +hsync +vsync (67.5 kHz e)
[    25.170] (II) modeset(0): Modeline "1280x1024"x0.0  108.00  1280 1328 1440 1688  1024 1025 1028 1066 +hsync +vsync (64.0 kHz e)
[    25.170] (II) modeset(0): Modeline "1280x1024"x70.0  128.94  1280 1368 1504 1728  1024 1025 1028 1066 -hsync +vsync (74.6 kHz e)
[    25.170] (II) modeset(0): Modeline "1280x800"x0.0   83.50  1280 1352 1480 1680  800 803 809 831 -hsync +vsync (49.7 kHz e)
[    25.170] (II) modeset(0): Modeline "1440x900"x0.0  136.75  1440 1536 1688 1936  900 903 909 942 -hsync +vsync (70.6 kHz e)
