2024-12-28 11:25:53.118 [info] Started local extension host with pid 5291.
2024-12-28 11:25:56.878 [info] [perf] Render performance baseline is 58ms
2024-12-28 11:26:11.052 [error] Unable to read file '/home/ise/Documents/akhila4/cs108/p6.html' (Error: File not modified since): Error: Unable to read file '/home/ise/Documents/akhila4/cs108/p6.html' (Error: File not modified since)
    at r.F (vscode-file://vscode-app/usr/share/code/resources/app/out/vs/workbench/workbench.desktop.main.js:673:19341)
    at r.D (vscode-file://vscode-app/usr/share/code/resources/app/out/vs/workbench/workbench.desktop.main.js:673:19227)
    at async p.M (vscode-file://vscode-app/usr/share/code/resources/app/out/vs/workbench/workbench.desktop.main.js:2466:35620)
    at async p.readStream (vscode-file://vscode-app/usr/share/code/resources/app/out/vs/workbench/workbench.desktop.main.js:2466:35377)
    at async P.Db (vscode-file://vscode-app/usr/share/code/resources/app/out/vs/workbench/workbench.desktop.main.js:2455:12240)
    at async P.resolve (vscode-file://vscode-app/usr/share/code/resources/app/out/vs/workbench/workbench.desktop.main.js:2455:10652)
    at async vscode-file://vscode-app/usr/share/code/resources/app/out/vs/workbench/workbench.desktop.main.js:2466:31399
2024-12-28 11:26:13.680 [error] Unable to read file '/home/ise/Documents/akhila4/cs108/p5.html' (Error: File not modified since): Error: Unable to read file '/home/ise/Documents/akhila4/cs108/p5.html' (Error: File not modified since)
    at r.F (vscode-file://vscode-app/usr/share/code/resources/app/out/vs/workbench/workbench.desktop.main.js:673:19341)
    at r.D (vscode-file://vscode-app/usr/share/code/resources/app/out/vs/workbench/workbench.desktop.main.js:673:19227)
    at async p.M (vscode-file://vscode-app/usr/share/code/resources/app/out/vs/workbench/workbench.desktop.main.js:2466:35620)
    at async p.readStream (vscode-file://vscode-app/usr/share/code/resources/app/out/vs/workbench/workbench.desktop.main.js:2466:35377)
    at async P.Db (vscode-file://vscode-app/usr/share/code/resources/app/out/vs/workbench/workbench.desktop.main.js:2455:12240)
    at async P.resolve (vscode-file://vscode-app/usr/share/code/resources/app/out/vs/workbench/workbench.desktop.main.js:2455:10652)
    at async vscode-file://vscode-app/usr/share/code/resources/app/out/vs/workbench/workbench.desktop.main.js:2466:31399
2024-12-28 11:29:21.068 [error] [Extension Host] Tried to open a non-file URI with file opener
2024-12-28 12:09:30.193 [error] [Extension Host] Tried to open a non-file URI with file opener
2024-12-28 12:13:00.687 [error] [Extension Host] Tried to open a non-file URI with file opener
2024-12-28 12:13:42.301 [error] [Extension Host] Tried to open a non-file URI with file opener
2024-12-28 12:14:13.699 [error] [Extension Host] grep: warning: /usr/bin/X11: recursive directory loop
2024-12-28 12:14:13.862 [error] [Extension Host] grep: warning: /usr/bin/X11: recursive directory loop
