2024-12-07 11:08:50.847 [info] Started local extension host with pid 5582.
2024-12-07 11:08:54.276 [info] [perf] Render performance baseline is 26ms
2024-12-07 11:26:25.444 [error] Unable to find matching pair for < at char 168: Error: Unable to find matching pair for < at char 168
	at r.error (/usr/share/code/resources/app/extensions/emmet/dist/node/emmetNodeMain.js:1:22533)
	at d (/usr/share/code/resources/app/extensions/emmet/dist/node/emmetNodeMain.js:1:21763)
	at u (/usr/share/code/resources/app/extensions/emmet/dist/node/emmetNodeMain.js:1:14745)
	at d (/usr/share/code/resources/app/extensions/emmet/dist/node/emmetNodeMain.js:1:14879)
	at /usr/share/code/resources/app/extensions/emmet/dist/node/emmetNodeMain.js:1:15491
	at v (/usr/share/code/resources/app/extensions/emmet/dist/node/emmetNodeMain.js:1:15597)
	at j (/usr/share/code/resources/app/extensions/emmet/dist/node/emmetNodeMain.js:1:16543)
	at P (/usr/share/code/resources/app/extensions/emmet/dist/node/emmetNodeMain.js:1:16953)
	at t.getRootNode (/usr/share/code/resources/app/extensions/emmet/dist/node/emmetNodeMain.js:1:145560)
	at t.DefaultCompletionItemProvider.provideCompletionItemsInternal (/usr/share/code/resources/app/extensions/emmet/dist/node/emmetNodeMain.js:1:131101)
	at t.DefaultCompletionItemProvider.provideCompletionItems (/usr/share/code/resources/app/extensions/emmet/dist/node/emmetNodeMain.js:1:129879)
	at me.provideCompletionItems (/usr/share/code/resources/app/out/vs/workbench/api/node/extensionHostProcess.js:161:118602)
	at /usr/share/code/resources/app/out/vs/workbench/api/node/extensionHostProcess.js:161:145130
	at We.s (/usr/share/code/resources/app/out/vs/workbench/api/node/extensionHostProcess.js:161:136041)
	at We.$provideCompletionItems (/usr/share/code/resources/app/out/vs/workbench/api/node/extensionHostProcess.js:161:145116)
	at y.S (/usr/share/code/resources/app/out/vs/workbench/api/node/extensionHostProcess.js:158:5968)
	at y.Q (/usr/share/code/resources/app/out/vs/workbench/api/node/extensionHostProcess.js:158:5734)
	at y.M (/usr/share/code/resources/app/out/vs/workbench/api/node/extensionHostProcess.js:158:4729)
	at y.L (/usr/share/code/resources/app/out/vs/workbench/api/node/extensionHostProcess.js:158:3602)
	at i.value (/usr/share/code/resources/app/out/vs/workbench/api/node/extensionHostProcess.js:158:2297)
	at r.B (/usr/share/code/resources/app/out/vs/workbench/api/node/extensionHostProcess.js:90:732)
	at r.fire (/usr/share/code/resources/app/out/vs/workbench/api/node/extensionHostProcess.js:90:949)
	at a.fire (/usr/share/code/resources/app/out/vs/workbench/api/node/extensionHostProcess.js:115:14463)
	at i.value (/usr/share/code/resources/app/out/vs/workbench/api/node/extensionHostProcess.js:184:8635)
	at r.B (/usr/share/code/resources/app/out/vs/workbench/api/node/extensionHostProcess.js:90:732)
	at r.fire (/usr/share/code/resources/app/out/vs/workbench/api/node/extensionHostProcess.js:90:949)
	at a.fire (/usr/share/code/resources/app/out/vs/workbench/api/node/extensionHostProcess.js:115:14463)
	at MessagePortMain.<anonymous> (/usr/share/code/resources/app/out/vs/workbench/api/node/extensionHostProcess.js:184:6761)
	at MessagePortMain.emit (node:events:519:28)
	at MessagePortMain._internalPort.emit (node:electron/js2c/utility_init:2:2619)
2024-12-07 11:26:26.996 [error] Unable to find matching pair for < at char 168: Error: Unable to find matching pair for < at char 168
	at r.error (/usr/share/code/resources/app/extensions/emmet/dist/node/emmetNodeMain.js:1:22533)
	at d (/usr/share/code/resources/app/extensions/emmet/dist/node/emmetNodeMain.js:1:21763)
	at u (/usr/share/code/resources/app/extensions/emmet/dist/node/emmetNodeMain.js:1:14745)
	at d (/usr/share/code/resources/app/extensions/emmet/dist/node/emmetNodeMain.js:1:14879)
	at /usr/share/code/resources/app/extensions/emmet/dist/node/emmetNodeMain.js:1:15491
	at v (/usr/share/code/resources/app/extensions/emmet/dist/node/emmetNodeMain.js:1:15597)
	at j (/usr/share/code/resources/app/extensions/emmet/dist/node/emmetNodeMain.js:1:16543)
	at P (/usr/share/code/resources/app/extensions/emmet/dist/node/emmetNodeMain.js:1:16953)
	at t.getRootNode (/usr/share/code/resources/app/extensions/emmet/dist/node/emmetNodeMain.js:1:145560)
	at t.DefaultCompletionItemProvider.provideCompletionItemsInternal (/usr/share/code/resources/app/extensions/emmet/dist/node/emmetNodeMain.js:1:131101)
	at t.DefaultCompletionItemProvider.provideCompletionItems (/usr/share/code/resources/app/extensions/emmet/dist/node/emmetNodeMain.js:1:129879)
	at me.provideCompletionItems (/usr/share/code/resources/app/out/vs/workbench/api/node/extensionHostProcess.js:161:118602)
	at /usr/share/code/resources/app/out/vs/workbench/api/node/extensionHostProcess.js:161:145130
	at We.s (/usr/share/code/resources/app/out/vs/workbench/api/node/extensionHostProcess.js:161:136041)
	at We.$provideCompletionItems (/usr/share/code/resources/app/out/vs/workbench/api/node/extensionHostProcess.js:161:145116)
	at y.S (/usr/share/code/resources/app/out/vs/workbench/api/node/extensionHostProcess.js:158:5968)
	at y.Q (/usr/share/code/resources/app/out/vs/workbench/api/node/extensionHostProcess.js:158:5734)
	at y.M (/usr/share/code/resources/app/out/vs/workbench/api/node/extensionHostProcess.js:158:4729)
	at y.L (/usr/share/code/resources/app/out/vs/workbench/api/node/extensionHostProcess.js:158:3602)
	at i.value (/usr/share/code/resources/app/out/vs/workbench/api/node/extensionHostProcess.js:158:2297)
	at r.B (/usr/share/code/resources/app/out/vs/workbench/api/node/extensionHostProcess.js:90:732)
	at r.fire (/usr/share/code/resources/app/out/vs/workbench/api/node/extensionHostProcess.js:90:949)
	at a.fire (/usr/share/code/resources/app/out/vs/workbench/api/node/extensionHostProcess.js:115:14463)
	at i.value (/usr/share/code/resources/app/out/vs/workbench/api/node/extensionHostProcess.js:184:8635)
	at r.B (/usr/share/code/resources/app/out/vs/workbench/api/node/extensionHostProcess.js:90:732)
	at r.fire (/usr/share/code/resources/app/out/vs/workbench/api/node/extensionHostProcess.js:90:949)
	at a.fire (/usr/share/code/resources/app/out/vs/workbench/api/node/extensionHostProcess.js:115:14463)
	at MessagePortMain.<anonymous> (/usr/share/code/resources/app/out/vs/workbench/api/node/extensionHostProcess.js:184:6761)
	at MessagePortMain.emit (node:events:519:28)
	at MessagePortMain._internalPort.emit (node:electron/js2c/utility_init:2:2619)
2024-12-07 11:26:28.939 [error] Unable to find matching pair for < at char 168: Error: Unable to find matching pair for < at char 168
	at r.error (/usr/share/code/resources/app/extensions/emmet/dist/node/emmetNodeMain.js:1:22533)
	at d (/usr/share/code/resources/app/extensions/emmet/dist/node/emmetNodeMain.js:1:21763)
	at u (/usr/share/code/resources/app/extensions/emmet/dist/node/emmetNodeMain.js:1:14745)
	at d (/usr/share/code/resources/app/extensions/emmet/dist/node/emmetNodeMain.js:1:14879)
	at /usr/share/code/resources/app/extensions/emmet/dist/node/emmetNodeMain.js:1:15491
	at v (/usr/share/code/resources/app/extensions/emmet/dist/node/emmetNodeMain.js:1:15597)
	at j (/usr/share/code/resources/app/extensions/emmet/dist/node/emmetNodeMain.js:1:16543)
	at P (/usr/share/code/resources/app/extensions/emmet/dist/node/emmetNodeMain.js:1:16953)
	at t.getRootNode (/usr/share/code/resources/app/extensions/emmet/dist/node/emmetNodeMain.js:1:145560)
	at t.DefaultCompletionItemProvider.provideCompletionItemsInternal (/usr/share/code/resources/app/extensions/emmet/dist/node/emmetNodeMain.js:1:131101)
	at t.DefaultCompletionItemProvider.provideCompletionItems (/usr/share/code/resources/app/extensions/emmet/dist/node/emmetNodeMain.js:1:129879)
	at me.provideCompletionItems (/usr/share/code/resources/app/out/vs/workbench/api/node/extensionHostProcess.js:161:118602)
	at /usr/share/code/resources/app/out/vs/workbench/api/node/extensionHostProcess.js:161:145130
	at We.s (/usr/share/code/resources/app/out/vs/workbench/api/node/extensionHostProcess.js:161:136041)
	at We.$provideCompletionItems (/usr/share/code/resources/app/out/vs/workbench/api/node/extensionHostProcess.js:161:145116)
	at y.S (/usr/share/code/resources/app/out/vs/workbench/api/node/extensionHostProcess.js:158:5968)
	at y.Q (/usr/share/code/resources/app/out/vs/workbench/api/node/extensionHostProcess.js:158:5734)
	at y.M (/usr/share/code/resources/app/out/vs/workbench/api/node/extensionHostProcess.js:158:4729)
	at y.L (/usr/share/code/resources/app/out/vs/workbench/api/node/extensionHostProcess.js:158:3602)
	at i.value (/usr/share/code/resources/app/out/vs/workbench/api/node/extensionHostProcess.js:158:2297)
	at r.B (/usr/share/code/resources/app/out/vs/workbench/api/node/extensionHostProcess.js:90:732)
	at r.fire (/usr/share/code/resources/app/out/vs/workbench/api/node/extensionHostProcess.js:90:949)
	at a.fire (/usr/share/code/resources/app/out/vs/workbench/api/node/extensionHostProcess.js:115:14463)
	at i.value (/usr/share/code/resources/app/out/vs/workbench/api/node/extensionHostProcess.js:184:8635)
	at r.B (/usr/share/code/resources/app/out/vs/workbench/api/node/extensionHostProcess.js:90:732)
	at r.fire (/usr/share/code/resources/app/out/vs/workbench/api/node/extensionHostProcess.js:90:949)
	at a.fire (/usr/share/code/resources/app/out/vs/workbench/api/node/extensionHostProcess.js:115:14463)
	at MessagePortMain.<anonymous> (/usr/share/code/resources/app/out/vs/workbench/api/node/extensionHostProcess.js:184:6761)
	at MessagePortMain.emit (node:events:519:28)
	at MessagePortMain._internalPort.emit (node:electron/js2c/utility_init:2:2619)
2024-12-07 11:33:07.375 [error] Unable to find matching pair for < at char 142: Error: Unable to find matching pair for < at char 142
	at r.error (/usr/share/code/resources/app/extensions/emmet/dist/node/emmetNodeMain.js:1:22533)
	at d (/usr/share/code/resources/app/extensions/emmet/dist/node/emmetNodeMain.js:1:21763)
	at u (/usr/share/code/resources/app/extensions/emmet/dist/node/emmetNodeMain.js:1:14745)
	at d (/usr/share/code/resources/app/extensions/emmet/dist/node/emmetNodeMain.js:1:14879)
	at /usr/share/code/resources/app/extensions/emmet/dist/node/emmetNodeMain.js:1:15491
	at v (/usr/share/code/resources/app/extensions/emmet/dist/node/emmetNodeMain.js:1:15597)
	at j (/usr/share/code/resources/app/extensions/emmet/dist/node/emmetNodeMain.js:1:16543)
	at P (/usr/share/code/resources/app/extensions/emmet/dist/node/emmetNodeMain.js:1:16953)
	at t.getRootNode (/usr/share/code/resources/app/extensions/emmet/dist/node/emmetNodeMain.js:1:145560)
	at t.DefaultCompletionItemProvider.provideCompletionItemsInternal (/usr/share/code/resources/app/extensions/emmet/dist/node/emmetNodeMain.js:1:131101)
	at t.DefaultCompletionItemProvider.provideCompletionItems (/usr/share/code/resources/app/extensions/emmet/dist/node/emmetNodeMain.js:1:129879)
	at me.provideCompletionItems (/usr/share/code/resources/app/out/vs/workbench/api/node/extensionHostProcess.js:161:118602)
	at /usr/share/code/resources/app/out/vs/workbench/api/node/extensionHostProcess.js:161:145130
	at We.s (/usr/share/code/resources/app/out/vs/workbench/api/node/extensionHostProcess.js:161:136041)
	at We.$provideCompletionItems (/usr/share/code/resources/app/out/vs/workbench/api/node/extensionHostProcess.js:161:145116)
	at y.S (/usr/share/code/resources/app/out/vs/workbench/api/node/extensionHostProcess.js:158:5968)
	at y.Q (/usr/share/code/resources/app/out/vs/workbench/api/node/extensionHostProcess.js:158:5734)
	at y.M (/usr/share/code/resources/app/out/vs/workbench/api/node/extensionHostProcess.js:158:4729)
	at y.L (/usr/share/code/resources/app/out/vs/workbench/api/node/extensionHostProcess.js:158:3602)
	at i.value (/usr/share/code/resources/app/out/vs/workbench/api/node/extensionHostProcess.js:158:2297)
	at r.B (/usr/share/code/resources/app/out/vs/workbench/api/node/extensionHostProcess.js:90:732)
	at r.fire (/usr/share/code/resources/app/out/vs/workbench/api/node/extensionHostProcess.js:90:949)
	at a.fire (/usr/share/code/resources/app/out/vs/workbench/api/node/extensionHostProcess.js:115:14463)
	at i.value (/usr/share/code/resources/app/out/vs/workbench/api/node/extensionHostProcess.js:184:8635)
	at r.B (/usr/share/code/resources/app/out/vs/workbench/api/node/extensionHostProcess.js:90:732)
	at r.fire (/usr/share/code/resources/app/out/vs/workbench/api/node/extensionHostProcess.js:90:949)
	at a.fire (/usr/share/code/resources/app/out/vs/workbench/api/node/extensionHostProcess.js:115:14463)
	at MessagePortMain.<anonymous> (/usr/share/code/resources/app/out/vs/workbench/api/node/extensionHostProcess.js:184:6761)
	at MessagePortMain.emit (node:events:519:28)
	at MessagePortMain._internalPort.emit (node:electron/js2c/utility_init:2:2619)
2024-12-07 11:33:08.446 [error] Unable to find matching pair for < at char 142: Error: Unable to find matching pair for < at char 142
	at r.error (/usr/share/code/resources/app/extensions/emmet/dist/node/emmetNodeMain.js:1:22533)
	at d (/usr/share/code/resources/app/extensions/emmet/dist/node/emmetNodeMain.js:1:21763)
	at u (/usr/share/code/resources/app/extensions/emmet/dist/node/emmetNodeMain.js:1:14745)
	at d (/usr/share/code/resources/app/extensions/emmet/dist/node/emmetNodeMain.js:1:14879)
	at /usr/share/code/resources/app/extensions/emmet/dist/node/emmetNodeMain.js:1:15491
	at v (/usr/share/code/resources/app/extensions/emmet/dist/node/emmetNodeMain.js:1:15597)
	at j (/usr/share/code/resources/app/extensions/emmet/dist/node/emmetNodeMain.js:1:16543)
	at P (/usr/share/code/resources/app/extensions/emmet/dist/node/emmetNodeMain.js:1:16953)
	at t.getRootNode (/usr/share/code/resources/app/extensions/emmet/dist/node/emmetNodeMain.js:1:145560)
	at t.DefaultCompletionItemProvider.provideCompletionItemsInternal (/usr/share/code/resources/app/extensions/emmet/dist/node/emmetNodeMain.js:1:131101)
	at t.DefaultCompletionItemProvider.provideCompletionItems (/usr/share/code/resources/app/extensions/emmet/dist/node/emmetNodeMain.js:1:129879)
	at me.provideCompletionItems (/usr/share/code/resources/app/out/vs/workbench/api/node/extensionHostProcess.js:161:118602)
	at /usr/share/code/resources/app/out/vs/workbench/api/node/extensionHostProcess.js:161:145130
	at We.s (/usr/share/code/resources/app/out/vs/workbench/api/node/extensionHostProcess.js:161:136041)
	at We.$provideCompletionItems (/usr/share/code/resources/app/out/vs/workbench/api/node/extensionHostProcess.js:161:145116)
	at y.S (/usr/share/code/resources/app/out/vs/workbench/api/node/extensionHostProcess.js:158:5968)
	at y.Q (/usr/share/code/resources/app/out/vs/workbench/api/node/extensionHostProcess.js:158:5734)
	at y.M (/usr/share/code/resources/app/out/vs/workbench/api/node/extensionHostProcess.js:158:4729)
	at y.L (/usr/share/code/resources/app/out/vs/workbench/api/node/extensionHostProcess.js:158:3602)
	at i.value (/usr/share/code/resources/app/out/vs/workbench/api/node/extensionHostProcess.js:158:2297)
	at r.B (/usr/share/code/resources/app/out/vs/workbench/api/node/extensionHostProcess.js:90:732)
	at r.fire (/usr/share/code/resources/app/out/vs/workbench/api/node/extensionHostProcess.js:90:949)
	at a.fire (/usr/share/code/resources/app/out/vs/workbench/api/node/extensionHostProcess.js:115:14463)
	at i.value (/usr/share/code/resources/app/out/vs/workbench/api/node/extensionHostProcess.js:184:8635)
	at r.B (/usr/share/code/resources/app/out/vs/workbench/api/node/extensionHostProcess.js:90:732)
	at r.fire (/usr/share/code/resources/app/out/vs/workbench/api/node/extensionHostProcess.js:90:949)
	at a.fire (/usr/share/code/resources/app/out/vs/workbench/api/node/extensionHostProcess.js:115:14463)
	at MessagePortMain.<anonymous> (/usr/share/code/resources/app/out/vs/workbench/api/node/extensionHostProcess.js:184:6761)
	at MessagePortMain.emit (node:events:519:28)
	at MessagePortMain._internalPort.emit (node:electron/js2c/utility_init:2:2619)
2024-12-07 11:33:13.840 [error] Unable to find matching pair for < at char 142: Error: Unable to find matching pair for < at char 142
	at r.error (/usr/share/code/resources/app/extensions/emmet/dist/node/emmetNodeMain.js:1:22533)
	at d (/usr/share/code/resources/app/extensions/emmet/dist/node/emmetNodeMain.js:1:21763)
	at u (/usr/share/code/resources/app/extensions/emmet/dist/node/emmetNodeMain.js:1:14745)
	at d (/usr/share/code/resources/app/extensions/emmet/dist/node/emmetNodeMain.js:1:14879)
	at /usr/share/code/resources/app/extensions/emmet/dist/node/emmetNodeMain.js:1:15491
	at v (/usr/share/code/resources/app/extensions/emmet/dist/node/emmetNodeMain.js:1:15597)
	at j (/usr/share/code/resources/app/extensions/emmet/dist/node/emmetNodeMain.js:1:16543)
	at P (/usr/share/code/resources/app/extensions/emmet/dist/node/emmetNodeMain.js:1:16953)
	at t.getRootNode (/usr/share/code/resources/app/extensions/emmet/dist/node/emmetNodeMain.js:1:145560)
	at t.DefaultCompletionItemProvider.provideCompletionItemsInternal (/usr/share/code/resources/app/extensions/emmet/dist/node/emmetNodeMain.js:1:131101)
	at t.DefaultCompletionItemProvider.provideCompletionItems (/usr/share/code/resources/app/extensions/emmet/dist/node/emmetNodeMain.js:1:129879)
	at me.provideCompletionItems (/usr/share/code/resources/app/out/vs/workbench/api/node/extensionHostProcess.js:161:118602)
	at /usr/share/code/resources/app/out/vs/workbench/api/node/extensionHostProcess.js:161:145130
	at We.s (/usr/share/code/resources/app/out/vs/workbench/api/node/extensionHostProcess.js:161:136041)
	at We.$provideCompletionItems (/usr/share/code/resources/app/out/vs/workbench/api/node/extensionHostProcess.js:161:145116)
	at y.S (/usr/share/code/resources/app/out/vs/workbench/api/node/extensionHostProcess.js:158:5968)
	at y.Q (/usr/share/code/resources/app/out/vs/workbench/api/node/extensionHostProcess.js:158:5734)
	at y.M (/usr/share/code/resources/app/out/vs/workbench/api/node/extensionHostProcess.js:158:4729)
	at y.L (/usr/share/code/resources/app/out/vs/workbench/api/node/extensionHostProcess.js:158:3602)
	at i.value (/usr/share/code/resources/app/out/vs/workbench/api/node/extensionHostProcess.js:158:2297)
	at r.B (/usr/share/code/resources/app/out/vs/workbench/api/node/extensionHostProcess.js:90:732)
	at r.fire (/usr/share/code/resources/app/out/vs/workbench/api/node/extensionHostProcess.js:90:949)
	at a.fire (/usr/share/code/resources/app/out/vs/workbench/api/node/extensionHostProcess.js:115:14463)
	at i.value (/usr/share/code/resources/app/out/vs/workbench/api/node/extensionHostProcess.js:184:8635)
	at r.B (/usr/share/code/resources/app/out/vs/workbench/api/node/extensionHostProcess.js:90:732)
	at r.fire (/usr/share/code/resources/app/out/vs/workbench/api/node/extensionHostProcess.js:90:949)
	at a.fire (/usr/share/code/resources/app/out/vs/workbench/api/node/extensionHostProcess.js:115:14463)
	at MessagePortMain.<anonymous> (/usr/share/code/resources/app/out/vs/workbench/api/node/extensionHostProcess.js:184:6761)
	at MessagePortMain.emit (node:events:519:28)
	at MessagePortMain._internalPort.emit (node:electron/js2c/utility_init:2:2619)
2024-12-07 11:33:14.901 [error] Unable to find matching pair for < at char 142: Error: Unable to find matching pair for < at char 142
	at r.error (/usr/share/code/resources/app/extensions/emmet/dist/node/emmetNodeMain.js:1:22533)
	at d (/usr/share/code/resources/app/extensions/emmet/dist/node/emmetNodeMain.js:1:21763)
	at u (/usr/share/code/resources/app/extensions/emmet/dist/node/emmetNodeMain.js:1:14745)
	at d (/usr/share/code/resources/app/extensions/emmet/dist/node/emmetNodeMain.js:1:14879)
	at /usr/share/code/resources/app/extensions/emmet/dist/node/emmetNodeMain.js:1:15491
	at v (/usr/share/code/resources/app/extensions/emmet/dist/node/emmetNodeMain.js:1:15597)
	at j (/usr/share/code/resources/app/extensions/emmet/dist/node/emmetNodeMain.js:1:16543)
	at P (/usr/share/code/resources/app/extensions/emmet/dist/node/emmetNodeMain.js:1:16953)
	at t.getRootNode (/usr/share/code/resources/app/extensions/emmet/dist/node/emmetNodeMain.js:1:145560)
	at t.DefaultCompletionItemProvider.provideCompletionItemsInternal (/usr/share/code/resources/app/extensions/emmet/dist/node/emmetNodeMain.js:1:131101)
	at t.DefaultCompletionItemProvider.provideCompletionItems (/usr/share/code/resources/app/extensions/emmet/dist/node/emmetNodeMain.js:1:129879)
	at me.provideCompletionItems (/usr/share/code/resources/app/out/vs/workbench/api/node/extensionHostProcess.js:161:118602)
	at /usr/share/code/resources/app/out/vs/workbench/api/node/extensionHostProcess.js:161:145130
	at We.s (/usr/share/code/resources/app/out/vs/workbench/api/node/extensionHostProcess.js:161:136041)
	at We.$provideCompletionItems (/usr/share/code/resources/app/out/vs/workbench/api/node/extensionHostProcess.js:161:145116)
	at y.S (/usr/share/code/resources/app/out/vs/workbench/api/node/extensionHostProcess.js:158:5968)
	at y.Q (/usr/share/code/resources/app/out/vs/workbench/api/node/extensionHostProcess.js:158:5734)
	at y.M (/usr/share/code/resources/app/out/vs/workbench/api/node/extensionHostProcess.js:158:4729)
	at y.L (/usr/share/code/resources/app/out/vs/workbench/api/node/extensionHostProcess.js:158:3602)
	at i.value (/usr/share/code/resources/app/out/vs/workbench/api/node/extensionHostProcess.js:158:2297)
	at r.B (/usr/share/code/resources/app/out/vs/workbench/api/node/extensionHostProcess.js:90:732)
	at r.fire (/usr/share/code/resources/app/out/vs/workbench/api/node/extensionHostProcess.js:90:949)
	at a.fire (/usr/share/code/resources/app/out/vs/workbench/api/node/extensionHostProcess.js:115:14463)
	at i.value (/usr/share/code/resources/app/out/vs/workbench/api/node/extensionHostProcess.js:184:8635)
	at r.B (/usr/share/code/resources/app/out/vs/workbench/api/node/extensionHostProcess.js:90:732)
	at r.fire (/usr/share/code/resources/app/out/vs/workbench/api/node/extensionHostProcess.js:90:949)
	at a.fire (/usr/share/code/resources/app/out/vs/workbench/api/node/extensionHostProcess.js:115:14463)
	at MessagePortMain.<anonymous> (/usr/share/code/resources/app/out/vs/workbench/api/node/extensionHostProcess.js:184:6761)
	at MessagePortMain.emit (node:events:519:28)
	at MessagePortMain._internalPort.emit (node:electron/js2c/utility_init:2:2619)
2024-12-07 11:49:27.257 [error] Unable to find matching pair for < at char 824: Error: Unable to find matching pair for < at char 824
	at r.error (/usr/share/code/resources/app/extensions/emmet/dist/node/emmetNodeMain.js:1:22533)
	at d (/usr/share/code/resources/app/extensions/emmet/dist/node/emmetNodeMain.js:1:21763)
	at u (/usr/share/code/resources/app/extensions/emmet/dist/node/emmetNodeMain.js:1:14745)
	at d (/usr/share/code/resources/app/extensions/emmet/dist/node/emmetNodeMain.js:1:14879)
	at /usr/share/code/resources/app/extensions/emmet/dist/node/emmetNodeMain.js:1:15491
	at v (/usr/share/code/resources/app/extensions/emmet/dist/node/emmetNodeMain.js:1:15597)
	at j (/usr/share/code/resources/app/extensions/emmet/dist/node/emmetNodeMain.js:1:16543)
	at P (/usr/share/code/resources/app/extensions/emmet/dist/node/emmetNodeMain.js:1:16953)
	at t.getRootNode (/usr/share/code/resources/app/extensions/emmet/dist/node/emmetNodeMain.js:1:145560)
	at t.DefaultCompletionItemProvider.provideCompletionItemsInternal (/usr/share/code/resources/app/extensions/emmet/dist/node/emmetNodeMain.js:1:131101)
	at t.DefaultCompletionItemProvider.provideCompletionItems (/usr/share/code/resources/app/extensions/emmet/dist/node/emmetNodeMain.js:1:129879)
	at me.provideCompletionItems (/usr/share/code/resources/app/out/vs/workbench/api/node/extensionHostProcess.js:161:118602)
	at /usr/share/code/resources/app/out/vs/workbench/api/node/extensionHostProcess.js:161:145130
	at We.s (/usr/share/code/resources/app/out/vs/workbench/api/node/extensionHostProcess.js:161:136041)
	at We.$provideCompletionItems (/usr/share/code/resources/app/out/vs/workbench/api/node/extensionHostProcess.js:161:145116)
	at y.S (/usr/share/code/resources/app/out/vs/workbench/api/node/extensionHostProcess.js:158:5968)
	at y.Q (/usr/share/code/resources/app/out/vs/workbench/api/node/extensionHostProcess.js:158:5734)
	at y.M (/usr/share/code/resources/app/out/vs/workbench/api/node/extensionHostProcess.js:158:4729)
	at y.L (/usr/share/code/resources/app/out/vs/workbench/api/node/extensionHostProcess.js:158:3602)
	at i.value (/usr/share/code/resources/app/out/vs/workbench/api/node/extensionHostProcess.js:158:2297)
	at r.B (/usr/share/code/resources/app/out/vs/workbench/api/node/extensionHostProcess.js:90:732)
	at r.fire (/usr/share/code/resources/app/out/vs/workbench/api/node/extensionHostProcess.js:90:949)
	at a.fire (/usr/share/code/resources/app/out/vs/workbench/api/node/extensionHostProcess.js:115:14463)
	at i.value (/usr/share/code/resources/app/out/vs/workbench/api/node/extensionHostProcess.js:184:8635)
	at r.B (/usr/share/code/resources/app/out/vs/workbench/api/node/extensionHostProcess.js:90:732)
	at r.fire (/usr/share/code/resources/app/out/vs/workbench/api/node/extensionHostProcess.js:90:949)
	at a.fire (/usr/share/code/resources/app/out/vs/workbench/api/node/extensionHostProcess.js:115:14463)
	at MessagePortMain.<anonymous> (/usr/share/code/resources/app/out/vs/workbench/api/node/extensionHostProcess.js:184:6761)
	at MessagePortMain.emit (node:events:519:28)
	at MessagePortMain._internalPort.emit (node:electron/js2c/utility_init:2:2619)
2024-12-07 11:49:31.046 [error] Unable to find matching pair for < at char 829: Error: Unable to find matching pair for < at char 829
	at r.error (/usr/share/code/resources/app/extensions/emmet/dist/node/emmetNodeMain.js:1:22533)
	at d (/usr/share/code/resources/app/extensions/emmet/dist/node/emmetNodeMain.js:1:21763)
	at u (/usr/share/code/resources/app/extensions/emmet/dist/node/emmetNodeMain.js:1:14745)
	at d (/usr/share/code/resources/app/extensions/emmet/dist/node/emmetNodeMain.js:1:14879)
	at /usr/share/code/resources/app/extensions/emmet/dist/node/emmetNodeMain.js:1:15491
	at v (/usr/share/code/resources/app/extensions/emmet/dist/node/emmetNodeMain.js:1:15597)
	at j (/usr/share/code/resources/app/extensions/emmet/dist/node/emmetNodeMain.js:1:16543)
	at P (/usr/share/code/resources/app/extensions/emmet/dist/node/emmetNodeMain.js:1:16953)
	at t.getRootNode (/usr/share/code/resources/app/extensions/emmet/dist/node/emmetNodeMain.js:1:145560)
	at t.DefaultCompletionItemProvider.provideCompletionItemsInternal (/usr/share/code/resources/app/extensions/emmet/dist/node/emmetNodeMain.js:1:131101)
	at t.DefaultCompletionItemProvider.provideCompletionItems (/usr/share/code/resources/app/extensions/emmet/dist/node/emmetNodeMain.js:1:129879)
	at me.provideCompletionItems (/usr/share/code/resources/app/out/vs/workbench/api/node/extensionHostProcess.js:161:118602)
	at /usr/share/code/resources/app/out/vs/workbench/api/node/extensionHostProcess.js:161:145130
	at We.s (/usr/share/code/resources/app/out/vs/workbench/api/node/extensionHostProcess.js:161:136041)
	at We.$provideCompletionItems (/usr/share/code/resources/app/out/vs/workbench/api/node/extensionHostProcess.js:161:145116)
	at y.S (/usr/share/code/resources/app/out/vs/workbench/api/node/extensionHostProcess.js:158:5968)
	at y.Q (/usr/share/code/resources/app/out/vs/workbench/api/node/extensionHostProcess.js:158:5734)
	at y.M (/usr/share/code/resources/app/out/vs/workbench/api/node/extensionHostProcess.js:158:4729)
	at y.L (/usr/share/code/resources/app/out/vs/workbench/api/node/extensionHostProcess.js:158:3602)
	at i.value (/usr/share/code/resources/app/out/vs/workbench/api/node/extensionHostProcess.js:158:2297)
	at r.B (/usr/share/code/resources/app/out/vs/workbench/api/node/extensionHostProcess.js:90:732)
	at r.fire (/usr/share/code/resources/app/out/vs/workbench/api/node/extensionHostProcess.js:90:949)
	at a.fire (/usr/share/code/resources/app/out/vs/workbench/api/node/extensionHostProcess.js:115:14463)
	at i.value (/usr/share/code/resources/app/out/vs/workbench/api/node/extensionHostProcess.js:184:8635)
	at r.B (/usr/share/code/resources/app/out/vs/workbench/api/node/extensionHostProcess.js:90:732)
	at r.fire (/usr/share/code/resources/app/out/vs/workbench/api/node/extensionHostProcess.js:90:949)
	at a.fire (/usr/share/code/resources/app/out/vs/workbench/api/node/extensionHostProcess.js:115:14463)
	at MessagePortMain.<anonymous> (/usr/share/code/resources/app/out/vs/workbench/api/node/extensionHostProcess.js:184:6761)
	at MessagePortMain.emit (node:events:519:28)
	at MessagePortMain._internalPort.emit (node:electron/js2c/utility_init:2:2619)
2024-12-07 11:49:34.966 [error] Unable to find matching pair for < at char 829: Error: Unable to find matching pair for < at char 829
	at r.error (/usr/share/code/resources/app/extensions/emmet/dist/node/emmetNodeMain.js:1:22533)
	at d (/usr/share/code/resources/app/extensions/emmet/dist/node/emmetNodeMain.js:1:21763)
	at u (/usr/share/code/resources/app/extensions/emmet/dist/node/emmetNodeMain.js:1:14745)
	at d (/usr/share/code/resources/app/extensions/emmet/dist/node/emmetNodeMain.js:1:14879)
	at /usr/share/code/resources/app/extensions/emmet/dist/node/emmetNodeMain.js:1:15491
	at v (/usr/share/code/resources/app/extensions/emmet/dist/node/emmetNodeMain.js:1:15597)
	at j (/usr/share/code/resources/app/extensions/emmet/dist/node/emmetNodeMain.js:1:16543)
	at P (/usr/share/code/resources/app/extensions/emmet/dist/node/emmetNodeMain.js:1:16953)
	at t.getRootNode (/usr/share/code/resources/app/extensions/emmet/dist/node/emmetNodeMain.js:1:145560)
	at t.DefaultCompletionItemProvider.provideCompletionItemsInternal (/usr/share/code/resources/app/extensions/emmet/dist/node/emmetNodeMain.js:1:131101)
	at t.DefaultCompletionItemProvider.provideCompletionItems (/usr/share/code/resources/app/extensions/emmet/dist/node/emmetNodeMain.js:1:129879)
	at me.provideCompletionItems (/usr/share/code/resources/app/out/vs/workbench/api/node/extensionHostProcess.js:161:118602)
	at /usr/share/code/resources/app/out/vs/workbench/api/node/extensionHostProcess.js:161:145130
	at We.s (/usr/share/code/resources/app/out/vs/workbench/api/node/extensionHostProcess.js:161:136041)
	at We.$provideCompletionItems (/usr/share/code/resources/app/out/vs/workbench/api/node/extensionHostProcess.js:161:145116)
	at y.S (/usr/share/code/resources/app/out/vs/workbench/api/node/extensionHostProcess.js:158:5968)
	at y.Q (/usr/share/code/resources/app/out/vs/workbench/api/node/extensionHostProcess.js:158:5734)
	at y.M (/usr/share/code/resources/app/out/vs/workbench/api/node/extensionHostProcess.js:158:4729)
	at y.L (/usr/share/code/resources/app/out/vs/workbench/api/node/extensionHostProcess.js:158:3602)
	at i.value (/usr/share/code/resources/app/out/vs/workbench/api/node/extensionHostProcess.js:158:2297)
	at r.B (/usr/share/code/resources/app/out/vs/workbench/api/node/extensionHostProcess.js:90:732)
	at r.fire (/usr/share/code/resources/app/out/vs/workbench/api/node/extensionHostProcess.js:90:949)
	at a.fire (/usr/share/code/resources/app/out/vs/workbench/api/node/extensionHostProcess.js:115:14463)
	at i.value (/usr/share/code/resources/app/out/vs/workbench/api/node/extensionHostProcess.js:184:8635)
	at r.B (/usr/share/code/resources/app/out/vs/workbench/api/node/extensionHostProcess.js:90:732)
	at r.fire (/usr/share/code/resources/app/out/vs/workbench/api/node/extensionHostProcess.js:90:949)
	at a.fire (/usr/share/code/resources/app/out/vs/workbench/api/node/extensionHostProcess.js:115:14463)
	at MessagePortMain.<anonymous> (/usr/share/code/resources/app/out/vs/workbench/api/node/extensionHostProcess.js:184:6761)
	at MessagePortMain.emit (node:events:519:28)
	at MessagePortMain._internalPort.emit (node:electron/js2c/utility_init:2:2619)
2024-12-07 11:50:17.880 [error] Unable to find matching pair for < at char 853: Error: Unable to find matching pair for < at char 853
	at r.error (/usr/share/code/resources/app/extensions/emmet/dist/node/emmetNodeMain.js:1:22533)
	at d (/usr/share/code/resources/app/extensions/emmet/dist/node/emmetNodeMain.js:1:21763)
	at u (/usr/share/code/resources/app/extensions/emmet/dist/node/emmetNodeMain.js:1:14745)
	at d (/usr/share/code/resources/app/extensions/emmet/dist/node/emmetNodeMain.js:1:14879)
	at /usr/share/code/resources/app/extensions/emmet/dist/node/emmetNodeMain.js:1:15491
	at v (/usr/share/code/resources/app/extensions/emmet/dist/node/emmetNodeMain.js:1:15597)
	at j (/usr/share/code/resources/app/extensions/emmet/dist/node/emmetNodeMain.js:1:16543)
	at P (/usr/share/code/resources/app/extensions/emmet/dist/node/emmetNodeMain.js:1:16953)
	at t.getRootNode (/usr/share/code/resources/app/extensions/emmet/dist/node/emmetNodeMain.js:1:145560)
	at t.DefaultCompletionItemProvider.provideCompletionItemsInternal (/usr/share/code/resources/app/extensions/emmet/dist/node/emmetNodeMain.js:1:131101)
	at t.DefaultCompletionItemProvider.provideCompletionItems (/usr/share/code/resources/app/extensions/emmet/dist/node/emmetNodeMain.js:1:129879)
	at me.provideCompletionItems (/usr/share/code/resources/app/out/vs/workbench/api/node/extensionHostProcess.js:161:118602)
	at /usr/share/code/resources/app/out/vs/workbench/api/node/extensionHostProcess.js:161:145130
	at We.s (/usr/share/code/resources/app/out/vs/workbench/api/node/extensionHostProcess.js:161:136041)
	at We.$provideCompletionItems (/usr/share/code/resources/app/out/vs/workbench/api/node/extensionHostProcess.js:161:145116)
	at y.S (/usr/share/code/resources/app/out/vs/workbench/api/node/extensionHostProcess.js:158:5968)
	at y.Q (/usr/share/code/resources/app/out/vs/workbench/api/node/extensionHostProcess.js:158:5734)
	at y.M (/usr/share/code/resources/app/out/vs/workbench/api/node/extensionHostProcess.js:158:4729)
	at y.L (/usr/share/code/resources/app/out/vs/workbench/api/node/extensionHostProcess.js:158:3602)
	at i.value (/usr/share/code/resources/app/out/vs/workbench/api/node/extensionHostProcess.js:158:2297)
	at r.B (/usr/share/code/resources/app/out/vs/workbench/api/node/extensionHostProcess.js:90:732)
	at r.fire (/usr/share/code/resources/app/out/vs/workbench/api/node/extensionHostProcess.js:90:949)
	at a.fire (/usr/share/code/resources/app/out/vs/workbench/api/node/extensionHostProcess.js:115:14463)
	at i.value (/usr/share/code/resources/app/out/vs/workbench/api/node/extensionHostProcess.js:184:8635)
	at r.B (/usr/share/code/resources/app/out/vs/workbench/api/node/extensionHostProcess.js:90:732)
	at r.fire (/usr/share/code/resources/app/out/vs/workbench/api/node/extensionHostProcess.js:90:949)
	at a.fire (/usr/share/code/resources/app/out/vs/workbench/api/node/extensionHostProcess.js:115:14463)
	at MessagePortMain.<anonymous> (/usr/share/code/resources/app/out/vs/workbench/api/node/extensionHostProcess.js:184:6761)
	at MessagePortMain.emit (node:events:519:28)
	at MessagePortMain._internalPort.emit (node:electron/js2c/utility_init:2:2619)
2024-12-07 11:50:18.059 [error] Unable to find matching pair for < at char 856: Error: Unable to find matching pair for < at char 856
	at r.error (/usr/share/code/resources/app/extensions/emmet/dist/node/emmetNodeMain.js:1:22533)
	at d (/usr/share/code/resources/app/extensions/emmet/dist/node/emmetNodeMain.js:1:21763)
	at u (/usr/share/code/resources/app/extensions/emmet/dist/node/emmetNodeMain.js:1:14745)
	at d (/usr/share/code/resources/app/extensions/emmet/dist/node/emmetNodeMain.js:1:14879)
	at /usr/share/code/resources/app/extensions/emmet/dist/node/emmetNodeMain.js:1:15491
	at v (/usr/share/code/resources/app/extensions/emmet/dist/node/emmetNodeMain.js:1:15597)
	at j (/usr/share/code/resources/app/extensions/emmet/dist/node/emmetNodeMain.js:1:16543)
	at P (/usr/share/code/resources/app/extensions/emmet/dist/node/emmetNodeMain.js:1:16953)
	at t.getRootNode (/usr/share/code/resources/app/extensions/emmet/dist/node/emmetNodeMain.js:1:145560)
	at t.DefaultCompletionItemProvider.provideCompletionItemsInternal (/usr/share/code/resources/app/extensions/emmet/dist/node/emmetNodeMain.js:1:131101)
	at t.DefaultCompletionItemProvider.provideCompletionItems (/usr/share/code/resources/app/extensions/emmet/dist/node/emmetNodeMain.js:1:129879)
	at me.provideCompletionItems (/usr/share/code/resources/app/out/vs/workbench/api/node/extensionHostProcess.js:161:118602)
	at /usr/share/code/resources/app/out/vs/workbench/api/node/extensionHostProcess.js:161:145130
	at We.s (/usr/share/code/resources/app/out/vs/workbench/api/node/extensionHostProcess.js:161:136041)
	at We.$provideCompletionItems (/usr/share/code/resources/app/out/vs/workbench/api/node/extensionHostProcess.js:161:145116)
	at y.S (/usr/share/code/resources/app/out/vs/workbench/api/node/extensionHostProcess.js:158:5968)
	at y.Q (/usr/share/code/resources/app/out/vs/workbench/api/node/extensionHostProcess.js:158:5734)
	at y.M (/usr/share/code/resources/app/out/vs/workbench/api/node/extensionHostProcess.js:158:4729)
	at y.L (/usr/share/code/resources/app/out/vs/workbench/api/node/extensionHostProcess.js:158:3602)
	at i.value (/usr/share/code/resources/app/out/vs/workbench/api/node/extensionHostProcess.js:158:2297)
	at r.B (/usr/share/code/resources/app/out/vs/workbench/api/node/extensionHostProcess.js:90:732)
	at r.fire (/usr/share/code/resources/app/out/vs/workbench/api/node/extensionHostProcess.js:90:949)
	at a.fire (/usr/share/code/resources/app/out/vs/workbench/api/node/extensionHostProcess.js:115:14463)
	at i.value (/usr/share/code/resources/app/out/vs/workbench/api/node/extensionHostProcess.js:184:8635)
	at r.B (/usr/share/code/resources/app/out/vs/workbench/api/node/extensionHostProcess.js:90:732)
	at r.fire (/usr/share/code/resources/app/out/vs/workbench/api/node/extensionHostProcess.js:90:949)
	at a.fire (/usr/share/code/resources/app/out/vs/workbench/api/node/extensionHostProcess.js:115:14463)
	at MessagePortMain.<anonymous> (/usr/share/code/resources/app/out/vs/workbench/api/node/extensionHostProcess.js:184:6761)
	at MessagePortMain.emit (node:events:519:28)
	at MessagePortMain._internalPort.emit (node:electron/js2c/utility_init:2:2619)
2024-12-07 11:50:18.221 [error] Unable to find matching pair for < at char 857: Error: Unable to find matching pair for < at char 857
	at r.error (/usr/share/code/resources/app/extensions/emmet/dist/node/emmetNodeMain.js:1:22533)
	at d (/usr/share/code/resources/app/extensions/emmet/dist/node/emmetNodeMain.js:1:21763)
	at u (/usr/share/code/resources/app/extensions/emmet/dist/node/emmetNodeMain.js:1:14745)
	at d (/usr/share/code/resources/app/extensions/emmet/dist/node/emmetNodeMain.js:1:14879)
	at /usr/share/code/resources/app/extensions/emmet/dist/node/emmetNodeMain.js:1:15491
	at v (/usr/share/code/resources/app/extensions/emmet/dist/node/emmetNodeMain.js:1:15597)
	at j (/usr/share/code/resources/app/extensions/emmet/dist/node/emmetNodeMain.js:1:16543)
	at P (/usr/share/code/resources/app/extensions/emmet/dist/node/emmetNodeMain.js:1:16953)
	at t.getRootNode (/usr/share/code/resources/app/extensions/emmet/dist/node/emmetNodeMain.js:1:145560)
	at t.DefaultCompletionItemProvider.provideCompletionItemsInternal (/usr/share/code/resources/app/extensions/emmet/dist/node/emmetNodeMain.js:1:131101)
	at t.DefaultCompletionItemProvider.provideCompletionItems (/usr/share/code/resources/app/extensions/emmet/dist/node/emmetNodeMain.js:1:129879)
	at me.provideCompletionItems (/usr/share/code/resources/app/out/vs/workbench/api/node/extensionHostProcess.js:161:118602)
	at /usr/share/code/resources/app/out/vs/workbench/api/node/extensionHostProcess.js:161:145130
	at We.s (/usr/share/code/resources/app/out/vs/workbench/api/node/extensionHostProcess.js:161:136041)
	at We.$provideCompletionItems (/usr/share/code/resources/app/out/vs/workbench/api/node/extensionHostProcess.js:161:145116)
	at y.S (/usr/share/code/resources/app/out/vs/workbench/api/node/extensionHostProcess.js:158:5968)
	at y.Q (/usr/share/code/resources/app/out/vs/workbench/api/node/extensionHostProcess.js:158:5734)
	at y.M (/usr/share/code/resources/app/out/vs/workbench/api/node/extensionHostProcess.js:158:4729)
	at y.L (/usr/share/code/resources/app/out/vs/workbench/api/node/extensionHostProcess.js:158:3602)
	at i.value (/usr/share/code/resources/app/out/vs/workbench/api/node/extensionHostProcess.js:158:2297)
	at r.B (/usr/share/code/resources/app/out/vs/workbench/api/node/extensionHostProcess.js:90:732)
	at r.fire (/usr/share/code/resources/app/out/vs/workbench/api/node/extensionHostProcess.js:90:949)
	at a.fire (/usr/share/code/resources/app/out/vs/workbench/api/node/extensionHostProcess.js:115:14463)
	at i.value (/usr/share/code/resources/app/out/vs/workbench/api/node/extensionHostProcess.js:184:8635)
	at r.B (/usr/share/code/resources/app/out/vs/workbench/api/node/extensionHostProcess.js:90:732)
	at r.fire (/usr/share/code/resources/app/out/vs/workbench/api/node/extensionHostProcess.js:90:949)
	at a.fire (/usr/share/code/resources/app/out/vs/workbench/api/node/extensionHostProcess.js:115:14463)
	at MessagePortMain.<anonymous> (/usr/share/code/resources/app/out/vs/workbench/api/node/extensionHostProcess.js:184:6761)
	at MessagePortMain.emit (node:events:519:28)
	at MessagePortMain._internalPort.emit (node:electron/js2c/utility_init:2:2619)
2024-12-07 11:50:20.615 [error] Unable to find matching pair for < at char 855: Error: Unable to find matching pair for < at char 855
	at r.error (/usr/share/code/resources/app/extensions/emmet/dist/node/emmetNodeMain.js:1:22533)
	at d (/usr/share/code/resources/app/extensions/emmet/dist/node/emmetNodeMain.js:1:21763)
	at u (/usr/share/code/resources/app/extensions/emmet/dist/node/emmetNodeMain.js:1:14745)
	at d (/usr/share/code/resources/app/extensions/emmet/dist/node/emmetNodeMain.js:1:14879)
	at /usr/share/code/resources/app/extensions/emmet/dist/node/emmetNodeMain.js:1:15491
	at v (/usr/share/code/resources/app/extensions/emmet/dist/node/emmetNodeMain.js:1:15597)
	at j (/usr/share/code/resources/app/extensions/emmet/dist/node/emmetNodeMain.js:1:16543)
	at P (/usr/share/code/resources/app/extensions/emmet/dist/node/emmetNodeMain.js:1:16953)
	at t.getRootNode (/usr/share/code/resources/app/extensions/emmet/dist/node/emmetNodeMain.js:1:145560)
	at t.DefaultCompletionItemProvider.provideCompletionItemsInternal (/usr/share/code/resources/app/extensions/emmet/dist/node/emmetNodeMain.js:1:131101)
	at t.DefaultCompletionItemProvider.provideCompletionItems (/usr/share/code/resources/app/extensions/emmet/dist/node/emmetNodeMain.js:1:129879)
	at me.provideCompletionItems (/usr/share/code/resources/app/out/vs/workbench/api/node/extensionHostProcess.js:161:118602)
	at /usr/share/code/resources/app/out/vs/workbench/api/node/extensionHostProcess.js:161:145130
	at We.s (/usr/share/code/resources/app/out/vs/workbench/api/node/extensionHostProcess.js:161:136041)
	at We.$provideCompletionItems (/usr/share/code/resources/app/out/vs/workbench/api/node/extensionHostProcess.js:161:145116)
	at y.S (/usr/share/code/resources/app/out/vs/workbench/api/node/extensionHostProcess.js:158:5968)
	at y.Q (/usr/share/code/resources/app/out/vs/workbench/api/node/extensionHostProcess.js:158:5734)
	at y.M (/usr/share/code/resources/app/out/vs/workbench/api/node/extensionHostProcess.js:158:4729)
	at y.L (/usr/share/code/resources/app/out/vs/workbench/api/node/extensionHostProcess.js:158:3602)
	at i.value (/usr/share/code/resources/app/out/vs/workbench/api/node/extensionHostProcess.js:158:2297)
	at r.B (/usr/share/code/resources/app/out/vs/workbench/api/node/extensionHostProcess.js:90:732)
	at r.fire (/usr/share/code/resources/app/out/vs/workbench/api/node/extensionHostProcess.js:90:949)
	at a.fire (/usr/share/code/resources/app/out/vs/workbench/api/node/extensionHostProcess.js:115:14463)
	at i.value (/usr/share/code/resources/app/out/vs/workbench/api/node/extensionHostProcess.js:184:8635)
	at r.B (/usr/share/code/resources/app/out/vs/workbench/api/node/extensionHostProcess.js:90:732)
	at r.fire (/usr/share/code/resources/app/out/vs/workbench/api/node/extensionHostProcess.js:90:949)
	at a.fire (/usr/share/code/resources/app/out/vs/workbench/api/node/extensionHostProcess.js:115:14463)
	at MessagePortMain.<anonymous> (/usr/share/code/resources/app/out/vs/workbench/api/node/extensionHostProcess.js:184:6761)
	at MessagePortMain.emit (node:events:519:28)
	at MessagePortMain._internalPort.emit (node:electron/js2c/utility_init:2:2619)
2024-12-07 11:50:56.386 [error] Unable to find matching pair for < at char 825: Error: Unable to find matching pair for < at char 825
	at r.error (/usr/share/code/resources/app/extensions/emmet/dist/node/emmetNodeMain.js:1:22533)
	at d (/usr/share/code/resources/app/extensions/emmet/dist/node/emmetNodeMain.js:1:21763)
	at u (/usr/share/code/resources/app/extensions/emmet/dist/node/emmetNodeMain.js:1:14745)
	at d (/usr/share/code/resources/app/extensions/emmet/dist/node/emmetNodeMain.js:1:14879)
	at /usr/share/code/resources/app/extensions/emmet/dist/node/emmetNodeMain.js:1:15491
	at v (/usr/share/code/resources/app/extensions/emmet/dist/node/emmetNodeMain.js:1:15597)
	at j (/usr/share/code/resources/app/extensions/emmet/dist/node/emmetNodeMain.js:1:16543)
	at P (/usr/share/code/resources/app/extensions/emmet/dist/node/emmetNodeMain.js:1:16953)
	at t.getRootNode (/usr/share/code/resources/app/extensions/emmet/dist/node/emmetNodeMain.js:1:145560)
	at t.DefaultCompletionItemProvider.provideCompletionItemsInternal (/usr/share/code/resources/app/extensions/emmet/dist/node/emmetNodeMain.js:1:131101)
	at t.DefaultCompletionItemProvider.provideCompletionItems (/usr/share/code/resources/app/extensions/emmet/dist/node/emmetNodeMain.js:1:129879)
	at me.provideCompletionItems (/usr/share/code/resources/app/out/vs/workbench/api/node/extensionHostProcess.js:161:118602)
	at /usr/share/code/resources/app/out/vs/workbench/api/node/extensionHostProcess.js:161:145130
	at We.s (/usr/share/code/resources/app/out/vs/workbench/api/node/extensionHostProcess.js:161:136041)
	at We.$provideCompletionItems (/usr/share/code/resources/app/out/vs/workbench/api/node/extensionHostProcess.js:161:145116)
	at y.S (/usr/share/code/resources/app/out/vs/workbench/api/node/extensionHostProcess.js:158:5968)
	at y.Q (/usr/share/code/resources/app/out/vs/workbench/api/node/extensionHostProcess.js:158:5734)
	at y.M (/usr/share/code/resources/app/out/vs/workbench/api/node/extensionHostProcess.js:158:4729)
	at y.L (/usr/share/code/resources/app/out/vs/workbench/api/node/extensionHostProcess.js:158:3602)
	at i.value (/usr/share/code/resources/app/out/vs/workbench/api/node/extensionHostProcess.js:158:2297)
	at r.B (/usr/share/code/resources/app/out/vs/workbench/api/node/extensionHostProcess.js:90:732)
	at r.fire (/usr/share/code/resources/app/out/vs/workbench/api/node/extensionHostProcess.js:90:949)
	at a.fire (/usr/share/code/resources/app/out/vs/workbench/api/node/extensionHostProcess.js:115:14463)
	at i.value (/usr/share/code/resources/app/out/vs/workbench/api/node/extensionHostProcess.js:184:8635)
	at r.B (/usr/share/code/resources/app/out/vs/workbench/api/node/extensionHostProcess.js:90:732)
	at r.fire (/usr/share/code/resources/app/out/vs/workbench/api/node/extensionHostProcess.js:90:949)
	at a.fire (/usr/share/code/resources/app/out/vs/workbench/api/node/extensionHostProcess.js:115:14463)
	at MessagePortMain.<anonymous> (/usr/share/code/resources/app/out/vs/workbench/api/node/extensionHostProcess.js:184:6761)
	at MessagePortMain.emit (node:events:519:28)
	at MessagePortMain._internalPort.emit (node:electron/js2c/utility_init:2:2619)
2024-12-07 11:50:57.424 [error] Unable to find matching pair for < at char 825: Error: Unable to find matching pair for < at char 825
	at r.error (/usr/share/code/resources/app/extensions/emmet/dist/node/emmetNodeMain.js:1:22533)
	at d (/usr/share/code/resources/app/extensions/emmet/dist/node/emmetNodeMain.js:1:21763)
	at u (/usr/share/code/resources/app/extensions/emmet/dist/node/emmetNodeMain.js:1:14745)
	at d (/usr/share/code/resources/app/extensions/emmet/dist/node/emmetNodeMain.js:1:14879)
	at /usr/share/code/resources/app/extensions/emmet/dist/node/emmetNodeMain.js:1:15491
	at v (/usr/share/code/resources/app/extensions/emmet/dist/node/emmetNodeMain.js:1:15597)
	at j (/usr/share/code/resources/app/extensions/emmet/dist/node/emmetNodeMain.js:1:16543)
	at P (/usr/share/code/resources/app/extensions/emmet/dist/node/emmetNodeMain.js:1:16953)
	at t.getRootNode (/usr/share/code/resources/app/extensions/emmet/dist/node/emmetNodeMain.js:1:145560)
	at t.DefaultCompletionItemProvider.provideCompletionItemsInternal (/usr/share/code/resources/app/extensions/emmet/dist/node/emmetNodeMain.js:1:131101)
	at t.DefaultCompletionItemProvider.provideCompletionItems (/usr/share/code/resources/app/extensions/emmet/dist/node/emmetNodeMain.js:1:129879)
	at me.provideCompletionItems (/usr/share/code/resources/app/out/vs/workbench/api/node/extensionHostProcess.js:161:118602)
	at /usr/share/code/resources/app/out/vs/workbench/api/node/extensionHostProcess.js:161:145130
	at We.s (/usr/share/code/resources/app/out/vs/workbench/api/node/extensionHostProcess.js:161:136041)
	at We.$provideCompletionItems (/usr/share/code/resources/app/out/vs/workbench/api/node/extensionHostProcess.js:161:145116)
	at y.S (/usr/share/code/resources/app/out/vs/workbench/api/node/extensionHostProcess.js:158:5968)
	at y.Q (/usr/share/code/resources/app/out/vs/workbench/api/node/extensionHostProcess.js:158:5734)
	at y.M (/usr/share/code/resources/app/out/vs/workbench/api/node/extensionHostProcess.js:158:4729)
	at y.L (/usr/share/code/resources/app/out/vs/workbench/api/node/extensionHostProcess.js:158:3602)
	at i.value (/usr/share/code/resources/app/out/vs/workbench/api/node/extensionHostProcess.js:158:2297)
	at r.B (/usr/share/code/resources/app/out/vs/workbench/api/node/extensionHostProcess.js:90:732)
	at r.fire (/usr/share/code/resources/app/out/vs/workbench/api/node/extensionHostProcess.js:90:949)
	at a.fire (/usr/share/code/resources/app/out/vs/workbench/api/node/extensionHostProcess.js:115:14463)
	at i.value (/usr/share/code/resources/app/out/vs/workbench/api/node/extensionHostProcess.js:184:8635)
	at r.B (/usr/share/code/resources/app/out/vs/workbench/api/node/extensionHostProcess.js:90:732)
	at r.fire (/usr/share/code/resources/app/out/vs/workbench/api/node/extensionHostProcess.js:90:949)
	at a.fire (/usr/share/code/resources/app/out/vs/workbench/api/node/extensionHostProcess.js:115:14463)
	at MessagePortMain.<anonymous> (/usr/share/code/resources/app/out/vs/workbench/api/node/extensionHostProcess.js:184:6761)
	at MessagePortMain.emit (node:events:519:28)
	at MessagePortMain._internalPort.emit (node:electron/js2c/utility_init:2:2619)
2024-12-07 11:51:52.637 [error] Unable to find matching pair for < at char 883: Error: Unable to find matching pair for < at char 883
	at r.error (/usr/share/code/resources/app/extensions/emmet/dist/node/emmetNodeMain.js:1:22533)
	at d (/usr/share/code/resources/app/extensions/emmet/dist/node/emmetNodeMain.js:1:21763)
	at u (/usr/share/code/resources/app/extensions/emmet/dist/node/emmetNodeMain.js:1:14745)
	at d (/usr/share/code/resources/app/extensions/emmet/dist/node/emmetNodeMain.js:1:14879)
	at /usr/share/code/resources/app/extensions/emmet/dist/node/emmetNodeMain.js:1:15491
	at v (/usr/share/code/resources/app/extensions/emmet/dist/node/emmetNodeMain.js:1:15597)
	at j (/usr/share/code/resources/app/extensions/emmet/dist/node/emmetNodeMain.js:1:16543)
	at P (/usr/share/code/resources/app/extensions/emmet/dist/node/emmetNodeMain.js:1:16953)
	at t.getRootNode (/usr/share/code/resources/app/extensions/emmet/dist/node/emmetNodeMain.js:1:145560)
	at t.DefaultCompletionItemProvider.provideCompletionItemsInternal (/usr/share/code/resources/app/extensions/emmet/dist/node/emmetNodeMain.js:1:131101)
	at t.DefaultCompletionItemProvider.provideCompletionItems (/usr/share/code/resources/app/extensions/emmet/dist/node/emmetNodeMain.js:1:129879)
	at me.provideCompletionItems (/usr/share/code/resources/app/out/vs/workbench/api/node/extensionHostProcess.js:161:118602)
	at /usr/share/code/resources/app/out/vs/workbench/api/node/extensionHostProcess.js:161:145130
	at We.s (/usr/share/code/resources/app/out/vs/workbench/api/node/extensionHostProcess.js:161:136041)
	at We.$provideCompletionItems (/usr/share/code/resources/app/out/vs/workbench/api/node/extensionHostProcess.js:161:145116)
	at y.S (/usr/share/code/resources/app/out/vs/workbench/api/node/extensionHostProcess.js:158:5968)
	at y.Q (/usr/share/code/resources/app/out/vs/workbench/api/node/extensionHostProcess.js:158:5734)
	at y.M (/usr/share/code/resources/app/out/vs/workbench/api/node/extensionHostProcess.js:158:4729)
	at y.L (/usr/share/code/resources/app/out/vs/workbench/api/node/extensionHostProcess.js:158:3602)
	at i.value (/usr/share/code/resources/app/out/vs/workbench/api/node/extensionHostProcess.js:158:2297)
	at r.B (/usr/share/code/resources/app/out/vs/workbench/api/node/extensionHostProcess.js:90:732)
	at r.fire (/usr/share/code/resources/app/out/vs/workbench/api/node/extensionHostProcess.js:90:949)
	at a.fire (/usr/share/code/resources/app/out/vs/workbench/api/node/extensionHostProcess.js:115:14463)
	at i.value (/usr/share/code/resources/app/out/vs/workbench/api/node/extensionHostProcess.js:184:8635)
	at r.B (/usr/share/code/resources/app/out/vs/workbench/api/node/extensionHostProcess.js:90:732)
	at r.fire (/usr/share/code/resources/app/out/vs/workbench/api/node/extensionHostProcess.js:90:949)
	at a.fire (/usr/share/code/resources/app/out/vs/workbench/api/node/extensionHostProcess.js:115:14463)
	at MessagePortMain.<anonymous> (/usr/share/code/resources/app/out/vs/workbench/api/node/extensionHostProcess.js:184:6761)
	at MessagePortMain.emit (node:events:519:28)
	at MessagePortMain._internalPort.emit (node:electron/js2c/utility_init:2:2619)
2024-12-07 11:51:58.390 [error] Unable to find matching pair for < at char 890: Error: Unable to find matching pair for < at char 890
	at r.error (/usr/share/code/resources/app/extensions/emmet/dist/node/emmetNodeMain.js:1:22533)
	at d (/usr/share/code/resources/app/extensions/emmet/dist/node/emmetNodeMain.js:1:21763)
	at u (/usr/share/code/resources/app/extensions/emmet/dist/node/emmetNodeMain.js:1:14745)
	at d (/usr/share/code/resources/app/extensions/emmet/dist/node/emmetNodeMain.js:1:14879)
	at /usr/share/code/resources/app/extensions/emmet/dist/node/emmetNodeMain.js:1:15491
	at v (/usr/share/code/resources/app/extensions/emmet/dist/node/emmetNodeMain.js:1:15597)
	at j (/usr/share/code/resources/app/extensions/emmet/dist/node/emmetNodeMain.js:1:16543)
	at P (/usr/share/code/resources/app/extensions/emmet/dist/node/emmetNodeMain.js:1:16953)
	at t.getRootNode (/usr/share/code/resources/app/extensions/emmet/dist/node/emmetNodeMain.js:1:145560)
	at t.DefaultCompletionItemProvider.provideCompletionItemsInternal (/usr/share/code/resources/app/extensions/emmet/dist/node/emmetNodeMain.js:1:131101)
	at t.DefaultCompletionItemProvider.provideCompletionItems (/usr/share/code/resources/app/extensions/emmet/dist/node/emmetNodeMain.js:1:129879)
	at me.provideCompletionItems (/usr/share/code/resources/app/out/vs/workbench/api/node/extensionHostProcess.js:161:118602)
	at /usr/share/code/resources/app/out/vs/workbench/api/node/extensionHostProcess.js:161:145130
	at We.s (/usr/share/code/resources/app/out/vs/workbench/api/node/extensionHostProcess.js:161:136041)
	at We.$provideCompletionItems (/usr/share/code/resources/app/out/vs/workbench/api/node/extensionHostProcess.js:161:145116)
	at y.S (/usr/share/code/resources/app/out/vs/workbench/api/node/extensionHostProcess.js:158:5968)
	at y.Q (/usr/share/code/resources/app/out/vs/workbench/api/node/extensionHostProcess.js:158:5734)
	at y.M (/usr/share/code/resources/app/out/vs/workbench/api/node/extensionHostProcess.js:158:4729)
	at y.L (/usr/share/code/resources/app/out/vs/workbench/api/node/extensionHostProcess.js:158:3602)
	at i.value (/usr/share/code/resources/app/out/vs/workbench/api/node/extensionHostProcess.js:158:2297)
	at r.B (/usr/share/code/resources/app/out/vs/workbench/api/node/extensionHostProcess.js:90:732)
	at r.fire (/usr/share/code/resources/app/out/vs/workbench/api/node/extensionHostProcess.js:90:949)
	at a.fire (/usr/share/code/resources/app/out/vs/workbench/api/node/extensionHostProcess.js:115:14463)
	at i.value (/usr/share/code/resources/app/out/vs/workbench/api/node/extensionHostProcess.js:184:8635)
	at r.B (/usr/share/code/resources/app/out/vs/workbench/api/node/extensionHostProcess.js:90:732)
	at r.fire (/usr/share/code/resources/app/out/vs/workbench/api/node/extensionHostProcess.js:90:949)
	at a.fire (/usr/share/code/resources/app/out/vs/workbench/api/node/extensionHostProcess.js:115:14463)
	at MessagePortMain.<anonymous> (/usr/share/code/resources/app/out/vs/workbench/api/node/extensionHostProcess.js:184:6761)
	at MessagePortMain.emit (node:events:519:28)
	at MessagePortMain._internalPort.emit (node:electron/js2c/utility_init:2:2619)
2024-12-07 11:51:58.471 [error] Unable to find matching pair for < at char 892: Error: Unable to find matching pair for < at char 892
	at r.error (/usr/share/code/resources/app/extensions/emmet/dist/node/emmetNodeMain.js:1:22533)
	at d (/usr/share/code/resources/app/extensions/emmet/dist/node/emmetNodeMain.js:1:21763)
	at u (/usr/share/code/resources/app/extensions/emmet/dist/node/emmetNodeMain.js:1:14745)
	at d (/usr/share/code/resources/app/extensions/emmet/dist/node/emmetNodeMain.js:1:14879)
	at /usr/share/code/resources/app/extensions/emmet/dist/node/emmetNodeMain.js:1:15491
	at v (/usr/share/code/resources/app/extensions/emmet/dist/node/emmetNodeMain.js:1:15597)
	at j (/usr/share/code/resources/app/extensions/emmet/dist/node/emmetNodeMain.js:1:16543)
	at P (/usr/share/code/resources/app/extensions/emmet/dist/node/emmetNodeMain.js:1:16953)
	at t.getRootNode (/usr/share/code/resources/app/extensions/emmet/dist/node/emmetNodeMain.js:1:145560)
	at t.DefaultCompletionItemProvider.provideCompletionItemsInternal (/usr/share/code/resources/app/extensions/emmet/dist/node/emmetNodeMain.js:1:131101)
	at t.DefaultCompletionItemProvider.provideCompletionItems (/usr/share/code/resources/app/extensions/emmet/dist/node/emmetNodeMain.js:1:129879)
	at me.provideCompletionItems (/usr/share/code/resources/app/out/vs/workbench/api/node/extensionHostProcess.js:161:118602)
	at /usr/share/code/resources/app/out/vs/workbench/api/node/extensionHostProcess.js:161:145130
	at We.s (/usr/share/code/resources/app/out/vs/workbench/api/node/extensionHostProcess.js:161:136041)
	at We.$provideCompletionItems (/usr/share/code/resources/app/out/vs/workbench/api/node/extensionHostProcess.js:161:145116)
	at y.S (/usr/share/code/resources/app/out/vs/workbench/api/node/extensionHostProcess.js:158:5968)
	at y.Q (/usr/share/code/resources/app/out/vs/workbench/api/node/extensionHostProcess.js:158:5734)
	at y.M (/usr/share/code/resources/app/out/vs/workbench/api/node/extensionHostProcess.js:158:4729)
	at y.L (/usr/share/code/resources/app/out/vs/workbench/api/node/extensionHostProcess.js:158:3602)
	at i.value (/usr/share/code/resources/app/out/vs/workbench/api/node/extensionHostProcess.js:158:2297)
	at r.B (/usr/share/code/resources/app/out/vs/workbench/api/node/extensionHostProcess.js:90:732)
	at r.fire (/usr/share/code/resources/app/out/vs/workbench/api/node/extensionHostProcess.js:90:949)
	at a.fire (/usr/share/code/resources/app/out/vs/workbench/api/node/extensionHostProcess.js:115:14463)
	at i.value (/usr/share/code/resources/app/out/vs/workbench/api/node/extensionHostProcess.js:184:8635)
	at r.B (/usr/share/code/resources/app/out/vs/workbench/api/node/extensionHostProcess.js:90:732)
	at r.fire (/usr/share/code/resources/app/out/vs/workbench/api/node/extensionHostProcess.js:90:949)
	at a.fire (/usr/share/code/resources/app/out/vs/workbench/api/node/extensionHostProcess.js:115:14463)
	at MessagePortMain.<anonymous> (/usr/share/code/resources/app/out/vs/workbench/api/node/extensionHostProcess.js:184:6761)
	at MessagePortMain.emit (node:events:519:28)
	at MessagePortMain._internalPort.emit (node:electron/js2c/utility_init:2:2619)
2024-12-07 11:51:58.627 [error] Unable to find matching pair for < at char 893: Error: Unable to find matching pair for < at char 893
	at r.error (/usr/share/code/resources/app/extensions/emmet/dist/node/emmetNodeMain.js:1:22533)
	at d (/usr/share/code/resources/app/extensions/emmet/dist/node/emmetNodeMain.js:1:21763)
	at u (/usr/share/code/resources/app/extensions/emmet/dist/node/emmetNodeMain.js:1:14745)
	at d (/usr/share/code/resources/app/extensions/emmet/dist/node/emmetNodeMain.js:1:14879)
	at /usr/share/code/resources/app/extensions/emmet/dist/node/emmetNodeMain.js:1:15491
	at v (/usr/share/code/resources/app/extensions/emmet/dist/node/emmetNodeMain.js:1:15597)
	at j (/usr/share/code/resources/app/extensions/emmet/dist/node/emmetNodeMain.js:1:16543)
	at P (/usr/share/code/resources/app/extensions/emmet/dist/node/emmetNodeMain.js:1:16953)
	at t.getRootNode (/usr/share/code/resources/app/extensions/emmet/dist/node/emmetNodeMain.js:1:145560)
	at t.DefaultCompletionItemProvider.provideCompletionItemsInternal (/usr/share/code/resources/app/extensions/emmet/dist/node/emmetNodeMain.js:1:131101)
	at t.DefaultCompletionItemProvider.provideCompletionItems (/usr/share/code/resources/app/extensions/emmet/dist/node/emmetNodeMain.js:1:129879)
	at me.provideCompletionItems (/usr/share/code/resources/app/out/vs/workbench/api/node/extensionHostProcess.js:161:118602)
	at /usr/share/code/resources/app/out/vs/workbench/api/node/extensionHostProcess.js:161:145130
	at We.s (/usr/share/code/resources/app/out/vs/workbench/api/node/extensionHostProcess.js:161:136041)
	at We.$provideCompletionItems (/usr/share/code/resources/app/out/vs/workbench/api/node/extensionHostProcess.js:161:145116)
	at y.S (/usr/share/code/resources/app/out/vs/workbench/api/node/extensionHostProcess.js:158:5968)
	at y.Q (/usr/share/code/resources/app/out/vs/workbench/api/node/extensionHostProcess.js:158:5734)
	at y.M (/usr/share/code/resources/app/out/vs/workbench/api/node/extensionHostProcess.js:158:4729)
	at y.L (/usr/share/code/resources/app/out/vs/workbench/api/node/extensionHostProcess.js:158:3602)
	at i.value (/usr/share/code/resources/app/out/vs/workbench/api/node/extensionHostProcess.js:158:2297)
	at r.B (/usr/share/code/resources/app/out/vs/workbench/api/node/extensionHostProcess.js:90:732)
	at r.fire (/usr/share/code/resources/app/out/vs/workbench/api/node/extensionHostProcess.js:90:949)
	at a.fire (/usr/share/code/resources/app/out/vs/workbench/api/node/extensionHostProcess.js:115:14463)
	at i.value (/usr/share/code/resources/app/out/vs/workbench/api/node/extensionHostProcess.js:184:8635)
	at r.B (/usr/share/code/resources/app/out/vs/workbench/api/node/extensionHostProcess.js:90:732)
	at r.fire (/usr/share/code/resources/app/out/vs/workbench/api/node/extensionHostProcess.js:90:949)
	at a.fire (/usr/share/code/resources/app/out/vs/workbench/api/node/extensionHostProcess.js:115:14463)
	at MessagePortMain.<anonymous> (/usr/share/code/resources/app/out/vs/workbench/api/node/extensionHostProcess.js:184:6761)
	at MessagePortMain.emit (node:events:519:28)
	at MessagePortMain._internalPort.emit (node:electron/js2c/utility_init:2:2619)
2024-12-07 11:52:01.847 [error] Unable to find matching pair for < at char 890: Error: Unable to find matching pair for < at char 890
	at r.error (/usr/share/code/resources/app/extensions/emmet/dist/node/emmetNodeMain.js:1:22533)
	at d (/usr/share/code/resources/app/extensions/emmet/dist/node/emmetNodeMain.js:1:21763)
	at u (/usr/share/code/resources/app/extensions/emmet/dist/node/emmetNodeMain.js:1:14745)
	at d (/usr/share/code/resources/app/extensions/emmet/dist/node/emmetNodeMain.js:1:14879)
	at /usr/share/code/resources/app/extensions/emmet/dist/node/emmetNodeMain.js:1:15491
	at v (/usr/share/code/resources/app/extensions/emmet/dist/node/emmetNodeMain.js:1:15597)
	at j (/usr/share/code/resources/app/extensions/emmet/dist/node/emmetNodeMain.js:1:16543)
	at P (/usr/share/code/resources/app/extensions/emmet/dist/node/emmetNodeMain.js:1:16953)
	at t.getRootNode (/usr/share/code/resources/app/extensions/emmet/dist/node/emmetNodeMain.js:1:145560)
	at t.DefaultCompletionItemProvider.provideCompletionItemsInternal (/usr/share/code/resources/app/extensions/emmet/dist/node/emmetNodeMain.js:1:131101)
	at t.DefaultCompletionItemProvider.provideCompletionItems (/usr/share/code/resources/app/extensions/emmet/dist/node/emmetNodeMain.js:1:129879)
	at me.provideCompletionItems (/usr/share/code/resources/app/out/vs/workbench/api/node/extensionHostProcess.js:161:118602)
	at /usr/share/code/resources/app/out/vs/workbench/api/node/extensionHostProcess.js:161:145130
	at We.s (/usr/share/code/resources/app/out/vs/workbench/api/node/extensionHostProcess.js:161:136041)
	at We.$provideCompletionItems (/usr/share/code/resources/app/out/vs/workbench/api/node/extensionHostProcess.js:161:145116)
	at y.S (/usr/share/code/resources/app/out/vs/workbench/api/node/extensionHostProcess.js:158:5968)
	at y.Q (/usr/share/code/resources/app/out/vs/workbench/api/node/extensionHostProcess.js:158:5734)
	at y.M (/usr/share/code/resources/app/out/vs/workbench/api/node/extensionHostProcess.js:158:4729)
	at y.L (/usr/share/code/resources/app/out/vs/workbench/api/node/extensionHostProcess.js:158:3602)
	at i.value (/usr/share/code/resources/app/out/vs/workbench/api/node/extensionHostProcess.js:158:2297)
	at r.B (/usr/share/code/resources/app/out/vs/workbench/api/node/extensionHostProcess.js:90:732)
	at r.fire (/usr/share/code/resources/app/out/vs/workbench/api/node/extensionHostProcess.js:90:949)
	at a.fire (/usr/share/code/resources/app/out/vs/workbench/api/node/extensionHostProcess.js:115:14463)
	at i.value (/usr/share/code/resources/app/out/vs/workbench/api/node/extensionHostProcess.js:184:8635)
	at r.B (/usr/share/code/resources/app/out/vs/workbench/api/node/extensionHostProcess.js:90:732)
	at r.fire (/usr/share/code/resources/app/out/vs/workbench/api/node/extensionHostProcess.js:90:949)
	at a.fire (/usr/share/code/resources/app/out/vs/workbench/api/node/extensionHostProcess.js:115:14463)
	at MessagePortMain.<anonymous> (/usr/share/code/resources/app/out/vs/workbench/api/node/extensionHostProcess.js:184:6761)
	at MessagePortMain.emit (node:events:519:28)
	at MessagePortMain._internalPort.emit (node:electron/js2c/utility_init:2:2619)
2024-12-07 11:53:03.692 [error] Unable to find matching pair for < at char 931: Error: Unable to find matching pair for < at char 931
	at r.error (/usr/share/code/resources/app/extensions/emmet/dist/node/emmetNodeMain.js:1:22533)
	at d (/usr/share/code/resources/app/extensions/emmet/dist/node/emmetNodeMain.js:1:21763)
	at u (/usr/share/code/resources/app/extensions/emmet/dist/node/emmetNodeMain.js:1:14745)
	at d (/usr/share/code/resources/app/extensions/emmet/dist/node/emmetNodeMain.js:1:14879)
	at /usr/share/code/resources/app/extensions/emmet/dist/node/emmetNodeMain.js:1:15491
	at v (/usr/share/code/resources/app/extensions/emmet/dist/node/emmetNodeMain.js:1:15597)
	at j (/usr/share/code/resources/app/extensions/emmet/dist/node/emmetNodeMain.js:1:16543)
	at P (/usr/share/code/resources/app/extensions/emmet/dist/node/emmetNodeMain.js:1:16953)
	at t.getRootNode (/usr/share/code/resources/app/extensions/emmet/dist/node/emmetNodeMain.js:1:145560)
	at t.DefaultCompletionItemProvider.provideCompletionItemsInternal (/usr/share/code/resources/app/extensions/emmet/dist/node/emmetNodeMain.js:1:131101)
	at t.DefaultCompletionItemProvider.provideCompletionItems (/usr/share/code/resources/app/extensions/emmet/dist/node/emmetNodeMain.js:1:129879)
	at me.provideCompletionItems (/usr/share/code/resources/app/out/vs/workbench/api/node/extensionHostProcess.js:161:118602)
	at /usr/share/code/resources/app/out/vs/workbench/api/node/extensionHostProcess.js:161:145130
	at We.s (/usr/share/code/resources/app/out/vs/workbench/api/node/extensionHostProcess.js:161:136041)
	at We.$provideCompletionItems (/usr/share/code/resources/app/out/vs/workbench/api/node/extensionHostProcess.js:161:145116)
	at y.S (/usr/share/code/resources/app/out/vs/workbench/api/node/extensionHostProcess.js:158:5968)
	at y.Q (/usr/share/code/resources/app/out/vs/workbench/api/node/extensionHostProcess.js:158:5734)
	at y.M (/usr/share/code/resources/app/out/vs/workbench/api/node/extensionHostProcess.js:158:4729)
	at y.L (/usr/share/code/resources/app/out/vs/workbench/api/node/extensionHostProcess.js:158:3602)
	at i.value (/usr/share/code/resources/app/out/vs/workbench/api/node/extensionHostProcess.js:158:2297)
	at r.B (/usr/share/code/resources/app/out/vs/workbench/api/node/extensionHostProcess.js:90:732)
	at r.fire (/usr/share/code/resources/app/out/vs/workbench/api/node/extensionHostProcess.js:90:949)
	at a.fire (/usr/share/code/resources/app/out/vs/workbench/api/node/extensionHostProcess.js:115:14463)
	at i.value (/usr/share/code/resources/app/out/vs/workbench/api/node/extensionHostProcess.js:184:8635)
	at r.B (/usr/share/code/resources/app/out/vs/workbench/api/node/extensionHostProcess.js:90:732)
	at r.fire (/usr/share/code/resources/app/out/vs/workbench/api/node/extensionHostProcess.js:90:949)
	at a.fire (/usr/share/code/resources/app/out/vs/workbench/api/node/extensionHostProcess.js:115:14463)
	at MessagePortMain.<anonymous> (/usr/share/code/resources/app/out/vs/workbench/api/node/extensionHostProcess.js:184:6761)
	at MessagePortMain.emit (node:events:519:28)
	at MessagePortMain._internalPort.emit (node:electron/js2c/utility_init:2:2619)
2024-12-07 11:53:43.564 [error] Unable to find matching pair for < at char 930: Error: Unable to find matching pair for < at char 930
	at r.error (/usr/share/code/resources/app/extensions/emmet/dist/node/emmetNodeMain.js:1:22533)
	at d (/usr/share/code/resources/app/extensions/emmet/dist/node/emmetNodeMain.js:1:21763)
	at u (/usr/share/code/resources/app/extensions/emmet/dist/node/emmetNodeMain.js:1:14745)
	at d (/usr/share/code/resources/app/extensions/emmet/dist/node/emmetNodeMain.js:1:14879)
	at /usr/share/code/resources/app/extensions/emmet/dist/node/emmetNodeMain.js:1:15491
	at v (/usr/share/code/resources/app/extensions/emmet/dist/node/emmetNodeMain.js:1:15597)
	at j (/usr/share/code/resources/app/extensions/emmet/dist/node/emmetNodeMain.js:1:16543)
	at P (/usr/share/code/resources/app/extensions/emmet/dist/node/emmetNodeMain.js:1:16953)
	at t.getRootNode (/usr/share/code/resources/app/extensions/emmet/dist/node/emmetNodeMain.js:1:145560)
	at t.DefaultCompletionItemProvider.provideCompletionItemsInternal (/usr/share/code/resources/app/extensions/emmet/dist/node/emmetNodeMain.js:1:131101)
	at t.DefaultCompletionItemProvider.provideCompletionItems (/usr/share/code/resources/app/extensions/emmet/dist/node/emmetNodeMain.js:1:129879)
	at me.provideCompletionItems (/usr/share/code/resources/app/out/vs/workbench/api/node/extensionHostProcess.js:161:118602)
	at /usr/share/code/resources/app/out/vs/workbench/api/node/extensionHostProcess.js:161:145130
	at We.s (/usr/share/code/resources/app/out/vs/workbench/api/node/extensionHostProcess.js:161:136041)
	at We.$provideCompletionItems (/usr/share/code/resources/app/out/vs/workbench/api/node/extensionHostProcess.js:161:145116)
	at y.S (/usr/share/code/resources/app/out/vs/workbench/api/node/extensionHostProcess.js:158:5968)
	at y.Q (/usr/share/code/resources/app/out/vs/workbench/api/node/extensionHostProcess.js:158:5734)
	at y.M (/usr/share/code/resources/app/out/vs/workbench/api/node/extensionHostProcess.js:158:4729)
	at y.L (/usr/share/code/resources/app/out/vs/workbench/api/node/extensionHostProcess.js:158:3602)
	at i.value (/usr/share/code/resources/app/out/vs/workbench/api/node/extensionHostProcess.js:158:2297)
	at r.B (/usr/share/code/resources/app/out/vs/workbench/api/node/extensionHostProcess.js:90:732)
	at r.fire (/usr/share/code/resources/app/out/vs/workbench/api/node/extensionHostProcess.js:90:949)
	at a.fire (/usr/share/code/resources/app/out/vs/workbench/api/node/extensionHostProcess.js:115:14463)
	at i.value (/usr/share/code/resources/app/out/vs/workbench/api/node/extensionHostProcess.js:184:8635)
	at r.B (/usr/share/code/resources/app/out/vs/workbench/api/node/extensionHostProcess.js:90:732)
	at r.fire (/usr/share/code/resources/app/out/vs/workbench/api/node/extensionHostProcess.js:90:949)
	at a.fire (/usr/share/code/resources/app/out/vs/workbench/api/node/extensionHostProcess.js:115:14463)
	at MessagePortMain.<anonymous> (/usr/share/code/resources/app/out/vs/workbench/api/node/extensionHostProcess.js:184:6761)
	at MessagePortMain.emit (node:events:519:28)
	at MessagePortMain._internalPort.emit (node:electron/js2c/utility_init:2:2619)
2024-12-07 11:54:47.106 [error] Unable to find matching pair for < at char 1056: Error: Unable to find matching pair for < at char 1056
	at r.error (/usr/share/code/resources/app/extensions/emmet/dist/node/emmetNodeMain.js:1:22533)
	at d (/usr/share/code/resources/app/extensions/emmet/dist/node/emmetNodeMain.js:1:21763)
	at u (/usr/share/code/resources/app/extensions/emmet/dist/node/emmetNodeMain.js:1:14745)
	at d (/usr/share/code/resources/app/extensions/emmet/dist/node/emmetNodeMain.js:1:14879)
	at /usr/share/code/resources/app/extensions/emmet/dist/node/emmetNodeMain.js:1:15491
	at v (/usr/share/code/resources/app/extensions/emmet/dist/node/emmetNodeMain.js:1:15597)
	at j (/usr/share/code/resources/app/extensions/emmet/dist/node/emmetNodeMain.js:1:16543)
	at P (/usr/share/code/resources/app/extensions/emmet/dist/node/emmetNodeMain.js:1:16953)
	at t.getRootNode (/usr/share/code/resources/app/extensions/emmet/dist/node/emmetNodeMain.js:1:145560)
	at t.DefaultCompletionItemProvider.provideCompletionItemsInternal (/usr/share/code/resources/app/extensions/emmet/dist/node/emmetNodeMain.js:1:131101)
	at t.DefaultCompletionItemProvider.provideCompletionItems (/usr/share/code/resources/app/extensions/emmet/dist/node/emmetNodeMain.js:1:129879)
	at me.provideCompletionItems (/usr/share/code/resources/app/out/vs/workbench/api/node/extensionHostProcess.js:161:118602)
	at /usr/share/code/resources/app/out/vs/workbench/api/node/extensionHostProcess.js:161:145130
	at We.s (/usr/share/code/resources/app/out/vs/workbench/api/node/extensionHostProcess.js:161:136041)
	at We.$provideCompletionItems (/usr/share/code/resources/app/out/vs/workbench/api/node/extensionHostProcess.js:161:145116)
	at y.S (/usr/share/code/resources/app/out/vs/workbench/api/node/extensionHostProcess.js:158:5968)
	at y.Q (/usr/share/code/resources/app/out/vs/workbench/api/node/extensionHostProcess.js:158:5734)
	at y.M (/usr/share/code/resources/app/out/vs/workbench/api/node/extensionHostProcess.js:158:4729)
	at y.L (/usr/share/code/resources/app/out/vs/workbench/api/node/extensionHostProcess.js:158:3602)
	at i.value (/usr/share/code/resources/app/out/vs/workbench/api/node/extensionHostProcess.js:158:2297)
	at r.B (/usr/share/code/resources/app/out/vs/workbench/api/node/extensionHostProcess.js:90:732)
	at r.fire (/usr/share/code/resources/app/out/vs/workbench/api/node/extensionHostProcess.js:90:949)
	at a.fire (/usr/share/code/resources/app/out/vs/workbench/api/node/extensionHostProcess.js:115:14463)
	at i.value (/usr/share/code/resources/app/out/vs/workbench/api/node/extensionHostProcess.js:184:8635)
	at r.B (/usr/share/code/resources/app/out/vs/workbench/api/node/extensionHostProcess.js:90:732)
	at r.fire (/usr/share/code/resources/app/out/vs/workbench/api/node/extensionHostProcess.js:90:949)
	at a.fire (/usr/share/code/resources/app/out/vs/workbench/api/node/extensionHostProcess.js:115:14463)
	at MessagePortMain.<anonymous> (/usr/share/code/resources/app/out/vs/workbench/api/node/extensionHostProcess.js:184:6761)
	at MessagePortMain.emit (node:events:519:28)
	at MessagePortMain._internalPort.emit (node:electron/js2c/utility_init:2:2619)
2024-12-07 11:54:48.133 [error] Unable to find matching pair for < at char 1056: Error: Unable to find matching pair for < at char 1056
	at r.error (/usr/share/code/resources/app/extensions/emmet/dist/node/emmetNodeMain.js:1:22533)
	at d (/usr/share/code/resources/app/extensions/emmet/dist/node/emmetNodeMain.js:1:21763)
	at u (/usr/share/code/resources/app/extensions/emmet/dist/node/emmetNodeMain.js:1:14745)
	at d (/usr/share/code/resources/app/extensions/emmet/dist/node/emmetNodeMain.js:1:14879)
	at /usr/share/code/resources/app/extensions/emmet/dist/node/emmetNodeMain.js:1:15491
	at v (/usr/share/code/resources/app/extensions/emmet/dist/node/emmetNodeMain.js:1:15597)
	at j (/usr/share/code/resources/app/extensions/emmet/dist/node/emmetNodeMain.js:1:16543)
	at P (/usr/share/code/resources/app/extensions/emmet/dist/node/emmetNodeMain.js:1:16953)
	at t.getRootNode (/usr/share/code/resources/app/extensions/emmet/dist/node/emmetNodeMain.js:1:145560)
	at t.DefaultCompletionItemProvider.provideCompletionItemsInternal (/usr/share/code/resources/app/extensions/emmet/dist/node/emmetNodeMain.js:1:131101)
	at t.DefaultCompletionItemProvider.provideCompletionItems (/usr/share/code/resources/app/extensions/emmet/dist/node/emmetNodeMain.js:1:129879)
	at me.provideCompletionItems (/usr/share/code/resources/app/out/vs/workbench/api/node/extensionHostProcess.js:161:118602)
	at /usr/share/code/resources/app/out/vs/workbench/api/node/extensionHostProcess.js:161:145130
	at We.s (/usr/share/code/resources/app/out/vs/workbench/api/node/extensionHostProcess.js:161:136041)
	at We.$provideCompletionItems (/usr/share/code/resources/app/out/vs/workbench/api/node/extensionHostProcess.js:161:145116)
	at y.S (/usr/share/code/resources/app/out/vs/workbench/api/node/extensionHostProcess.js:158:5968)
	at y.Q (/usr/share/code/resources/app/out/vs/workbench/api/node/extensionHostProcess.js:158:5734)
	at y.M (/usr/share/code/resources/app/out/vs/workbench/api/node/extensionHostProcess.js:158:4729)
	at y.L (/usr/share/code/resources/app/out/vs/workbench/api/node/extensionHostProcess.js:158:3602)
	at i.value (/usr/share/code/resources/app/out/vs/workbench/api/node/extensionHostProcess.js:158:2297)
	at r.B (/usr/share/code/resources/app/out/vs/workbench/api/node/extensionHostProcess.js:90:732)
	at r.fire (/usr/share/code/resources/app/out/vs/workbench/api/node/extensionHostProcess.js:90:949)
	at a.fire (/usr/share/code/resources/app/out/vs/workbench/api/node/extensionHostProcess.js:115:14463)
	at i.value (/usr/share/code/resources/app/out/vs/workbench/api/node/extensionHostProcess.js:184:8635)
	at r.B (/usr/share/code/resources/app/out/vs/workbench/api/node/extensionHostProcess.js:90:732)
	at r.fire (/usr/share/code/resources/app/out/vs/workbench/api/node/extensionHostProcess.js:90:949)
	at a.fire (/usr/share/code/resources/app/out/vs/workbench/api/node/extensionHostProcess.js:115:14463)
	at MessagePortMain.<anonymous> (/usr/share/code/resources/app/out/vs/workbench/api/node/extensionHostProcess.js:184:6761)
	at MessagePortMain.emit (node:events:519:28)
	at MessagePortMain._internalPort.emit (node:electron/js2c/utility_init:2:2619)
