2024-12-07 11:08:51.219 [info] Extension host with pid 5582 started
2024-12-07 11:08:51.219 [info] Skipping acquiring lock for /home/ise/.config/Code/User/workspaceStorage/708bcbec6a4c4155cf2ec9822480b2f6.
2024-12-07 11:08:51.347 [info] ExtensionService#_doActivateExtension vscode.emmet, startup: false, activationEvent: 'onLanguage'
2024-12-07 11:08:51.352 [info] ExtensionService#_doActivateExtension vscode.html-language-features, startup: false, activationEvent: 'onLanguage:html'
2024-12-07 11:08:51.369 [info] ExtensionService#_doActivateExtension ms-vscode.live-server, startup: false, activationEvent: 'onWebviewPanel:browserPreview'
2024-12-07 11:08:51.860 [info] ExtensionService#_doActivateExtension vscode.git-base, startup: true, activationEvent: '*', root cause: vscode.git
2024-12-07 11:08:51.871 [info] ExtensionService#_doActivateExtension vscode.git, startup: true, activationEvent: '*'
2024-12-07 11:08:51.896 [info] ExtensionService#_doActivateExtension vscode.github, startup: true, activationEvent: '*'
2024-12-07 11:08:51.930 [info] Eager extensions activated
2024-12-07 11:08:51.946 [info] ExtensionService#_doActivateExtension vscode.debug-auto-launch, startup: false, activationEvent: 'onStartupFinished'
2024-12-07 11:08:51.948 [info] ExtensionService#_doActivateExtension vscode.merge-conflict, startup: false, activationEvent: 'onStartupFinished'
2024-12-07 11:26:25.438 [error] [vscode.emmet] provider FAILED
2024-12-07 11:26:25.438 [error] Error: Unable to find matching pair for < at char 168
	at r.error (/usr/share/code/resources/app/extensions/emmet/dist/node/emmetNodeMain.js:1:22533)
	at d (/usr/share/code/resources/app/extensions/emmet/dist/node/emmetNodeMain.js:1:21763)
	at u (/usr/share/code/resources/app/extensions/emmet/dist/node/emmetNodeMain.js:1:14745)
	at d (/usr/share/code/resources/app/extensions/emmet/dist/node/emmetNodeMain.js:1:14879)
	at /usr/share/code/resources/app/extensions/emmet/dist/node/emmetNodeMain.js:1:15491
	at v (/usr/share/code/resources/app/extensions/emmet/dist/node/emmetNodeMain.js:1:15597)
	at j (/usr/share/code/resources/app/extensions/emmet/dist/node/emmetNodeMain.js:1:16543)
	at P (/usr/share/code/resources/app/extensions/emmet/dist/node/emmetNodeMain.js:1:16953)
	at t.getRootNode (/usr/share/code/resources/app/extensions/emmet/dist/node/emmetNodeMain.js:1:145560)
	at t.DefaultCompletionItemProvider.provideCompletionItemsInternal (/usr/share/code/resources/app/extensions/emmet/dist/node/emmetNodeMain.js:1:131101)
	at t.DefaultCompletionItemProvider.provideCompletionItems (/usr/share/code/resources/app/extensions/emmet/dist/node/emmetNodeMain.js:1:129879)
	at me.provideCompletionItems (/usr/share/code/resources/app/out/vs/workbench/api/node/extensionHostProcess.js:161:118602)
	at /usr/share/code/resources/app/out/vs/workbench/api/node/extensionHostProcess.js:161:145130
	at We.s (/usr/share/code/resources/app/out/vs/workbench/api/node/extensionHostProcess.js:161:136041)
	at We.$provideCompletionItems (/usr/share/code/resources/app/out/vs/workbench/api/node/extensionHostProcess.js:161:145116)
	at y.S (/usr/share/code/resources/app/out/vs/workbench/api/node/extensionHostProcess.js:158:5968)
	at y.Q (/usr/share/code/resources/app/out/vs/workbench/api/node/extensionHostProcess.js:158:5734)
	at y.M (/usr/share/code/resources/app/out/vs/workbench/api/node/extensionHostProcess.js:158:4729)
	at y.L (/usr/share/code/resources/app/out/vs/workbench/api/node/extensionHostProcess.js:158:3602)
	at i.value (/usr/share/code/resources/app/out/vs/workbench/api/node/extensionHostProcess.js:158:2297)
	at r.B (/usr/share/code/resources/app/out/vs/workbench/api/node/extensionHostProcess.js:90:732)
	at r.fire (/usr/share/code/resources/app/out/vs/workbench/api/node/extensionHostProcess.js:90:949)
	at a.fire (/usr/share/code/resources/app/out/vs/workbench/api/node/extensionHostProcess.js:115:14463)
	at i.value (/usr/share/code/resources/app/out/vs/workbench/api/node/extensionHostProcess.js:184:8635)
	at r.B (/usr/share/code/resources/app/out/vs/workbench/api/node/extensionHostProcess.js:90:732)
	at r.fire (/usr/share/code/resources/app/out/vs/workbench/api/node/extensionHostProcess.js:90:949)
	at a.fire (/usr/share/code/resources/app/out/vs/workbench/api/node/extensionHostProcess.js:115:14463)
	at MessagePortMain.<anonymous> (/usr/share/code/resources/app/out/vs/workbench/api/node/extensionHostProcess.js:184:6761)
	at MessagePortMain.emit (node:events:519:28)
	at MessagePortMain._internalPort.emit (node:electron/js2c/utility_init:2:2619)
2024-12-07 11:26:26.993 [error] [vscode.emmet] provider FAILED
2024-12-07 11:26:26.993 [error] Error: Unable to find matching pair for < at char 168
	at r.error (/usr/share/code/resources/app/extensions/emmet/dist/node/emmetNodeMain.js:1:22533)
	at d (/usr/share/code/resources/app/extensions/emmet/dist/node/emmetNodeMain.js:1:21763)
	at u (/usr/share/code/resources/app/extensions/emmet/dist/node/emmetNodeMain.js:1:14745)
	at d (/usr/share/code/resources/app/extensions/emmet/dist/node/emmetNodeMain.js:1:14879)
	at /usr/share/code/resources/app/extensions/emmet/dist/node/emmetNodeMain.js:1:15491
	at v (/usr/share/code/resources/app/extensions/emmet/dist/node/emmetNodeMain.js:1:15597)
	at j (/usr/share/code/resources/app/extensions/emmet/dist/node/emmetNodeMain.js:1:16543)
	at P (/usr/share/code/resources/app/extensions/emmet/dist/node/emmetNodeMain.js:1:16953)
	at t.getRootNode (/usr/share/code/resources/app/extensions/emmet/dist/node/emmetNodeMain.js:1:145560)
	at t.DefaultCompletionItemProvider.provideCompletionItemsInternal (/usr/share/code/resources/app/extensions/emmet/dist/node/emmetNodeMain.js:1:131101)
	at t.DefaultCompletionItemProvider.provideCompletionItems (/usr/share/code/resources/app/extensions/emmet/dist/node/emmetNodeMain.js:1:129879)
	at me.provideCompletionItems (/usr/share/code/resources/app/out/vs/workbench/api/node/extensionHostProcess.js:161:118602)
	at /usr/share/code/resources/app/out/vs/workbench/api/node/extensionHostProcess.js:161:145130
	at We.s (/usr/share/code/resources/app/out/vs/workbench/api/node/extensionHostProcess.js:161:136041)
	at We.$provideCompletionItems (/usr/share/code/resources/app/out/vs/workbench/api/node/extensionHostProcess.js:161:145116)
	at y.S (/usr/share/code/resources/app/out/vs/workbench/api/node/extensionHostProcess.js:158:5968)
	at y.Q (/usr/share/code/resources/app/out/vs/workbench/api/node/extensionHostProcess.js:158:5734)
	at y.M (/usr/share/code/resources/app/out/vs/workbench/api/node/extensionHostProcess.js:158:4729)
	at y.L (/usr/share/code/resources/app/out/vs/workbench/api/node/extensionHostProcess.js:158:3602)
	at i.value (/usr/share/code/resources/app/out/vs/workbench/api/node/extensionHostProcess.js:158:2297)
	at r.B (/usr/share/code/resources/app/out/vs/workbench/api/node/extensionHostProcess.js:90:732)
	at r.fire (/usr/share/code/resources/app/out/vs/workbench/api/node/extensionHostProcess.js:90:949)
	at a.fire (/usr/share/code/resources/app/out/vs/workbench/api/node/extensionHostProcess.js:115:14463)
	at i.value (/usr/share/code/resources/app/out/vs/workbench/api/node/extensionHostProcess.js:184:8635)
	at r.B (/usr/share/code/resources/app/out/vs/workbench/api/node/extensionHostProcess.js:90:732)
	at r.fire (/usr/share/code/resources/app/out/vs/workbench/api/node/extensionHostProcess.js:90:949)
	at a.fire (/usr/share/code/resources/app/out/vs/workbench/api/node/extensionHostProcess.js:115:14463)
	at MessagePortMain.<anonymous> (/usr/share/code/resources/app/out/vs/workbench/api/node/extensionHostProcess.js:184:6761)
	at MessagePortMain.emit (node:events:519:28)
	at MessagePortMain._internalPort.emit (node:electron/js2c/utility_init:2:2619)
2024-12-07 11:26:28.934 [error] [vscode.emmet] provider FAILED
2024-12-07 11:26:28.934 [error] Error: Unable to find matching pair for < at char 168
	at r.error (/usr/share/code/resources/app/extensions/emmet/dist/node/emmetNodeMain.js:1:22533)
	at d (/usr/share/code/resources/app/extensions/emmet/dist/node/emmetNodeMain.js:1:21763)
	at u (/usr/share/code/resources/app/extensions/emmet/dist/node/emmetNodeMain.js:1:14745)
	at d (/usr/share/code/resources/app/extensions/emmet/dist/node/emmetNodeMain.js:1:14879)
	at /usr/share/code/resources/app/extensions/emmet/dist/node/emmetNodeMain.js:1:15491
	at v (/usr/share/code/resources/app/extensions/emmet/dist/node/emmetNodeMain.js:1:15597)
	at j (/usr/share/code/resources/app/extensions/emmet/dist/node/emmetNodeMain.js:1:16543)
	at P (/usr/share/code/resources/app/extensions/emmet/dist/node/emmetNodeMain.js:1:16953)
	at t.getRootNode (/usr/share/code/resources/app/extensions/emmet/dist/node/emmetNodeMain.js:1:145560)
	at t.DefaultCompletionItemProvider.provideCompletionItemsInternal (/usr/share/code/resources/app/extensions/emmet/dist/node/emmetNodeMain.js:1:131101)
	at t.DefaultCompletionItemProvider.provideCompletionItems (/usr/share/code/resources/app/extensions/emmet/dist/node/emmetNodeMain.js:1:129879)
	at me.provideCompletionItems (/usr/share/code/resources/app/out/vs/workbench/api/node/extensionHostProcess.js:161:118602)
	at /usr/share/code/resources/app/out/vs/workbench/api/node/extensionHostProcess.js:161:145130
	at We.s (/usr/share/code/resources/app/out/vs/workbench/api/node/extensionHostProcess.js:161:136041)
	at We.$provideCompletionItems (/usr/share/code/resources/app/out/vs/workbench/api/node/extensionHostProcess.js:161:145116)
	at y.S (/usr/share/code/resources/app/out/vs/workbench/api/node/extensionHostProcess.js:158:5968)
	at y.Q (/usr/share/code/resources/app/out/vs/workbench/api/node/extensionHostProcess.js:158:5734)
	at y.M (/usr/share/code/resources/app/out/vs/workbench/api/node/extensionHostProcess.js:158:4729)
	at y.L (/usr/share/code/resources/app/out/vs/workbench/api/node/extensionHostProcess.js:158:3602)
	at i.value (/usr/share/code/resources/app/out/vs/workbench/api/node/extensionHostProcess.js:158:2297)
	at r.B (/usr/share/code/resources/app/out/vs/workbench/api/node/extensionHostProcess.js:90:732)
	at r.fire (/usr/share/code/resources/app/out/vs/workbench/api/node/extensionHostProcess.js:90:949)
	at a.fire (/usr/share/code/resources/app/out/vs/workbench/api/node/extensionHostProcess.js:115:14463)
	at i.value (/usr/share/code/resources/app/out/vs/workbench/api/node/extensionHostProcess.js:184:8635)
	at r.B (/usr/share/code/resources/app/out/vs/workbench/api/node/extensionHostProcess.js:90:732)
	at r.fire (/usr/share/code/resources/app/out/vs/workbench/api/node/extensionHostProcess.js:90:949)
	at a.fire (/usr/share/code/resources/app/out/vs/workbench/api/node/extensionHostProcess.js:115:14463)
	at MessagePortMain.<anonymous> (/usr/share/code/resources/app/out/vs/workbench/api/node/extensionHostProcess.js:184:6761)
	at MessagePortMain.emit (node:events:519:28)
	at MessagePortMain._internalPort.emit (node:electron/js2c/utility_init:2:2619)
2024-12-07 11:26:29.542 [error] [vscode.emmet] provider FAILED
2024-12-07 11:26:29.543 [error] Error: Unable to find matching pair for < at char 168
	at r.error (/usr/share/code/resources/app/extensions/emmet/dist/node/emmetNodeMain.js:1:22533)
	at d (/usr/share/code/resources/app/extensions/emmet/dist/node/emmetNodeMain.js:1:21763)
	at u (/usr/share/code/resources/app/extensions/emmet/dist/node/emmetNodeMain.js:1:14745)
	at d (/usr/share/code/resources/app/extensions/emmet/dist/node/emmetNodeMain.js:1:14879)
	at /usr/share/code/resources/app/extensions/emmet/dist/node/emmetNodeMain.js:1:15491
	at v (/usr/share/code/resources/app/extensions/emmet/dist/node/emmetNodeMain.js:1:15597)
	at j (/usr/share/code/resources/app/extensions/emmet/dist/node/emmetNodeMain.js:1:16543)
	at P (/usr/share/code/resources/app/extensions/emmet/dist/node/emmetNodeMain.js:1:16953)
	at t.getRootNode (/usr/share/code/resources/app/extensions/emmet/dist/node/emmetNodeMain.js:1:145560)
	at t.DefaultCompletionItemProvider.provideCompletionItemsInternal (/usr/share/code/resources/app/extensions/emmet/dist/node/emmetNodeMain.js:1:131101)
	at t.DefaultCompletionItemProvider.provideCompletionItems (/usr/share/code/resources/app/extensions/emmet/dist/node/emmetNodeMain.js:1:129879)
	at me.provideCompletionItems (/usr/share/code/resources/app/out/vs/workbench/api/node/extensionHostProcess.js:161:118602)
	at /usr/share/code/resources/app/out/vs/workbench/api/node/extensionHostProcess.js:161:145130
	at We.s (/usr/share/code/resources/app/out/vs/workbench/api/node/extensionHostProcess.js:161:136041)
	at We.$provideCompletionItems (/usr/share/code/resources/app/out/vs/workbench/api/node/extensionHostProcess.js:161:145116)
	at y.S (/usr/share/code/resources/app/out/vs/workbench/api/node/extensionHostProcess.js:158:5968)
	at y.Q (/usr/share/code/resources/app/out/vs/workbench/api/node/extensionHostProcess.js:158:5734)
	at y.M (/usr/share/code/resources/app/out/vs/workbench/api/node/extensionHostProcess.js:158:4729)
	at y.L (/usr/share/code/resources/app/out/vs/workbench/api/node/extensionHostProcess.js:158:3602)
	at i.value (/usr/share/code/resources/app/out/vs/workbench/api/node/extensionHostProcess.js:158:2297)
	at r.B (/usr/share/code/resources/app/out/vs/workbench/api/node/extensionHostProcess.js:90:732)
	at r.fire (/usr/share/code/resources/app/out/vs/workbench/api/node/extensionHostProcess.js:90:949)
	at a.fire (/usr/share/code/resources/app/out/vs/workbench/api/node/extensionHostProcess.js:115:14463)
	at i.value (/usr/share/code/resources/app/out/vs/workbench/api/node/extensionHostProcess.js:184:8635)
	at r.B (/usr/share/code/resources/app/out/vs/workbench/api/node/extensionHostProcess.js:90:732)
	at r.fire (/usr/share/code/resources/app/out/vs/workbench/api/node/extensionHostProcess.js:90:949)
	at a.fire (/usr/share/code/resources/app/out/vs/workbench/api/node/extensionHostProcess.js:115:14463)
	at MessagePortMain.<anonymous> (/usr/share/code/resources/app/out/vs/workbench/api/node/extensionHostProcess.js:184:6761)
	at MessagePortMain.emit (node:events:519:28)
	at MessagePortMain._internalPort.emit (node:electron/js2c/utility_init:2:2619)
2024-12-07 11:33:07.367 [error] [vscode.emmet] provider FAILED
2024-12-07 11:33:07.367 [error] Error: Unable to find matching pair for < at char 142
	at r.error (/usr/share/code/resources/app/extensions/emmet/dist/node/emmetNodeMain.js:1:22533)
	at d (/usr/share/code/resources/app/extensions/emmet/dist/node/emmetNodeMain.js:1:21763)
	at u (/usr/share/code/resources/app/extensions/emmet/dist/node/emmetNodeMain.js:1:14745)
	at d (/usr/share/code/resources/app/extensions/emmet/dist/node/emmetNodeMain.js:1:14879)
	at /usr/share/code/resources/app/extensions/emmet/dist/node/emmetNodeMain.js:1:15491
	at v (/usr/share/code/resources/app/extensions/emmet/dist/node/emmetNodeMain.js:1:15597)
	at j (/usr/share/code/resources/app/extensions/emmet/dist/node/emmetNodeMain.js:1:16543)
	at P (/usr/share/code/resources/app/extensions/emmet/dist/node/emmetNodeMain.js:1:16953)
	at t.getRootNode (/usr/share/code/resources/app/extensions/emmet/dist/node/emmetNodeMain.js:1:145560)
	at t.DefaultCompletionItemProvider.provideCompletionItemsInternal (/usr/share/code/resources/app/extensions/emmet/dist/node/emmetNodeMain.js:1:131101)
	at t.DefaultCompletionItemProvider.provideCompletionItems (/usr/share/code/resources/app/extensions/emmet/dist/node/emmetNodeMain.js:1:129879)
	at me.provideCompletionItems (/usr/share/code/resources/app/out/vs/workbench/api/node/extensionHostProcess.js:161:118602)
	at /usr/share/code/resources/app/out/vs/workbench/api/node/extensionHostProcess.js:161:145130
	at We.s (/usr/share/code/resources/app/out/vs/workbench/api/node/extensionHostProcess.js:161:136041)
	at We.$provideCompletionItems (/usr/share/code/resources/app/out/vs/workbench/api/node/extensionHostProcess.js:161:145116)
	at y.S (/usr/share/code/resources/app/out/vs/workbench/api/node/extensionHostProcess.js:158:5968)
	at y.Q (/usr/share/code/resources/app/out/vs/workbench/api/node/extensionHostProcess.js:158:5734)
	at y.M (/usr/share/code/resources/app/out/vs/workbench/api/node/extensionHostProcess.js:158:4729)
	at y.L (/usr/share/code/resources/app/out/vs/workbench/api/node/extensionHostProcess.js:158:3602)
	at i.value (/usr/share/code/resources/app/out/vs/workbench/api/node/extensionHostProcess.js:158:2297)
	at r.B (/usr/share/code/resources/app/out/vs/workbench/api/node/extensionHostProcess.js:90:732)
	at r.fire (/usr/share/code/resources/app/out/vs/workbench/api/node/extensionHostProcess.js:90:949)
	at a.fire (/usr/share/code/resources/app/out/vs/workbench/api/node/extensionHostProcess.js:115:14463)
	at i.value (/usr/share/code/resources/app/out/vs/workbench/api/node/extensionHostProcess.js:184:8635)
	at r.B (/usr/share/code/resources/app/out/vs/workbench/api/node/extensionHostProcess.js:90:732)
	at r.fire (/usr/share/code/resources/app/out/vs/workbench/api/node/extensionHostProcess.js:90:949)
	at a.fire (/usr/share/code/resources/app/out/vs/workbench/api/node/extensionHostProcess.js:115:14463)
	at MessagePortMain.<anonymous> (/usr/share/code/resources/app/out/vs/workbench/api/node/extensionHostProcess.js:184:6761)
	at MessagePortMain.emit (node:events:519:28)
	at MessagePortMain._internalPort.emit (node:electron/js2c/utility_init:2:2619)
2024-12-07 11:33:07.949 [error] [vscode.emmet] provider FAILED
2024-12-07 11:33:07.949 [error] Error: Unable to find matching pair for < at char 142
	at r.error (/usr/share/code/resources/app/extensions/emmet/dist/node/emmetNodeMain.js:1:22533)
	at d (/usr/share/code/resources/app/extensions/emmet/dist/node/emmetNodeMain.js:1:21763)
	at u (/usr/share/code/resources/app/extensions/emmet/dist/node/emmetNodeMain.js:1:14745)
	at d (/usr/share/code/resources/app/extensions/emmet/dist/node/emmetNodeMain.js:1:14879)
	at /usr/share/code/resources/app/extensions/emmet/dist/node/emmetNodeMain.js:1:15491
	at v (/usr/share/code/resources/app/extensions/emmet/dist/node/emmetNodeMain.js:1:15597)
	at j (/usr/share/code/resources/app/extensions/emmet/dist/node/emmetNodeMain.js:1:16543)
	at P (/usr/share/code/resources/app/extensions/emmet/dist/node/emmetNodeMain.js:1:16953)
	at t.getRootNode (/usr/share/code/resources/app/extensions/emmet/dist/node/emmetNodeMain.js:1:145560)
	at t.DefaultCompletionItemProvider.provideCompletionItemsInternal (/usr/share/code/resources/app/extensions/emmet/dist/node/emmetNodeMain.js:1:131101)
	at t.DefaultCompletionItemProvider.provideCompletionItems (/usr/share/code/resources/app/extensions/emmet/dist/node/emmetNodeMain.js:1:129879)
	at me.provideCompletionItems (/usr/share/code/resources/app/out/vs/workbench/api/node/extensionHostProcess.js:161:118602)
	at /usr/share/code/resources/app/out/vs/workbench/api/node/extensionHostProcess.js:161:145130
	at We.s (/usr/share/code/resources/app/out/vs/workbench/api/node/extensionHostProcess.js:161:136041)
	at We.$provideCompletionItems (/usr/share/code/resources/app/out/vs/workbench/api/node/extensionHostProcess.js:161:145116)
	at y.S (/usr/share/code/resources/app/out/vs/workbench/api/node/extensionHostProcess.js:158:5968)
	at y.Q (/usr/share/code/resources/app/out/vs/workbench/api/node/extensionHostProcess.js:158:5734)
	at y.M (/usr/share/code/resources/app/out/vs/workbench/api/node/extensionHostProcess.js:158:4729)
	at y.L (/usr/share/code/resources/app/out/vs/workbench/api/node/extensionHostProcess.js:158:3602)
	at i.value (/usr/share/code/resources/app/out/vs/workbench/api/node/extensionHostProcess.js:158:2297)
	at r.B (/usr/share/code/resources/app/out/vs/workbench/api/node/extensionHostProcess.js:90:732)
	at r.fire (/usr/share/code/resources/app/out/vs/workbench/api/node/extensionHostProcess.js:90:949)
	at a.fire (/usr/share/code/resources/app/out/vs/workbench/api/node/extensionHostProcess.js:115:14463)
	at i.value (/usr/share/code/resources/app/out/vs/workbench/api/node/extensionHostProcess.js:184:8635)
	at r.B (/usr/share/code/resources/app/out/vs/workbench/api/node/extensionHostProcess.js:90:732)
	at r.fire (/usr/share/code/resources/app/out/vs/workbench/api/node/extensionHostProcess.js:90:949)
	at a.fire (/usr/share/code/resources/app/out/vs/workbench/api/node/extensionHostProcess.js:115:14463)
	at MessagePortMain.<anonymous> (/usr/share/code/resources/app/out/vs/workbench/api/node/extensionHostProcess.js:184:6761)
	at MessagePortMain.emit (node:events:519:28)
	at MessagePortMain._internalPort.emit (node:electron/js2c/utility_init:2:2619)
2024-12-07 11:33:08.441 [error] [vscode.emmet] provider FAILED
2024-12-07 11:33:08.441 [error] Error: Unable to find matching pair for < at char 142
	at r.error (/usr/share/code/resources/app/extensions/emmet/dist/node/emmetNodeMain.js:1:22533)
	at d (/usr/share/code/resources/app/extensions/emmet/dist/node/emmetNodeMain.js:1:21763)
	at u (/usr/share/code/resources/app/extensions/emmet/dist/node/emmetNodeMain.js:1:14745)
	at d (/usr/share/code/resources/app/extensions/emmet/dist/node/emmetNodeMain.js:1:14879)
	at /usr/share/code/resources/app/extensions/emmet/dist/node/emmetNodeMain.js:1:15491
	at v (/usr/share/code/resources/app/extensions/emmet/dist/node/emmetNodeMain.js:1:15597)
	at j (/usr/share/code/resources/app/extensions/emmet/dist/node/emmetNodeMain.js:1:16543)
	at P (/usr/share/code/resources/app/extensions/emmet/dist/node/emmetNodeMain.js:1:16953)
	at t.getRootNode (/usr/share/code/resources/app/extensions/emmet/dist/node/emmetNodeMain.js:1:145560)
	at t.DefaultCompletionItemProvider.provideCompletionItemsInternal (/usr/share/code/resources/app/extensions/emmet/dist/node/emmetNodeMain.js:1:131101)
	at t.DefaultCompletionItemProvider.provideCompletionItems (/usr/share/code/resources/app/extensions/emmet/dist/node/emmetNodeMain.js:1:129879)
	at me.provideCompletionItems (/usr/share/code/resources/app/out/vs/workbench/api/node/extensionHostProcess.js:161:118602)
	at /usr/share/code/resources/app/out/vs/workbench/api/node/extensionHostProcess.js:161:145130
	at We.s (/usr/share/code/resources/app/out/vs/workbench/api/node/extensionHostProcess.js:161:136041)
	at We.$provideCompletionItems (/usr/share/code/resources/app/out/vs/workbench/api/node/extensionHostProcess.js:161:145116)
	at y.S (/usr/share/code/resources/app/out/vs/workbench/api/node/extensionHostProcess.js:158:5968)
	at y.Q (/usr/share/code/resources/app/out/vs/workbench/api/node/extensionHostProcess.js:158:5734)
	at y.M (/usr/share/code/resources/app/out/vs/workbench/api/node/extensionHostProcess.js:158:4729)
	at y.L (/usr/share/code/resources/app/out/vs/workbench/api/node/extensionHostProcess.js:158:3602)
	at i.value (/usr/share/code/resources/app/out/vs/workbench/api/node/extensionHostProcess.js:158:2297)
	at r.B (/usr/share/code/resources/app/out/vs/workbench/api/node/extensionHostProcess.js:90:732)
	at r.fire (/usr/share/code/resources/app/out/vs/workbench/api/node/extensionHostProcess.js:90:949)
	at a.fire (/usr/share/code/resources/app/out/vs/workbench/api/node/extensionHostProcess.js:115:14463)
	at i.value (/usr/share/code/resources/app/out/vs/workbench/api/node/extensionHostProcess.js:184:8635)
	at r.B (/usr/share/code/resources/app/out/vs/workbench/api/node/extensionHostProcess.js:90:732)
	at r.fire (/usr/share/code/resources/app/out/vs/workbench/api/node/extensionHostProcess.js:90:949)
	at a.fire (/usr/share/code/resources/app/out/vs/workbench/api/node/extensionHostProcess.js:115:14463)
	at MessagePortMain.<anonymous> (/usr/share/code/resources/app/out/vs/workbench/api/node/extensionHostProcess.js:184:6761)
	at MessagePortMain.emit (node:events:519:28)
	at MessagePortMain._internalPort.emit (node:electron/js2c/utility_init:2:2619)
2024-12-07 11:33:08.539 [error] [vscode.emmet] provider FAILED
2024-12-07 11:33:08.540 [error] Error: Unable to find matching pair for < at char 142
	at r.error (/usr/share/code/resources/app/extensions/emmet/dist/node/emmetNodeMain.js:1:22533)
	at d (/usr/share/code/resources/app/extensions/emmet/dist/node/emmetNodeMain.js:1:21763)
	at u (/usr/share/code/resources/app/extensions/emmet/dist/node/emmetNodeMain.js:1:14745)
	at d (/usr/share/code/resources/app/extensions/emmet/dist/node/emmetNodeMain.js:1:14879)
	at /usr/share/code/resources/app/extensions/emmet/dist/node/emmetNodeMain.js:1:15491
	at v (/usr/share/code/resources/app/extensions/emmet/dist/node/emmetNodeMain.js:1:15597)
	at j (/usr/share/code/resources/app/extensions/emmet/dist/node/emmetNodeMain.js:1:16543)
	at P (/usr/share/code/resources/app/extensions/emmet/dist/node/emmetNodeMain.js:1:16953)
	at t.getRootNode (/usr/share/code/resources/app/extensions/emmet/dist/node/emmetNodeMain.js:1:145560)
	at t.DefaultCompletionItemProvider.provideCompletionItemsInternal (/usr/share/code/resources/app/extensions/emmet/dist/node/emmetNodeMain.js:1:131101)
	at t.DefaultCompletionItemProvider.provideCompletionItems (/usr/share/code/resources/app/extensions/emmet/dist/node/emmetNodeMain.js:1:129879)
	at me.provideCompletionItems (/usr/share/code/resources/app/out/vs/workbench/api/node/extensionHostProcess.js:161:118602)
	at /usr/share/code/resources/app/out/vs/workbench/api/node/extensionHostProcess.js:161:145130
	at We.s (/usr/share/code/resources/app/out/vs/workbench/api/node/extensionHostProcess.js:161:136041)
	at We.$provideCompletionItems (/usr/share/code/resources/app/out/vs/workbench/api/node/extensionHostProcess.js:161:145116)
	at y.S (/usr/share/code/resources/app/out/vs/workbench/api/node/extensionHostProcess.js:158:5968)
	at y.Q (/usr/share/code/resources/app/out/vs/workbench/api/node/extensionHostProcess.js:158:5734)
	at y.M (/usr/share/code/resources/app/out/vs/workbench/api/node/extensionHostProcess.js:158:4729)
	at y.L (/usr/share/code/resources/app/out/vs/workbench/api/node/extensionHostProcess.js:158:3602)
	at i.value (/usr/share/code/resources/app/out/vs/workbench/api/node/extensionHostProcess.js:158:2297)
	at r.B (/usr/share/code/resources/app/out/vs/workbench/api/node/extensionHostProcess.js:90:732)
	at r.fire (/usr/share/code/resources/app/out/vs/workbench/api/node/extensionHostProcess.js:90:949)
	at a.fire (/usr/share/code/resources/app/out/vs/workbench/api/node/extensionHostProcess.js:115:14463)
	at i.value (/usr/share/code/resources/app/out/vs/workbench/api/node/extensionHostProcess.js:184:8635)
	at r.B (/usr/share/code/resources/app/out/vs/workbench/api/node/extensionHostProcess.js:90:732)
	at r.fire (/usr/share/code/resources/app/out/vs/workbench/api/node/extensionHostProcess.js:90:949)
	at a.fire (/usr/share/code/resources/app/out/vs/workbench/api/node/extensionHostProcess.js:115:14463)
	at MessagePortMain.<anonymous> (/usr/share/code/resources/app/out/vs/workbench/api/node/extensionHostProcess.js:184:6761)
	at MessagePortMain.emit (node:events:519:28)
	at MessagePortMain._internalPort.emit (node:electron/js2c/utility_init:2:2619)
2024-12-07 11:33:13.837 [error] [vscode.emmet] provider FAILED
2024-12-07 11:33:13.838 [error] Error: Unable to find matching pair for < at char 142
	at r.error (/usr/share/code/resources/app/extensions/emmet/dist/node/emmetNodeMain.js:1:22533)
	at d (/usr/share/code/resources/app/extensions/emmet/dist/node/emmetNodeMain.js:1:21763)
	at u (/usr/share/code/resources/app/extensions/emmet/dist/node/emmetNodeMain.js:1:14745)
	at d (/usr/share/code/resources/app/extensions/emmet/dist/node/emmetNodeMain.js:1:14879)
	at /usr/share/code/resources/app/extensions/emmet/dist/node/emmetNodeMain.js:1:15491
	at v (/usr/share/code/resources/app/extensions/emmet/dist/node/emmetNodeMain.js:1:15597)
	at j (/usr/share/code/resources/app/extensions/emmet/dist/node/emmetNodeMain.js:1:16543)
	at P (/usr/share/code/resources/app/extensions/emmet/dist/node/emmetNodeMain.js:1:16953)
	at t.getRootNode (/usr/share/code/resources/app/extensions/emmet/dist/node/emmetNodeMain.js:1:145560)
	at t.DefaultCompletionItemProvider.provideCompletionItemsInternal (/usr/share/code/resources/app/extensions/emmet/dist/node/emmetNodeMain.js:1:131101)
	at t.DefaultCompletionItemProvider.provideCompletionItems (/usr/share/code/resources/app/extensions/emmet/dist/node/emmetNodeMain.js:1:129879)
	at me.provideCompletionItems (/usr/share/code/resources/app/out/vs/workbench/api/node/extensionHostProcess.js:161:118602)
	at /usr/share/code/resources/app/out/vs/workbench/api/node/extensionHostProcess.js:161:145130
	at We.s (/usr/share/code/resources/app/out/vs/workbench/api/node/extensionHostProcess.js:161:136041)
	at We.$provideCompletionItems (/usr/share/code/resources/app/out/vs/workbench/api/node/extensionHostProcess.js:161:145116)
	at y.S (/usr/share/code/resources/app/out/vs/workbench/api/node/extensionHostProcess.js:158:5968)
	at y.Q (/usr/share/code/resources/app/out/vs/workbench/api/node/extensionHostProcess.js:158:5734)
	at y.M (/usr/share/code/resources/app/out/vs/workbench/api/node/extensionHostProcess.js:158:4729)
	at y.L (/usr/share/code/resources/app/out/vs/workbench/api/node/extensionHostProcess.js:158:3602)
	at i.value (/usr/share/code/resources/app/out/vs/workbench/api/node/extensionHostProcess.js:158:2297)
	at r.B (/usr/share/code/resources/app/out/vs/workbench/api/node/extensionHostProcess.js:90:732)
	at r.fire (/usr/share/code/resources/app/out/vs/workbench/api/node/extensionHostProcess.js:90:949)
	at a.fire (/usr/share/code/resources/app/out/vs/workbench/api/node/extensionHostProcess.js:115:14463)
	at i.value (/usr/share/code/resources/app/out/vs/workbench/api/node/extensionHostProcess.js:184:8635)
	at r.B (/usr/share/code/resources/app/out/vs/workbench/api/node/extensionHostProcess.js:90:732)
	at r.fire (/usr/share/code/resources/app/out/vs/workbench/api/node/extensionHostProcess.js:90:949)
	at a.fire (/usr/share/code/resources/app/out/vs/workbench/api/node/extensionHostProcess.js:115:14463)
	at MessagePortMain.<anonymous> (/usr/share/code/resources/app/out/vs/workbench/api/node/extensionHostProcess.js:184:6761)
	at MessagePortMain.emit (node:events:519:28)
	at MessagePortMain._internalPort.emit (node:electron/js2c/utility_init:2:2619)
2024-12-07 11:33:13.948 [error] [vscode.emmet] provider FAILED
2024-12-07 11:33:13.949 [error] Error: Unable to find matching pair for < at char 142
	at r.error (/usr/share/code/resources/app/extensions/emmet/dist/node/emmetNodeMain.js:1:22533)
	at d (/usr/share/code/resources/app/extensions/emmet/dist/node/emmetNodeMain.js:1:21763)
	at u (/usr/share/code/resources/app/extensions/emmet/dist/node/emmetNodeMain.js:1:14745)
	at d (/usr/share/code/resources/app/extensions/emmet/dist/node/emmetNodeMain.js:1:14879)
	at /usr/share/code/resources/app/extensions/emmet/dist/node/emmetNodeMain.js:1:15491
	at v (/usr/share/code/resources/app/extensions/emmet/dist/node/emmetNodeMain.js:1:15597)
	at j (/usr/share/code/resources/app/extensions/emmet/dist/node/emmetNodeMain.js:1:16543)
	at P (/usr/share/code/resources/app/extensions/emmet/dist/node/emmetNodeMain.js:1:16953)
	at t.getRootNode (/usr/share/code/resources/app/extensions/emmet/dist/node/emmetNodeMain.js:1:145560)
	at t.DefaultCompletionItemProvider.provideCompletionItemsInternal (/usr/share/code/resources/app/extensions/emmet/dist/node/emmetNodeMain.js:1:131101)
	at t.DefaultCompletionItemProvider.provideCompletionItems (/usr/share/code/resources/app/extensions/emmet/dist/node/emmetNodeMain.js:1:129879)
	at me.provideCompletionItems (/usr/share/code/resources/app/out/vs/workbench/api/node/extensionHostProcess.js:161:118602)
	at /usr/share/code/resources/app/out/vs/workbench/api/node/extensionHostProcess.js:161:145130
	at We.s (/usr/share/code/resources/app/out/vs/workbench/api/node/extensionHostProcess.js:161:136041)
	at We.$provideCompletionItems (/usr/share/code/resources/app/out/vs/workbench/api/node/extensionHostProcess.js:161:145116)
	at y.S (/usr/share/code/resources/app/out/vs/workbench/api/node/extensionHostProcess.js:158:5968)
	at y.Q (/usr/share/code/resources/app/out/vs/workbench/api/node/extensionHostProcess.js:158:5734)
	at y.M (/usr/share/code/resources/app/out/vs/workbench/api/node/extensionHostProcess.js:158:4729)
	at y.L (/usr/share/code/resources/app/out/vs/workbench/api/node/extensionHostProcess.js:158:3602)
	at i.value (/usr/share/code/resources/app/out/vs/workbench/api/node/extensionHostProcess.js:158:2297)
	at r.B (/usr/share/code/resources/app/out/vs/workbench/api/node/extensionHostProcess.js:90:732)
	at r.fire (/usr/share/code/resources/app/out/vs/workbench/api/node/extensionHostProcess.js:90:949)
	at a.fire (/usr/share/code/resources/app/out/vs/workbench/api/node/extensionHostProcess.js:115:14463)
	at i.value (/usr/share/code/resources/app/out/vs/workbench/api/node/extensionHostProcess.js:184:8635)
	at r.B (/usr/share/code/resources/app/out/vs/workbench/api/node/extensionHostProcess.js:90:732)
	at r.fire (/usr/share/code/resources/app/out/vs/workbench/api/node/extensionHostProcess.js:90:949)
	at a.fire (/usr/share/code/resources/app/out/vs/workbench/api/node/extensionHostProcess.js:115:14463)
	at MessagePortMain.<anonymous> (/usr/share/code/resources/app/out/vs/workbench/api/node/extensionHostProcess.js:184:6761)
	at MessagePortMain.emit (node:events:519:28)
	at MessagePortMain._internalPort.emit (node:electron/js2c/utility_init:2:2619)
2024-12-07 11:33:14.900 [error] [vscode.emmet] provider FAILED
2024-12-07 11:33:14.900 [error] Error: Unable to find matching pair for < at char 142
	at r.error (/usr/share/code/resources/app/extensions/emmet/dist/node/emmetNodeMain.js:1:22533)
	at d (/usr/share/code/resources/app/extensions/emmet/dist/node/emmetNodeMain.js:1:21763)
	at u (/usr/share/code/resources/app/extensions/emmet/dist/node/emmetNodeMain.js:1:14745)
	at d (/usr/share/code/resources/app/extensions/emmet/dist/node/emmetNodeMain.js:1:14879)
	at /usr/share/code/resources/app/extensions/emmet/dist/node/emmetNodeMain.js:1:15491
	at v (/usr/share/code/resources/app/extensions/emmet/dist/node/emmetNodeMain.js:1:15597)
	at j (/usr/share/code/resources/app/extensions/emmet/dist/node/emmetNodeMain.js:1:16543)
	at P (/usr/share/code/resources/app/extensions/emmet/dist/node/emmetNodeMain.js:1:16953)
	at t.getRootNode (/usr/share/code/resources/app/extensions/emmet/dist/node/emmetNodeMain.js:1:145560)
	at t.DefaultCompletionItemProvider.provideCompletionItemsInternal (/usr/share/code/resources/app/extensions/emmet/dist/node/emmetNodeMain.js:1:131101)
	at t.DefaultCompletionItemProvider.provideCompletionItems (/usr/share/code/resources/app/extensions/emmet/dist/node/emmetNodeMain.js:1:129879)
	at me.provideCompletionItems (/usr/share/code/resources/app/out/vs/workbench/api/node/extensionHostProcess.js:161:118602)
	at /usr/share/code/resources/app/out/vs/workbench/api/node/extensionHostProcess.js:161:145130
	at We.s (/usr/share/code/resources/app/out/vs/workbench/api/node/extensionHostProcess.js:161:136041)
	at We.$provideCompletionItems (/usr/share/code/resources/app/out/vs/workbench/api/node/extensionHostProcess.js:161:145116)
	at y.S (/usr/share/code/resources/app/out/vs/workbench/api/node/extensionHostProcess.js:158:5968)
	at y.Q (/usr/share/code/resources/app/out/vs/workbench/api/node/extensionHostProcess.js:158:5734)
	at y.M (/usr/share/code/resources/app/out/vs/workbench/api/node/extensionHostProcess.js:158:4729)
	at y.L (/usr/share/code/resources/app/out/vs/workbench/api/node/extensionHostProcess.js:158:3602)
	at i.value (/usr/share/code/resources/app/out/vs/workbench/api/node/extensionHostProcess.js:158:2297)
	at r.B (/usr/share/code/resources/app/out/vs/workbench/api/node/extensionHostProcess.js:90:732)
	at r.fire (/usr/share/code/resources/app/out/vs/workbench/api/node/extensionHostProcess.js:90:949)
	at a.fire (/usr/share/code/resources/app/out/vs/workbench/api/node/extensionHostProcess.js:115:14463)
	at i.value (/usr/share/code/resources/app/out/vs/workbench/api/node/extensionHostProcess.js:184:8635)
	at r.B (/usr/share/code/resources/app/out/vs/workbench/api/node/extensionHostProcess.js:90:732)
	at r.fire (/usr/share/code/resources/app/out/vs/workbench/api/node/extensionHostProcess.js:90:949)
	at a.fire (/usr/share/code/resources/app/out/vs/workbench/api/node/extensionHostProcess.js:115:14463)
	at MessagePortMain.<anonymous> (/usr/share/code/resources/app/out/vs/workbench/api/node/extensionHostProcess.js:184:6761)
	at MessagePortMain.emit (node:events:519:28)
	at MessagePortMain._internalPort.emit (node:electron/js2c/utility_init:2:2619)
2024-12-07 11:33:15.324 [error] [vscode.emmet] provider FAILED
2024-12-07 11:33:15.324 [error] Error: Unable to find matching pair for < at char 142
	at r.error (/usr/share/code/resources/app/extensions/emmet/dist/node/emmetNodeMain.js:1:22533)
	at d (/usr/share/code/resources/app/extensions/emmet/dist/node/emmetNodeMain.js:1:21763)
	at u (/usr/share/code/resources/app/extensions/emmet/dist/node/emmetNodeMain.js:1:14745)
	at d (/usr/share/code/resources/app/extensions/emmet/dist/node/emmetNodeMain.js:1:14879)
	at /usr/share/code/resources/app/extensions/emmet/dist/node/emmetNodeMain.js:1:15491
	at v (/usr/share/code/resources/app/extensions/emmet/dist/node/emmetNodeMain.js:1:15597)
	at j (/usr/share/code/resources/app/extensions/emmet/dist/node/emmetNodeMain.js:1:16543)
	at P (/usr/share/code/resources/app/extensions/emmet/dist/node/emmetNodeMain.js:1:16953)
	at t.getRootNode (/usr/share/code/resources/app/extensions/emmet/dist/node/emmetNodeMain.js:1:145560)
	at t.DefaultCompletionItemProvider.provideCompletionItemsInternal (/usr/share/code/resources/app/extensions/emmet/dist/node/emmetNodeMain.js:1:131101)
	at t.DefaultCompletionItemProvider.provideCompletionItems (/usr/share/code/resources/app/extensions/emmet/dist/node/emmetNodeMain.js:1:129879)
	at me.provideCompletionItems (/usr/share/code/resources/app/out/vs/workbench/api/node/extensionHostProcess.js:161:118602)
	at /usr/share/code/resources/app/out/vs/workbench/api/node/extensionHostProcess.js:161:145130
	at We.s (/usr/share/code/resources/app/out/vs/workbench/api/node/extensionHostProcess.js:161:136041)
	at We.$provideCompletionItems (/usr/share/code/resources/app/out/vs/workbench/api/node/extensionHostProcess.js:161:145116)
	at y.S (/usr/share/code/resources/app/out/vs/workbench/api/node/extensionHostProcess.js:158:5968)
	at y.Q (/usr/share/code/resources/app/out/vs/workbench/api/node/extensionHostProcess.js:158:5734)
	at y.M (/usr/share/code/resources/app/out/vs/workbench/api/node/extensionHostProcess.js:158:4729)
	at y.L (/usr/share/code/resources/app/out/vs/workbench/api/node/extensionHostProcess.js:158:3602)
	at i.value (/usr/share/code/resources/app/out/vs/workbench/api/node/extensionHostProcess.js:158:2297)
	at r.B (/usr/share/code/resources/app/out/vs/workbench/api/node/extensionHostProcess.js:90:732)
	at r.fire (/usr/share/code/resources/app/out/vs/workbench/api/node/extensionHostProcess.js:90:949)
	at a.fire (/usr/share/code/resources/app/out/vs/workbench/api/node/extensionHostProcess.js:115:14463)
	at i.value (/usr/share/code/resources/app/out/vs/workbench/api/node/extensionHostProcess.js:184:8635)
	at r.B (/usr/share/code/resources/app/out/vs/workbench/api/node/extensionHostProcess.js:90:732)
	at r.fire (/usr/share/code/resources/app/out/vs/workbench/api/node/extensionHostProcess.js:90:949)
	at a.fire (/usr/share/code/resources/app/out/vs/workbench/api/node/extensionHostProcess.js:115:14463)
	at MessagePortMain.<anonymous> (/usr/share/code/resources/app/out/vs/workbench/api/node/extensionHostProcess.js:184:6761)
	at MessagePortMain.emit (node:events:519:28)
	at MessagePortMain._internalPort.emit (node:electron/js2c/utility_init:2:2619)
2024-12-07 11:33:15.696 [error] [vscode.emmet] provider FAILED
2024-12-07 11:33:15.696 [error] Error: Unable to find matching pair for < at char 142
	at r.error (/usr/share/code/resources/app/extensions/emmet/dist/node/emmetNodeMain.js:1:22533)
	at d (/usr/share/code/resources/app/extensions/emmet/dist/node/emmetNodeMain.js:1:21763)
	at u (/usr/share/code/resources/app/extensions/emmet/dist/node/emmetNodeMain.js:1:14745)
	at d (/usr/share/code/resources/app/extensions/emmet/dist/node/emmetNodeMain.js:1:14879)
	at /usr/share/code/resources/app/extensions/emmet/dist/node/emmetNodeMain.js:1:15491
	at v (/usr/share/code/resources/app/extensions/emmet/dist/node/emmetNodeMain.js:1:15597)
	at j (/usr/share/code/resources/app/extensions/emmet/dist/node/emmetNodeMain.js:1:16543)
	at P (/usr/share/code/resources/app/extensions/emmet/dist/node/emmetNodeMain.js:1:16953)
	at t.getRootNode (/usr/share/code/resources/app/extensions/emmet/dist/node/emmetNodeMain.js:1:145560)
	at t.DefaultCompletionItemProvider.provideCompletionItemsInternal (/usr/share/code/resources/app/extensions/emmet/dist/node/emmetNodeMain.js:1:131101)
	at t.DefaultCompletionItemProvider.provideCompletionItems (/usr/share/code/resources/app/extensions/emmet/dist/node/emmetNodeMain.js:1:129879)
	at me.provideCompletionItems (/usr/share/code/resources/app/out/vs/workbench/api/node/extensionHostProcess.js:161:118602)
	at /usr/share/code/resources/app/out/vs/workbench/api/node/extensionHostProcess.js:161:145130
	at We.s (/usr/share/code/resources/app/out/vs/workbench/api/node/extensionHostProcess.js:161:136041)
	at We.$provideCompletionItems (/usr/share/code/resources/app/out/vs/workbench/api/node/extensionHostProcess.js:161:145116)
	at y.S (/usr/share/code/resources/app/out/vs/workbench/api/node/extensionHostProcess.js:158:5968)
	at y.Q (/usr/share/code/resources/app/out/vs/workbench/api/node/extensionHostProcess.js:158:5734)
	at y.M (/usr/share/code/resources/app/out/vs/workbench/api/node/extensionHostProcess.js:158:4729)
	at y.L (/usr/share/code/resources/app/out/vs/workbench/api/node/extensionHostProcess.js:158:3602)
	at i.value (/usr/share/code/resources/app/out/vs/workbench/api/node/extensionHostProcess.js:158:2297)
	at r.B (/usr/share/code/resources/app/out/vs/workbench/api/node/extensionHostProcess.js:90:732)
	at r.fire (/usr/share/code/resources/app/out/vs/workbench/api/node/extensionHostProcess.js:90:949)
	at a.fire (/usr/share/code/resources/app/out/vs/workbench/api/node/extensionHostProcess.js:115:14463)
	at i.value (/usr/share/code/resources/app/out/vs/workbench/api/node/extensionHostProcess.js:184:8635)
	at r.B (/usr/share/code/resources/app/out/vs/workbench/api/node/extensionHostProcess.js:90:732)
	at r.fire (/usr/share/code/resources/app/out/vs/workbench/api/node/extensionHostProcess.js:90:949)
	at a.fire (/usr/share/code/resources/app/out/vs/workbench/api/node/extensionHostProcess.js:115:14463)
	at MessagePortMain.<anonymous> (/usr/share/code/resources/app/out/vs/workbench/api/node/extensionHostProcess.js:184:6761)
	at MessagePortMain.emit (node:events:519:28)
	at MessagePortMain._internalPort.emit (node:electron/js2c/utility_init:2:2619)
2024-12-07 11:49:27.256 [error] [vscode.emmet] provider FAILED
2024-12-07 11:49:27.257 [error] Error: Unable to find matching pair for < at char 824
	at r.error (/usr/share/code/resources/app/extensions/emmet/dist/node/emmetNodeMain.js:1:22533)
	at d (/usr/share/code/resources/app/extensions/emmet/dist/node/emmetNodeMain.js:1:21763)
	at u (/usr/share/code/resources/app/extensions/emmet/dist/node/emmetNodeMain.js:1:14745)
	at d (/usr/share/code/resources/app/extensions/emmet/dist/node/emmetNodeMain.js:1:14879)
	at /usr/share/code/resources/app/extensions/emmet/dist/node/emmetNodeMain.js:1:15491
	at v (/usr/share/code/resources/app/extensions/emmet/dist/node/emmetNodeMain.js:1:15597)
	at j (/usr/share/code/resources/app/extensions/emmet/dist/node/emmetNodeMain.js:1:16543)
	at P (/usr/share/code/resources/app/extensions/emmet/dist/node/emmetNodeMain.js:1:16953)
	at t.getRootNode (/usr/share/code/resources/app/extensions/emmet/dist/node/emmetNodeMain.js:1:145560)
	at t.DefaultCompletionItemProvider.provideCompletionItemsInternal (/usr/share/code/resources/app/extensions/emmet/dist/node/emmetNodeMain.js:1:131101)
	at t.DefaultCompletionItemProvider.provideCompletionItems (/usr/share/code/resources/app/extensions/emmet/dist/node/emmetNodeMain.js:1:129879)
	at me.provideCompletionItems (/usr/share/code/resources/app/out/vs/workbench/api/node/extensionHostProcess.js:161:118602)
	at /usr/share/code/resources/app/out/vs/workbench/api/node/extensionHostProcess.js:161:145130
	at We.s (/usr/share/code/resources/app/out/vs/workbench/api/node/extensionHostProcess.js:161:136041)
	at We.$provideCompletionItems (/usr/share/code/resources/app/out/vs/workbench/api/node/extensionHostProcess.js:161:145116)
	at y.S (/usr/share/code/resources/app/out/vs/workbench/api/node/extensionHostProcess.js:158:5968)
	at y.Q (/usr/share/code/resources/app/out/vs/workbench/api/node/extensionHostProcess.js:158:5734)
	at y.M (/usr/share/code/resources/app/out/vs/workbench/api/node/extensionHostProcess.js:158:4729)
	at y.L (/usr/share/code/resources/app/out/vs/workbench/api/node/extensionHostProcess.js:158:3602)
	at i.value (/usr/share/code/resources/app/out/vs/workbench/api/node/extensionHostProcess.js:158:2297)
	at r.B (/usr/share/code/resources/app/out/vs/workbench/api/node/extensionHostProcess.js:90:732)
	at r.fire (/usr/share/code/resources/app/out/vs/workbench/api/node/extensionHostProcess.js:90:949)
	at a.fire (/usr/share/code/resources/app/out/vs/workbench/api/node/extensionHostProcess.js:115:14463)
	at i.value (/usr/share/code/resources/app/out/vs/workbench/api/node/extensionHostProcess.js:184:8635)
	at r.B (/usr/share/code/resources/app/out/vs/workbench/api/node/extensionHostProcess.js:90:732)
	at r.fire (/usr/share/code/resources/app/out/vs/workbench/api/node/extensionHostProcess.js:90:949)
	at a.fire (/usr/share/code/resources/app/out/vs/workbench/api/node/extensionHostProcess.js:115:14463)
	at MessagePortMain.<anonymous> (/usr/share/code/resources/app/out/vs/workbench/api/node/extensionHostProcess.js:184:6761)
	at MessagePortMain.emit (node:events:519:28)
	at MessagePortMain._internalPort.emit (node:electron/js2c/utility_init:2:2619)
2024-12-07 11:49:31.040 [error] [vscode.emmet] provider FAILED
2024-12-07 11:49:31.041 [error] Error: Unable to find matching pair for < at char 829
	at r.error (/usr/share/code/resources/app/extensions/emmet/dist/node/emmetNodeMain.js:1:22533)
	at d (/usr/share/code/resources/app/extensions/emmet/dist/node/emmetNodeMain.js:1:21763)
	at u (/usr/share/code/resources/app/extensions/emmet/dist/node/emmetNodeMain.js:1:14745)
	at d (/usr/share/code/resources/app/extensions/emmet/dist/node/emmetNodeMain.js:1:14879)
	at /usr/share/code/resources/app/extensions/emmet/dist/node/emmetNodeMain.js:1:15491
	at v (/usr/share/code/resources/app/extensions/emmet/dist/node/emmetNodeMain.js:1:15597)
	at j (/usr/share/code/resources/app/extensions/emmet/dist/node/emmetNodeMain.js:1:16543)
	at P (/usr/share/code/resources/app/extensions/emmet/dist/node/emmetNodeMain.js:1:16953)
	at t.getRootNode (/usr/share/code/resources/app/extensions/emmet/dist/node/emmetNodeMain.js:1:145560)
	at t.DefaultCompletionItemProvider.provideCompletionItemsInternal (/usr/share/code/resources/app/extensions/emmet/dist/node/emmetNodeMain.js:1:131101)
	at t.DefaultCompletionItemProvider.provideCompletionItems (/usr/share/code/resources/app/extensions/emmet/dist/node/emmetNodeMain.js:1:129879)
	at me.provideCompletionItems (/usr/share/code/resources/app/out/vs/workbench/api/node/extensionHostProcess.js:161:118602)
	at /usr/share/code/resources/app/out/vs/workbench/api/node/extensionHostProcess.js:161:145130
	at We.s (/usr/share/code/resources/app/out/vs/workbench/api/node/extensionHostProcess.js:161:136041)
	at We.$provideCompletionItems (/usr/share/code/resources/app/out/vs/workbench/api/node/extensionHostProcess.js:161:145116)
	at y.S (/usr/share/code/resources/app/out/vs/workbench/api/node/extensionHostProcess.js:158:5968)
	at y.Q (/usr/share/code/resources/app/out/vs/workbench/api/node/extensionHostProcess.js:158:5734)
	at y.M (/usr/share/code/resources/app/out/vs/workbench/api/node/extensionHostProcess.js:158:4729)
	at y.L (/usr/share/code/resources/app/out/vs/workbench/api/node/extensionHostProcess.js:158:3602)
	at i.value (/usr/share/code/resources/app/out/vs/workbench/api/node/extensionHostProcess.js:158:2297)
	at r.B (/usr/share/code/resources/app/out/vs/workbench/api/node/extensionHostProcess.js:90:732)
	at r.fire (/usr/share/code/resources/app/out/vs/workbench/api/node/extensionHostProcess.js:90:949)
	at a.fire (/usr/share/code/resources/app/out/vs/workbench/api/node/extensionHostProcess.js:115:14463)
	at i.value (/usr/share/code/resources/app/out/vs/workbench/api/node/extensionHostProcess.js:184:8635)
	at r.B (/usr/share/code/resources/app/out/vs/workbench/api/node/extensionHostProcess.js:90:732)
	at r.fire (/usr/share/code/resources/app/out/vs/workbench/api/node/extensionHostProcess.js:90:949)
	at a.fire (/usr/share/code/resources/app/out/vs/workbench/api/node/extensionHostProcess.js:115:14463)
	at MessagePortMain.<anonymous> (/usr/share/code/resources/app/out/vs/workbench/api/node/extensionHostProcess.js:184:6761)
	at MessagePortMain.emit (node:events:519:28)
	at MessagePortMain._internalPort.emit (node:electron/js2c/utility_init:2:2619)
2024-12-07 11:49:34.960 [error] [vscode.emmet] provider FAILED
2024-12-07 11:49:34.960 [error] Error: Unable to find matching pair for < at char 829
	at r.error (/usr/share/code/resources/app/extensions/emmet/dist/node/emmetNodeMain.js:1:22533)
	at d (/usr/share/code/resources/app/extensions/emmet/dist/node/emmetNodeMain.js:1:21763)
	at u (/usr/share/code/resources/app/extensions/emmet/dist/node/emmetNodeMain.js:1:14745)
	at d (/usr/share/code/resources/app/extensions/emmet/dist/node/emmetNodeMain.js:1:14879)
	at /usr/share/code/resources/app/extensions/emmet/dist/node/emmetNodeMain.js:1:15491
	at v (/usr/share/code/resources/app/extensions/emmet/dist/node/emmetNodeMain.js:1:15597)
	at j (/usr/share/code/resources/app/extensions/emmet/dist/node/emmetNodeMain.js:1:16543)
	at P (/usr/share/code/resources/app/extensions/emmet/dist/node/emmetNodeMain.js:1:16953)
	at t.getRootNode (/usr/share/code/resources/app/extensions/emmet/dist/node/emmetNodeMain.js:1:145560)
	at t.DefaultCompletionItemProvider.provideCompletionItemsInternal (/usr/share/code/resources/app/extensions/emmet/dist/node/emmetNodeMain.js:1:131101)
	at t.DefaultCompletionItemProvider.provideCompletionItems (/usr/share/code/resources/app/extensions/emmet/dist/node/emmetNodeMain.js:1:129879)
	at me.provideCompletionItems (/usr/share/code/resources/app/out/vs/workbench/api/node/extensionHostProcess.js:161:118602)
	at /usr/share/code/resources/app/out/vs/workbench/api/node/extensionHostProcess.js:161:145130
	at We.s (/usr/share/code/resources/app/out/vs/workbench/api/node/extensionHostProcess.js:161:136041)
	at We.$provideCompletionItems (/usr/share/code/resources/app/out/vs/workbench/api/node/extensionHostProcess.js:161:145116)
	at y.S (/usr/share/code/resources/app/out/vs/workbench/api/node/extensionHostProcess.js:158:5968)
	at y.Q (/usr/share/code/resources/app/out/vs/workbench/api/node/extensionHostProcess.js:158:5734)
	at y.M (/usr/share/code/resources/app/out/vs/workbench/api/node/extensionHostProcess.js:158:4729)
	at y.L (/usr/share/code/resources/app/out/vs/workbench/api/node/extensionHostProcess.js:158:3602)
	at i.value (/usr/share/code/resources/app/out/vs/workbench/api/node/extensionHostProcess.js:158:2297)
	at r.B (/usr/share/code/resources/app/out/vs/workbench/api/node/extensionHostProcess.js:90:732)
	at r.fire (/usr/share/code/resources/app/out/vs/workbench/api/node/extensionHostProcess.js:90:949)
	at a.fire (/usr/share/code/resources/app/out/vs/workbench/api/node/extensionHostProcess.js:115:14463)
	at i.value (/usr/share/code/resources/app/out/vs/workbench/api/node/extensionHostProcess.js:184:8635)
	at r.B (/usr/share/code/resources/app/out/vs/workbench/api/node/extensionHostProcess.js:90:732)
	at r.fire (/usr/share/code/resources/app/out/vs/workbench/api/node/extensionHostProcess.js:90:949)
	at a.fire (/usr/share/code/resources/app/out/vs/workbench/api/node/extensionHostProcess.js:115:14463)
	at MessagePortMain.<anonymous> (/usr/share/code/resources/app/out/vs/workbench/api/node/extensionHostProcess.js:184:6761)
	at MessagePortMain.emit (node:events:519:28)
	at MessagePortMain._internalPort.emit (node:electron/js2c/utility_init:2:2619)
2024-12-07 11:50:17.874 [error] [vscode.emmet] provider FAILED
2024-12-07 11:50:17.874 [error] Error: Unable to find matching pair for < at char 853
	at r.error (/usr/share/code/resources/app/extensions/emmet/dist/node/emmetNodeMain.js:1:22533)
	at d (/usr/share/code/resources/app/extensions/emmet/dist/node/emmetNodeMain.js:1:21763)
	at u (/usr/share/code/resources/app/extensions/emmet/dist/node/emmetNodeMain.js:1:14745)
	at d (/usr/share/code/resources/app/extensions/emmet/dist/node/emmetNodeMain.js:1:14879)
	at /usr/share/code/resources/app/extensions/emmet/dist/node/emmetNodeMain.js:1:15491
	at v (/usr/share/code/resources/app/extensions/emmet/dist/node/emmetNodeMain.js:1:15597)
	at j (/usr/share/code/resources/app/extensions/emmet/dist/node/emmetNodeMain.js:1:16543)
	at P (/usr/share/code/resources/app/extensions/emmet/dist/node/emmetNodeMain.js:1:16953)
	at t.getRootNode (/usr/share/code/resources/app/extensions/emmet/dist/node/emmetNodeMain.js:1:145560)
	at t.DefaultCompletionItemProvider.provideCompletionItemsInternal (/usr/share/code/resources/app/extensions/emmet/dist/node/emmetNodeMain.js:1:131101)
	at t.DefaultCompletionItemProvider.provideCompletionItems (/usr/share/code/resources/app/extensions/emmet/dist/node/emmetNodeMain.js:1:129879)
	at me.provideCompletionItems (/usr/share/code/resources/app/out/vs/workbench/api/node/extensionHostProcess.js:161:118602)
	at /usr/share/code/resources/app/out/vs/workbench/api/node/extensionHostProcess.js:161:145130
	at We.s (/usr/share/code/resources/app/out/vs/workbench/api/node/extensionHostProcess.js:161:136041)
	at We.$provideCompletionItems (/usr/share/code/resources/app/out/vs/workbench/api/node/extensionHostProcess.js:161:145116)
	at y.S (/usr/share/code/resources/app/out/vs/workbench/api/node/extensionHostProcess.js:158:5968)
	at y.Q (/usr/share/code/resources/app/out/vs/workbench/api/node/extensionHostProcess.js:158:5734)
	at y.M (/usr/share/code/resources/app/out/vs/workbench/api/node/extensionHostProcess.js:158:4729)
	at y.L (/usr/share/code/resources/app/out/vs/workbench/api/node/extensionHostProcess.js:158:3602)
	at i.value (/usr/share/code/resources/app/out/vs/workbench/api/node/extensionHostProcess.js:158:2297)
	at r.B (/usr/share/code/resources/app/out/vs/workbench/api/node/extensionHostProcess.js:90:732)
	at r.fire (/usr/share/code/resources/app/out/vs/workbench/api/node/extensionHostProcess.js:90:949)
	at a.fire (/usr/share/code/resources/app/out/vs/workbench/api/node/extensionHostProcess.js:115:14463)
	at i.value (/usr/share/code/resources/app/out/vs/workbench/api/node/extensionHostProcess.js:184:8635)
	at r.B (/usr/share/code/resources/app/out/vs/workbench/api/node/extensionHostProcess.js:90:732)
	at r.fire (/usr/share/code/resources/app/out/vs/workbench/api/node/extensionHostProcess.js:90:949)
	at a.fire (/usr/share/code/resources/app/out/vs/workbench/api/node/extensionHostProcess.js:115:14463)
	at MessagePortMain.<anonymous> (/usr/share/code/resources/app/out/vs/workbench/api/node/extensionHostProcess.js:184:6761)
	at MessagePortMain.emit (node:events:519:28)
	at MessagePortMain._internalPort.emit (node:electron/js2c/utility_init:2:2619)
2024-12-07 11:50:18.049 [error] [vscode.emmet] provider FAILED
2024-12-07 11:50:18.050 [error] Error: Unable to find matching pair for < at char 856
	at r.error (/usr/share/code/resources/app/extensions/emmet/dist/node/emmetNodeMain.js:1:22533)
	at d (/usr/share/code/resources/app/extensions/emmet/dist/node/emmetNodeMain.js:1:21763)
	at u (/usr/share/code/resources/app/extensions/emmet/dist/node/emmetNodeMain.js:1:14745)
	at d (/usr/share/code/resources/app/extensions/emmet/dist/node/emmetNodeMain.js:1:14879)
	at /usr/share/code/resources/app/extensions/emmet/dist/node/emmetNodeMain.js:1:15491
	at v (/usr/share/code/resources/app/extensions/emmet/dist/node/emmetNodeMain.js:1:15597)
	at j (/usr/share/code/resources/app/extensions/emmet/dist/node/emmetNodeMain.js:1:16543)
	at P (/usr/share/code/resources/app/extensions/emmet/dist/node/emmetNodeMain.js:1:16953)
	at t.getRootNode (/usr/share/code/resources/app/extensions/emmet/dist/node/emmetNodeMain.js:1:145560)
	at t.DefaultCompletionItemProvider.provideCompletionItemsInternal (/usr/share/code/resources/app/extensions/emmet/dist/node/emmetNodeMain.js:1:131101)
	at t.DefaultCompletionItemProvider.provideCompletionItems (/usr/share/code/resources/app/extensions/emmet/dist/node/emmetNodeMain.js:1:129879)
	at me.provideCompletionItems (/usr/share/code/resources/app/out/vs/workbench/api/node/extensionHostProcess.js:161:118602)
	at /usr/share/code/resources/app/out/vs/workbench/api/node/extensionHostProcess.js:161:145130
	at We.s (/usr/share/code/resources/app/out/vs/workbench/api/node/extensionHostProcess.js:161:136041)
	at We.$provideCompletionItems (/usr/share/code/resources/app/out/vs/workbench/api/node/extensionHostProcess.js:161:145116)
	at y.S (/usr/share/code/resources/app/out/vs/workbench/api/node/extensionHostProcess.js:158:5968)
	at y.Q (/usr/share/code/resources/app/out/vs/workbench/api/node/extensionHostProcess.js:158:5734)
	at y.M (/usr/share/code/resources/app/out/vs/workbench/api/node/extensionHostProcess.js:158:4729)
	at y.L (/usr/share/code/resources/app/out/vs/workbench/api/node/extensionHostProcess.js:158:3602)
	at i.value (/usr/share/code/resources/app/out/vs/workbench/api/node/extensionHostProcess.js:158:2297)
	at r.B (/usr/share/code/resources/app/out/vs/workbench/api/node/extensionHostProcess.js:90:732)
	at r.fire (/usr/share/code/resources/app/out/vs/workbench/api/node/extensionHostProcess.js:90:949)
	at a.fire (/usr/share/code/resources/app/out/vs/workbench/api/node/extensionHostProcess.js:115:14463)
	at i.value (/usr/share/code/resources/app/out/vs/workbench/api/node/extensionHostProcess.js:184:8635)
	at r.B (/usr/share/code/resources/app/out/vs/workbench/api/node/extensionHostProcess.js:90:732)
	at r.fire (/usr/share/code/resources/app/out/vs/workbench/api/node/extensionHostProcess.js:90:949)
	at a.fire (/usr/share/code/resources/app/out/vs/workbench/api/node/extensionHostProcess.js:115:14463)
	at MessagePortMain.<anonymous> (/usr/share/code/resources/app/out/vs/workbench/api/node/extensionHostProcess.js:184:6761)
	at MessagePortMain.emit (node:events:519:28)
	at MessagePortMain._internalPort.emit (node:electron/js2c/utility_init:2:2619)
2024-12-07 11:50:18.219 [error] [vscode.emmet] provider FAILED
2024-12-07 11:50:18.219 [error] Error: Unable to find matching pair for < at char 857
	at r.error (/usr/share/code/resources/app/extensions/emmet/dist/node/emmetNodeMain.js:1:22533)
	at d (/usr/share/code/resources/app/extensions/emmet/dist/node/emmetNodeMain.js:1:21763)
	at u (/usr/share/code/resources/app/extensions/emmet/dist/node/emmetNodeMain.js:1:14745)
	at d (/usr/share/code/resources/app/extensions/emmet/dist/node/emmetNodeMain.js:1:14879)
	at /usr/share/code/resources/app/extensions/emmet/dist/node/emmetNodeMain.js:1:15491
	at v (/usr/share/code/resources/app/extensions/emmet/dist/node/emmetNodeMain.js:1:15597)
	at j (/usr/share/code/resources/app/extensions/emmet/dist/node/emmetNodeMain.js:1:16543)
	at P (/usr/share/code/resources/app/extensions/emmet/dist/node/emmetNodeMain.js:1:16953)
	at t.getRootNode (/usr/share/code/resources/app/extensions/emmet/dist/node/emmetNodeMain.js:1:145560)
	at t.DefaultCompletionItemProvider.provideCompletionItemsInternal (/usr/share/code/resources/app/extensions/emmet/dist/node/emmetNodeMain.js:1:131101)
	at t.DefaultCompletionItemProvider.provideCompletionItems (/usr/share/code/resources/app/extensions/emmet/dist/node/emmetNodeMain.js:1:129879)
	at me.provideCompletionItems (/usr/share/code/resources/app/out/vs/workbench/api/node/extensionHostProcess.js:161:118602)
	at /usr/share/code/resources/app/out/vs/workbench/api/node/extensionHostProcess.js:161:145130
	at We.s (/usr/share/code/resources/app/out/vs/workbench/api/node/extensionHostProcess.js:161:136041)
	at We.$provideCompletionItems (/usr/share/code/resources/app/out/vs/workbench/api/node/extensionHostProcess.js:161:145116)
	at y.S (/usr/share/code/resources/app/out/vs/workbench/api/node/extensionHostProcess.js:158:5968)
	at y.Q (/usr/share/code/resources/app/out/vs/workbench/api/node/extensionHostProcess.js:158:5734)
	at y.M (/usr/share/code/resources/app/out/vs/workbench/api/node/extensionHostProcess.js:158:4729)
	at y.L (/usr/share/code/resources/app/out/vs/workbench/api/node/extensionHostProcess.js:158:3602)
	at i.value (/usr/share/code/resources/app/out/vs/workbench/api/node/extensionHostProcess.js:158:2297)
	at r.B (/usr/share/code/resources/app/out/vs/workbench/api/node/extensionHostProcess.js:90:732)
	at r.fire (/usr/share/code/resources/app/out/vs/workbench/api/node/extensionHostProcess.js:90:949)
	at a.fire (/usr/share/code/resources/app/out/vs/workbench/api/node/extensionHostProcess.js:115:14463)
	at i.value (/usr/share/code/resources/app/out/vs/workbench/api/node/extensionHostProcess.js:184:8635)
	at r.B (/usr/share/code/resources/app/out/vs/workbench/api/node/extensionHostProcess.js:90:732)
	at r.fire (/usr/share/code/resources/app/out/vs/workbench/api/node/extensionHostProcess.js:90:949)
	at a.fire (/usr/share/code/resources/app/out/vs/workbench/api/node/extensionHostProcess.js:115:14463)
	at MessagePortMain.<anonymous> (/usr/share/code/resources/app/out/vs/workbench/api/node/extensionHostProcess.js:184:6761)
	at MessagePortMain.emit (node:events:519:28)
	at MessagePortMain._internalPort.emit (node:electron/js2c/utility_init:2:2619)
2024-12-07 11:50:20.612 [error] [vscode.emmet] provider FAILED
2024-12-07 11:50:20.613 [error] Error: Unable to find matching pair for < at char 855
	at r.error (/usr/share/code/resources/app/extensions/emmet/dist/node/emmetNodeMain.js:1:22533)
	at d (/usr/share/code/resources/app/extensions/emmet/dist/node/emmetNodeMain.js:1:21763)
	at u (/usr/share/code/resources/app/extensions/emmet/dist/node/emmetNodeMain.js:1:14745)
	at d (/usr/share/code/resources/app/extensions/emmet/dist/node/emmetNodeMain.js:1:14879)
	at /usr/share/code/resources/app/extensions/emmet/dist/node/emmetNodeMain.js:1:15491
	at v (/usr/share/code/resources/app/extensions/emmet/dist/node/emmetNodeMain.js:1:15597)
	at j (/usr/share/code/resources/app/extensions/emmet/dist/node/emmetNodeMain.js:1:16543)
	at P (/usr/share/code/resources/app/extensions/emmet/dist/node/emmetNodeMain.js:1:16953)
	at t.getRootNode (/usr/share/code/resources/app/extensions/emmet/dist/node/emmetNodeMain.js:1:145560)
	at t.DefaultCompletionItemProvider.provideCompletionItemsInternal (/usr/share/code/resources/app/extensions/emmet/dist/node/emmetNodeMain.js:1:131101)
	at t.DefaultCompletionItemProvider.provideCompletionItems (/usr/share/code/resources/app/extensions/emmet/dist/node/emmetNodeMain.js:1:129879)
	at me.provideCompletionItems (/usr/share/code/resources/app/out/vs/workbench/api/node/extensionHostProcess.js:161:118602)
	at /usr/share/code/resources/app/out/vs/workbench/api/node/extensionHostProcess.js:161:145130
	at We.s (/usr/share/code/resources/app/out/vs/workbench/api/node/extensionHostProcess.js:161:136041)
	at We.$provideCompletionItems (/usr/share/code/resources/app/out/vs/workbench/api/node/extensionHostProcess.js:161:145116)
	at y.S (/usr/share/code/resources/app/out/vs/workbench/api/node/extensionHostProcess.js:158:5968)
	at y.Q (/usr/share/code/resources/app/out/vs/workbench/api/node/extensionHostProcess.js:158:5734)
	at y.M (/usr/share/code/resources/app/out/vs/workbench/api/node/extensionHostProcess.js:158:4729)
	at y.L (/usr/share/code/resources/app/out/vs/workbench/api/node/extensionHostProcess.js:158:3602)
	at i.value (/usr/share/code/resources/app/out/vs/workbench/api/node/extensionHostProcess.js:158:2297)
	at r.B (/usr/share/code/resources/app/out/vs/workbench/api/node/extensionHostProcess.js:90:732)
	at r.fire (/usr/share/code/resources/app/out/vs/workbench/api/node/extensionHostProcess.js:90:949)
	at a.fire (/usr/share/code/resources/app/out/vs/workbench/api/node/extensionHostProcess.js:115:14463)
	at i.value (/usr/share/code/resources/app/out/vs/workbench/api/node/extensionHostProcess.js:184:8635)
	at r.B (/usr/share/code/resources/app/out/vs/workbench/api/node/extensionHostProcess.js:90:732)
	at r.fire (/usr/share/code/resources/app/out/vs/workbench/api/node/extensionHostProcess.js:90:949)
	at a.fire (/usr/share/code/resources/app/out/vs/workbench/api/node/extensionHostProcess.js:115:14463)
	at MessagePortMain.<anonymous> (/usr/share/code/resources/app/out/vs/workbench/api/node/extensionHostProcess.js:184:6761)
	at MessagePortMain.emit (node:events:519:28)
	at MessagePortMain._internalPort.emit (node:electron/js2c/utility_init:2:2619)
2024-12-07 11:50:56.381 [error] [vscode.emmet] provider FAILED
2024-12-07 11:50:56.382 [error] Error: Unable to find matching pair for < at char 825
	at r.error (/usr/share/code/resources/app/extensions/emmet/dist/node/emmetNodeMain.js:1:22533)
	at d (/usr/share/code/resources/app/extensions/emmet/dist/node/emmetNodeMain.js:1:21763)
	at u (/usr/share/code/resources/app/extensions/emmet/dist/node/emmetNodeMain.js:1:14745)
	at d (/usr/share/code/resources/app/extensions/emmet/dist/node/emmetNodeMain.js:1:14879)
	at /usr/share/code/resources/app/extensions/emmet/dist/node/emmetNodeMain.js:1:15491
	at v (/usr/share/code/resources/app/extensions/emmet/dist/node/emmetNodeMain.js:1:15597)
	at j (/usr/share/code/resources/app/extensions/emmet/dist/node/emmetNodeMain.js:1:16543)
	at P (/usr/share/code/resources/app/extensions/emmet/dist/node/emmetNodeMain.js:1:16953)
	at t.getRootNode (/usr/share/code/resources/app/extensions/emmet/dist/node/emmetNodeMain.js:1:145560)
	at t.DefaultCompletionItemProvider.provideCompletionItemsInternal (/usr/share/code/resources/app/extensions/emmet/dist/node/emmetNodeMain.js:1:131101)
	at t.DefaultCompletionItemProvider.provideCompletionItems (/usr/share/code/resources/app/extensions/emmet/dist/node/emmetNodeMain.js:1:129879)
	at me.provideCompletionItems (/usr/share/code/resources/app/out/vs/workbench/api/node/extensionHostProcess.js:161:118602)
	at /usr/share/code/resources/app/out/vs/workbench/api/node/extensionHostProcess.js:161:145130
	at We.s (/usr/share/code/resources/app/out/vs/workbench/api/node/extensionHostProcess.js:161:136041)
	at We.$provideCompletionItems (/usr/share/code/resources/app/out/vs/workbench/api/node/extensionHostProcess.js:161:145116)
	at y.S (/usr/share/code/resources/app/out/vs/workbench/api/node/extensionHostProcess.js:158:5968)
	at y.Q (/usr/share/code/resources/app/out/vs/workbench/api/node/extensionHostProcess.js:158:5734)
	at y.M (/usr/share/code/resources/app/out/vs/workbench/api/node/extensionHostProcess.js:158:4729)
	at y.L (/usr/share/code/resources/app/out/vs/workbench/api/node/extensionHostProcess.js:158:3602)
	at i.value (/usr/share/code/resources/app/out/vs/workbench/api/node/extensionHostProcess.js:158:2297)
	at r.B (/usr/share/code/resources/app/out/vs/workbench/api/node/extensionHostProcess.js:90:732)
	at r.fire (/usr/share/code/resources/app/out/vs/workbench/api/node/extensionHostProcess.js:90:949)
	at a.fire (/usr/share/code/resources/app/out/vs/workbench/api/node/extensionHostProcess.js:115:14463)
	at i.value (/usr/share/code/resources/app/out/vs/workbench/api/node/extensionHostProcess.js:184:8635)
	at r.B (/usr/share/code/resources/app/out/vs/workbench/api/node/extensionHostProcess.js:90:732)
	at r.fire (/usr/share/code/resources/app/out/vs/workbench/api/node/extensionHostProcess.js:90:949)
	at a.fire (/usr/share/code/resources/app/out/vs/workbench/api/node/extensionHostProcess.js:115:14463)
	at MessagePortMain.<anonymous> (/usr/share/code/resources/app/out/vs/workbench/api/node/extensionHostProcess.js:184:6761)
	at MessagePortMain.emit (node:events:519:28)
	at MessagePortMain._internalPort.emit (node:electron/js2c/utility_init:2:2619)
2024-12-07 11:50:57.419 [error] [vscode.emmet] provider FAILED
2024-12-07 11:50:57.420 [error] Error: Unable to find matching pair for < at char 825
	at r.error (/usr/share/code/resources/app/extensions/emmet/dist/node/emmetNodeMain.js:1:22533)
	at d (/usr/share/code/resources/app/extensions/emmet/dist/node/emmetNodeMain.js:1:21763)
	at u (/usr/share/code/resources/app/extensions/emmet/dist/node/emmetNodeMain.js:1:14745)
	at d (/usr/share/code/resources/app/extensions/emmet/dist/node/emmetNodeMain.js:1:14879)
	at /usr/share/code/resources/app/extensions/emmet/dist/node/emmetNodeMain.js:1:15491
	at v (/usr/share/code/resources/app/extensions/emmet/dist/node/emmetNodeMain.js:1:15597)
	at j (/usr/share/code/resources/app/extensions/emmet/dist/node/emmetNodeMain.js:1:16543)
	at P (/usr/share/code/resources/app/extensions/emmet/dist/node/emmetNodeMain.js:1:16953)
	at t.getRootNode (/usr/share/code/resources/app/extensions/emmet/dist/node/emmetNodeMain.js:1:145560)
	at t.DefaultCompletionItemProvider.provideCompletionItemsInternal (/usr/share/code/resources/app/extensions/emmet/dist/node/emmetNodeMain.js:1:131101)
	at t.DefaultCompletionItemProvider.provideCompletionItems (/usr/share/code/resources/app/extensions/emmet/dist/node/emmetNodeMain.js:1:129879)
	at me.provideCompletionItems (/usr/share/code/resources/app/out/vs/workbench/api/node/extensionHostProcess.js:161:118602)
	at /usr/share/code/resources/app/out/vs/workbench/api/node/extensionHostProcess.js:161:145130
	at We.s (/usr/share/code/resources/app/out/vs/workbench/api/node/extensionHostProcess.js:161:136041)
	at We.$provideCompletionItems (/usr/share/code/resources/app/out/vs/workbench/api/node/extensionHostProcess.js:161:145116)
	at y.S (/usr/share/code/resources/app/out/vs/workbench/api/node/extensionHostProcess.js:158:5968)
	at y.Q (/usr/share/code/resources/app/out/vs/workbench/api/node/extensionHostProcess.js:158:5734)
	at y.M (/usr/share/code/resources/app/out/vs/workbench/api/node/extensionHostProcess.js:158:4729)
	at y.L (/usr/share/code/resources/app/out/vs/workbench/api/node/extensionHostProcess.js:158:3602)
	at i.value (/usr/share/code/resources/app/out/vs/workbench/api/node/extensionHostProcess.js:158:2297)
	at r.B (/usr/share/code/resources/app/out/vs/workbench/api/node/extensionHostProcess.js:90:732)
	at r.fire (/usr/share/code/resources/app/out/vs/workbench/api/node/extensionHostProcess.js:90:949)
	at a.fire (/usr/share/code/resources/app/out/vs/workbench/api/node/extensionHostProcess.js:115:14463)
	at i.value (/usr/share/code/resources/app/out/vs/workbench/api/node/extensionHostProcess.js:184:8635)
	at r.B (/usr/share/code/resources/app/out/vs/workbench/api/node/extensionHostProcess.js:90:732)
	at r.fire (/usr/share/code/resources/app/out/vs/workbench/api/node/extensionHostProcess.js:90:949)
	at a.fire (/usr/share/code/resources/app/out/vs/workbench/api/node/extensionHostProcess.js:115:14463)
	at MessagePortMain.<anonymous> (/usr/share/code/resources/app/out/vs/workbench/api/node/extensionHostProcess.js:184:6761)
	at MessagePortMain.emit (node:events:519:28)
	at MessagePortMain._internalPort.emit (node:electron/js2c/utility_init:2:2619)
2024-12-07 11:51:52.634 [error] [vscode.emmet] provider FAILED
2024-12-07 11:51:52.634 [error] Error: Unable to find matching pair for < at char 883
	at r.error (/usr/share/code/resources/app/extensions/emmet/dist/node/emmetNodeMain.js:1:22533)
	at d (/usr/share/code/resources/app/extensions/emmet/dist/node/emmetNodeMain.js:1:21763)
	at u (/usr/share/code/resources/app/extensions/emmet/dist/node/emmetNodeMain.js:1:14745)
	at d (/usr/share/code/resources/app/extensions/emmet/dist/node/emmetNodeMain.js:1:14879)
	at /usr/share/code/resources/app/extensions/emmet/dist/node/emmetNodeMain.js:1:15491
	at v (/usr/share/code/resources/app/extensions/emmet/dist/node/emmetNodeMain.js:1:15597)
	at j (/usr/share/code/resources/app/extensions/emmet/dist/node/emmetNodeMain.js:1:16543)
	at P (/usr/share/code/resources/app/extensions/emmet/dist/node/emmetNodeMain.js:1:16953)
	at t.getRootNode (/usr/share/code/resources/app/extensions/emmet/dist/node/emmetNodeMain.js:1:145560)
	at t.DefaultCompletionItemProvider.provideCompletionItemsInternal (/usr/share/code/resources/app/extensions/emmet/dist/node/emmetNodeMain.js:1:131101)
	at t.DefaultCompletionItemProvider.provideCompletionItems (/usr/share/code/resources/app/extensions/emmet/dist/node/emmetNodeMain.js:1:129879)
	at me.provideCompletionItems (/usr/share/code/resources/app/out/vs/workbench/api/node/extensionHostProcess.js:161:118602)
	at /usr/share/code/resources/app/out/vs/workbench/api/node/extensionHostProcess.js:161:145130
	at We.s (/usr/share/code/resources/app/out/vs/workbench/api/node/extensionHostProcess.js:161:136041)
	at We.$provideCompletionItems (/usr/share/code/resources/app/out/vs/workbench/api/node/extensionHostProcess.js:161:145116)
	at y.S (/usr/share/code/resources/app/out/vs/workbench/api/node/extensionHostProcess.js:158:5968)
	at y.Q (/usr/share/code/resources/app/out/vs/workbench/api/node/extensionHostProcess.js:158:5734)
	at y.M (/usr/share/code/resources/app/out/vs/workbench/api/node/extensionHostProcess.js:158:4729)
	at y.L (/usr/share/code/resources/app/out/vs/workbench/api/node/extensionHostProcess.js:158:3602)
	at i.value (/usr/share/code/resources/app/out/vs/workbench/api/node/extensionHostProcess.js:158:2297)
	at r.B (/usr/share/code/resources/app/out/vs/workbench/api/node/extensionHostProcess.js:90:732)
	at r.fire (/usr/share/code/resources/app/out/vs/workbench/api/node/extensionHostProcess.js:90:949)
	at a.fire (/usr/share/code/resources/app/out/vs/workbench/api/node/extensionHostProcess.js:115:14463)
	at i.value (/usr/share/code/resources/app/out/vs/workbench/api/node/extensionHostProcess.js:184:8635)
	at r.B (/usr/share/code/resources/app/out/vs/workbench/api/node/extensionHostProcess.js:90:732)
	at r.fire (/usr/share/code/resources/app/out/vs/workbench/api/node/extensionHostProcess.js:90:949)
	at a.fire (/usr/share/code/resources/app/out/vs/workbench/api/node/extensionHostProcess.js:115:14463)
	at MessagePortMain.<anonymous> (/usr/share/code/resources/app/out/vs/workbench/api/node/extensionHostProcess.js:184:6761)
	at MessagePortMain.emit (node:events:519:28)
	at MessagePortMain._internalPort.emit (node:electron/js2c/utility_init:2:2619)
2024-12-07 11:51:58.388 [error] [vscode.emmet] provider FAILED
2024-12-07 11:51:58.389 [error] Error: Unable to find matching pair for < at char 890
	at r.error (/usr/share/code/resources/app/extensions/emmet/dist/node/emmetNodeMain.js:1:22533)
	at d (/usr/share/code/resources/app/extensions/emmet/dist/node/emmetNodeMain.js:1:21763)
	at u (/usr/share/code/resources/app/extensions/emmet/dist/node/emmetNodeMain.js:1:14745)
	at d (/usr/share/code/resources/app/extensions/emmet/dist/node/emmetNodeMain.js:1:14879)
	at /usr/share/code/resources/app/extensions/emmet/dist/node/emmetNodeMain.js:1:15491
	at v (/usr/share/code/resources/app/extensions/emmet/dist/node/emmetNodeMain.js:1:15597)
	at j (/usr/share/code/resources/app/extensions/emmet/dist/node/emmetNodeMain.js:1:16543)
	at P (/usr/share/code/resources/app/extensions/emmet/dist/node/emmetNodeMain.js:1:16953)
	at t.getRootNode (/usr/share/code/resources/app/extensions/emmet/dist/node/emmetNodeMain.js:1:145560)
	at t.DefaultCompletionItemProvider.provideCompletionItemsInternal (/usr/share/code/resources/app/extensions/emmet/dist/node/emmetNodeMain.js:1:131101)
	at t.DefaultCompletionItemProvider.provideCompletionItems (/usr/share/code/resources/app/extensions/emmet/dist/node/emmetNodeMain.js:1:129879)
	at me.provideCompletionItems (/usr/share/code/resources/app/out/vs/workbench/api/node/extensionHostProcess.js:161:118602)
	at /usr/share/code/resources/app/out/vs/workbench/api/node/extensionHostProcess.js:161:145130
	at We.s (/usr/share/code/resources/app/out/vs/workbench/api/node/extensionHostProcess.js:161:136041)
	at We.$provideCompletionItems (/usr/share/code/resources/app/out/vs/workbench/api/node/extensionHostProcess.js:161:145116)
	at y.S (/usr/share/code/resources/app/out/vs/workbench/api/node/extensionHostProcess.js:158:5968)
	at y.Q (/usr/share/code/resources/app/out/vs/workbench/api/node/extensionHostProcess.js:158:5734)
	at y.M (/usr/share/code/resources/app/out/vs/workbench/api/node/extensionHostProcess.js:158:4729)
	at y.L (/usr/share/code/resources/app/out/vs/workbench/api/node/extensionHostProcess.js:158:3602)
	at i.value (/usr/share/code/resources/app/out/vs/workbench/api/node/extensionHostProcess.js:158:2297)
	at r.B (/usr/share/code/resources/app/out/vs/workbench/api/node/extensionHostProcess.js:90:732)
	at r.fire (/usr/share/code/resources/app/out/vs/workbench/api/node/extensionHostProcess.js:90:949)
	at a.fire (/usr/share/code/resources/app/out/vs/workbench/api/node/extensionHostProcess.js:115:14463)
	at i.value (/usr/share/code/resources/app/out/vs/workbench/api/node/extensionHostProcess.js:184:8635)
	at r.B (/usr/share/code/resources/app/out/vs/workbench/api/node/extensionHostProcess.js:90:732)
	at r.fire (/usr/share/code/resources/app/out/vs/workbench/api/node/extensionHostProcess.js:90:949)
	at a.fire (/usr/share/code/resources/app/out/vs/workbench/api/node/extensionHostProcess.js:115:14463)
	at MessagePortMain.<anonymous> (/usr/share/code/resources/app/out/vs/workbench/api/node/extensionHostProcess.js:184:6761)
	at MessagePortMain.emit (node:events:519:28)
	at MessagePortMain._internalPort.emit (node:electron/js2c/utility_init:2:2619)
2024-12-07 11:51:58.471 [error] [vscode.emmet] provider FAILED
2024-12-07 11:51:58.471 [error] Error: Unable to find matching pair for < at char 892
	at r.error (/usr/share/code/resources/app/extensions/emmet/dist/node/emmetNodeMain.js:1:22533)
	at d (/usr/share/code/resources/app/extensions/emmet/dist/node/emmetNodeMain.js:1:21763)
	at u (/usr/share/code/resources/app/extensions/emmet/dist/node/emmetNodeMain.js:1:14745)
	at d (/usr/share/code/resources/app/extensions/emmet/dist/node/emmetNodeMain.js:1:14879)
	at /usr/share/code/resources/app/extensions/emmet/dist/node/emmetNodeMain.js:1:15491
	at v (/usr/share/code/resources/app/extensions/emmet/dist/node/emmetNodeMain.js:1:15597)
	at j (/usr/share/code/resources/app/extensions/emmet/dist/node/emmetNodeMain.js:1:16543)
	at P (/usr/share/code/resources/app/extensions/emmet/dist/node/emmetNodeMain.js:1:16953)
	at t.getRootNode (/usr/share/code/resources/app/extensions/emmet/dist/node/emmetNodeMain.js:1:145560)
	at t.DefaultCompletionItemProvider.provideCompletionItemsInternal (/usr/share/code/resources/app/extensions/emmet/dist/node/emmetNodeMain.js:1:131101)
	at t.DefaultCompletionItemProvider.provideCompletionItems (/usr/share/code/resources/app/extensions/emmet/dist/node/emmetNodeMain.js:1:129879)
	at me.provideCompletionItems (/usr/share/code/resources/app/out/vs/workbench/api/node/extensionHostProcess.js:161:118602)
	at /usr/share/code/resources/app/out/vs/workbench/api/node/extensionHostProcess.js:161:145130
	at We.s (/usr/share/code/resources/app/out/vs/workbench/api/node/extensionHostProcess.js:161:136041)
	at We.$provideCompletionItems (/usr/share/code/resources/app/out/vs/workbench/api/node/extensionHostProcess.js:161:145116)
	at y.S (/usr/share/code/resources/app/out/vs/workbench/api/node/extensionHostProcess.js:158:5968)
	at y.Q (/usr/share/code/resources/app/out/vs/workbench/api/node/extensionHostProcess.js:158:5734)
	at y.M (/usr/share/code/resources/app/out/vs/workbench/api/node/extensionHostProcess.js:158:4729)
	at y.L (/usr/share/code/resources/app/out/vs/workbench/api/node/extensionHostProcess.js:158:3602)
	at i.value (/usr/share/code/resources/app/out/vs/workbench/api/node/extensionHostProcess.js:158:2297)
	at r.B (/usr/share/code/resources/app/out/vs/workbench/api/node/extensionHostProcess.js:90:732)
	at r.fire (/usr/share/code/resources/app/out/vs/workbench/api/node/extensionHostProcess.js:90:949)
	at a.fire (/usr/share/code/resources/app/out/vs/workbench/api/node/extensionHostProcess.js:115:14463)
	at i.value (/usr/share/code/resources/app/out/vs/workbench/api/node/extensionHostProcess.js:184:8635)
	at r.B (/usr/share/code/resources/app/out/vs/workbench/api/node/extensionHostProcess.js:90:732)
	at r.fire (/usr/share/code/resources/app/out/vs/workbench/api/node/extensionHostProcess.js:90:949)
	at a.fire (/usr/share/code/resources/app/out/vs/workbench/api/node/extensionHostProcess.js:115:14463)
	at MessagePortMain.<anonymous> (/usr/share/code/resources/app/out/vs/workbench/api/node/extensionHostProcess.js:184:6761)
	at MessagePortMain.emit (node:events:519:28)
	at MessagePortMain._internalPort.emit (node:electron/js2c/utility_init:2:2619)
2024-12-07 11:51:58.622 [error] [vscode.emmet] provider FAILED
2024-12-07 11:51:58.622 [error] Error: Unable to find matching pair for < at char 893
	at r.error (/usr/share/code/resources/app/extensions/emmet/dist/node/emmetNodeMain.js:1:22533)
	at d (/usr/share/code/resources/app/extensions/emmet/dist/node/emmetNodeMain.js:1:21763)
	at u (/usr/share/code/resources/app/extensions/emmet/dist/node/emmetNodeMain.js:1:14745)
	at d (/usr/share/code/resources/app/extensions/emmet/dist/node/emmetNodeMain.js:1:14879)
	at /usr/share/code/resources/app/extensions/emmet/dist/node/emmetNodeMain.js:1:15491
	at v (/usr/share/code/resources/app/extensions/emmet/dist/node/emmetNodeMain.js:1:15597)
	at j (/usr/share/code/resources/app/extensions/emmet/dist/node/emmetNodeMain.js:1:16543)
	at P (/usr/share/code/resources/app/extensions/emmet/dist/node/emmetNodeMain.js:1:16953)
	at t.getRootNode (/usr/share/code/resources/app/extensions/emmet/dist/node/emmetNodeMain.js:1:145560)
	at t.DefaultCompletionItemProvider.provideCompletionItemsInternal (/usr/share/code/resources/app/extensions/emmet/dist/node/emmetNodeMain.js:1:131101)
	at t.DefaultCompletionItemProvider.provideCompletionItems (/usr/share/code/resources/app/extensions/emmet/dist/node/emmetNodeMain.js:1:129879)
	at me.provideCompletionItems (/usr/share/code/resources/app/out/vs/workbench/api/node/extensionHostProcess.js:161:118602)
	at /usr/share/code/resources/app/out/vs/workbench/api/node/extensionHostProcess.js:161:145130
	at We.s (/usr/share/code/resources/app/out/vs/workbench/api/node/extensionHostProcess.js:161:136041)
	at We.$provideCompletionItems (/usr/share/code/resources/app/out/vs/workbench/api/node/extensionHostProcess.js:161:145116)
	at y.S (/usr/share/code/resources/app/out/vs/workbench/api/node/extensionHostProcess.js:158:5968)
	at y.Q (/usr/share/code/resources/app/out/vs/workbench/api/node/extensionHostProcess.js:158:5734)
	at y.M (/usr/share/code/resources/app/out/vs/workbench/api/node/extensionHostProcess.js:158:4729)
	at y.L (/usr/share/code/resources/app/out/vs/workbench/api/node/extensionHostProcess.js:158:3602)
	at i.value (/usr/share/code/resources/app/out/vs/workbench/api/node/extensionHostProcess.js:158:2297)
	at r.B (/usr/share/code/resources/app/out/vs/workbench/api/node/extensionHostProcess.js:90:732)
	at r.fire (/usr/share/code/resources/app/out/vs/workbench/api/node/extensionHostProcess.js:90:949)
	at a.fire (/usr/share/code/resources/app/out/vs/workbench/api/node/extensionHostProcess.js:115:14463)
	at i.value (/usr/share/code/resources/app/out/vs/workbench/api/node/extensionHostProcess.js:184:8635)
	at r.B (/usr/share/code/resources/app/out/vs/workbench/api/node/extensionHostProcess.js:90:732)
	at r.fire (/usr/share/code/resources/app/out/vs/workbench/api/node/extensionHostProcess.js:90:949)
	at a.fire (/usr/share/code/resources/app/out/vs/workbench/api/node/extensionHostProcess.js:115:14463)
	at MessagePortMain.<anonymous> (/usr/share/code/resources/app/out/vs/workbench/api/node/extensionHostProcess.js:184:6761)
	at MessagePortMain.emit (node:events:519:28)
	at MessagePortMain._internalPort.emit (node:electron/js2c/utility_init:2:2619)
2024-12-07 11:52:01.837 [error] [vscode.emmet] provider FAILED
2024-12-07 11:52:01.837 [error] Error: Unable to find matching pair for < at char 890
	at r.error (/usr/share/code/resources/app/extensions/emmet/dist/node/emmetNodeMain.js:1:22533)
	at d (/usr/share/code/resources/app/extensions/emmet/dist/node/emmetNodeMain.js:1:21763)
	at u (/usr/share/code/resources/app/extensions/emmet/dist/node/emmetNodeMain.js:1:14745)
	at d (/usr/share/code/resources/app/extensions/emmet/dist/node/emmetNodeMain.js:1:14879)
	at /usr/share/code/resources/app/extensions/emmet/dist/node/emmetNodeMain.js:1:15491
	at v (/usr/share/code/resources/app/extensions/emmet/dist/node/emmetNodeMain.js:1:15597)
	at j (/usr/share/code/resources/app/extensions/emmet/dist/node/emmetNodeMain.js:1:16543)
	at P (/usr/share/code/resources/app/extensions/emmet/dist/node/emmetNodeMain.js:1:16953)
	at t.getRootNode (/usr/share/code/resources/app/extensions/emmet/dist/node/emmetNodeMain.js:1:145560)
	at t.DefaultCompletionItemProvider.provideCompletionItemsInternal (/usr/share/code/resources/app/extensions/emmet/dist/node/emmetNodeMain.js:1:131101)
	at t.DefaultCompletionItemProvider.provideCompletionItems (/usr/share/code/resources/app/extensions/emmet/dist/node/emmetNodeMain.js:1:129879)
	at me.provideCompletionItems (/usr/share/code/resources/app/out/vs/workbench/api/node/extensionHostProcess.js:161:118602)
	at /usr/share/code/resources/app/out/vs/workbench/api/node/extensionHostProcess.js:161:145130
	at We.s (/usr/share/code/resources/app/out/vs/workbench/api/node/extensionHostProcess.js:161:136041)
	at We.$provideCompletionItems (/usr/share/code/resources/app/out/vs/workbench/api/node/extensionHostProcess.js:161:145116)
	at y.S (/usr/share/code/resources/app/out/vs/workbench/api/node/extensionHostProcess.js:158:5968)
	at y.Q (/usr/share/code/resources/app/out/vs/workbench/api/node/extensionHostProcess.js:158:5734)
	at y.M (/usr/share/code/resources/app/out/vs/workbench/api/node/extensionHostProcess.js:158:4729)
	at y.L (/usr/share/code/resources/app/out/vs/workbench/api/node/extensionHostProcess.js:158:3602)
	at i.value (/usr/share/code/resources/app/out/vs/workbench/api/node/extensionHostProcess.js:158:2297)
	at r.B (/usr/share/code/resources/app/out/vs/workbench/api/node/extensionHostProcess.js:90:732)
	at r.fire (/usr/share/code/resources/app/out/vs/workbench/api/node/extensionHostProcess.js:90:949)
	at a.fire (/usr/share/code/resources/app/out/vs/workbench/api/node/extensionHostProcess.js:115:14463)
	at i.value (/usr/share/code/resources/app/out/vs/workbench/api/node/extensionHostProcess.js:184:8635)
	at r.B (/usr/share/code/resources/app/out/vs/workbench/api/node/extensionHostProcess.js:90:732)
	at r.fire (/usr/share/code/resources/app/out/vs/workbench/api/node/extensionHostProcess.js:90:949)
	at a.fire (/usr/share/code/resources/app/out/vs/workbench/api/node/extensionHostProcess.js:115:14463)
	at MessagePortMain.<anonymous> (/usr/share/code/resources/app/out/vs/workbench/api/node/extensionHostProcess.js:184:6761)
	at MessagePortMain.emit (node:events:519:28)
	at MessagePortMain._internalPort.emit (node:electron/js2c/utility_init:2:2619)
2024-12-07 11:53:03.691 [error] [vscode.emmet] provider FAILED
2024-12-07 11:53:03.691 [error] Error: Unable to find matching pair for < at char 931
	at r.error (/usr/share/code/resources/app/extensions/emmet/dist/node/emmetNodeMain.js:1:22533)
	at d (/usr/share/code/resources/app/extensions/emmet/dist/node/emmetNodeMain.js:1:21763)
	at u (/usr/share/code/resources/app/extensions/emmet/dist/node/emmetNodeMain.js:1:14745)
	at d (/usr/share/code/resources/app/extensions/emmet/dist/node/emmetNodeMain.js:1:14879)
	at /usr/share/code/resources/app/extensions/emmet/dist/node/emmetNodeMain.js:1:15491
	at v (/usr/share/code/resources/app/extensions/emmet/dist/node/emmetNodeMain.js:1:15597)
	at j (/usr/share/code/resources/app/extensions/emmet/dist/node/emmetNodeMain.js:1:16543)
	at P (/usr/share/code/resources/app/extensions/emmet/dist/node/emmetNodeMain.js:1:16953)
	at t.getRootNode (/usr/share/code/resources/app/extensions/emmet/dist/node/emmetNodeMain.js:1:145560)
	at t.DefaultCompletionItemProvider.provideCompletionItemsInternal (/usr/share/code/resources/app/extensions/emmet/dist/node/emmetNodeMain.js:1:131101)
	at t.DefaultCompletionItemProvider.provideCompletionItems (/usr/share/code/resources/app/extensions/emmet/dist/node/emmetNodeMain.js:1:129879)
	at me.provideCompletionItems (/usr/share/code/resources/app/out/vs/workbench/api/node/extensionHostProcess.js:161:118602)
	at /usr/share/code/resources/app/out/vs/workbench/api/node/extensionHostProcess.js:161:145130
	at We.s (/usr/share/code/resources/app/out/vs/workbench/api/node/extensionHostProcess.js:161:136041)
	at We.$provideCompletionItems (/usr/share/code/resources/app/out/vs/workbench/api/node/extensionHostProcess.js:161:145116)
	at y.S (/usr/share/code/resources/app/out/vs/workbench/api/node/extensionHostProcess.js:158:5968)
	at y.Q (/usr/share/code/resources/app/out/vs/workbench/api/node/extensionHostProcess.js:158:5734)
	at y.M (/usr/share/code/resources/app/out/vs/workbench/api/node/extensionHostProcess.js:158:4729)
	at y.L (/usr/share/code/resources/app/out/vs/workbench/api/node/extensionHostProcess.js:158:3602)
	at i.value (/usr/share/code/resources/app/out/vs/workbench/api/node/extensionHostProcess.js:158:2297)
	at r.B (/usr/share/code/resources/app/out/vs/workbench/api/node/extensionHostProcess.js:90:732)
	at r.fire (/usr/share/code/resources/app/out/vs/workbench/api/node/extensionHostProcess.js:90:949)
	at a.fire (/usr/share/code/resources/app/out/vs/workbench/api/node/extensionHostProcess.js:115:14463)
	at i.value (/usr/share/code/resources/app/out/vs/workbench/api/node/extensionHostProcess.js:184:8635)
	at r.B (/usr/share/code/resources/app/out/vs/workbench/api/node/extensionHostProcess.js:90:732)
	at r.fire (/usr/share/code/resources/app/out/vs/workbench/api/node/extensionHostProcess.js:90:949)
	at a.fire (/usr/share/code/resources/app/out/vs/workbench/api/node/extensionHostProcess.js:115:14463)
	at MessagePortMain.<anonymous> (/usr/share/code/resources/app/out/vs/workbench/api/node/extensionHostProcess.js:184:6761)
	at MessagePortMain.emit (node:events:519:28)
	at MessagePortMain._internalPort.emit (node:electron/js2c/utility_init:2:2619)
2024-12-07 11:53:43.563 [error] [vscode.emmet] provider FAILED
2024-12-07 11:53:43.563 [error] Error: Unable to find matching pair for < at char 930
	at r.error (/usr/share/code/resources/app/extensions/emmet/dist/node/emmetNodeMain.js:1:22533)
	at d (/usr/share/code/resources/app/extensions/emmet/dist/node/emmetNodeMain.js:1:21763)
	at u (/usr/share/code/resources/app/extensions/emmet/dist/node/emmetNodeMain.js:1:14745)
	at d (/usr/share/code/resources/app/extensions/emmet/dist/node/emmetNodeMain.js:1:14879)
	at /usr/share/code/resources/app/extensions/emmet/dist/node/emmetNodeMain.js:1:15491
	at v (/usr/share/code/resources/app/extensions/emmet/dist/node/emmetNodeMain.js:1:15597)
	at j (/usr/share/code/resources/app/extensions/emmet/dist/node/emmetNodeMain.js:1:16543)
	at P (/usr/share/code/resources/app/extensions/emmet/dist/node/emmetNodeMain.js:1:16953)
	at t.getRootNode (/usr/share/code/resources/app/extensions/emmet/dist/node/emmetNodeMain.js:1:145560)
	at t.DefaultCompletionItemProvider.provideCompletionItemsInternal (/usr/share/code/resources/app/extensions/emmet/dist/node/emmetNodeMain.js:1:131101)
	at t.DefaultCompletionItemProvider.provideCompletionItems (/usr/share/code/resources/app/extensions/emmet/dist/node/emmetNodeMain.js:1:129879)
	at me.provideCompletionItems (/usr/share/code/resources/app/out/vs/workbench/api/node/extensionHostProcess.js:161:118602)
	at /usr/share/code/resources/app/out/vs/workbench/api/node/extensionHostProcess.js:161:145130
	at We.s (/usr/share/code/resources/app/out/vs/workbench/api/node/extensionHostProcess.js:161:136041)
	at We.$provideCompletionItems (/usr/share/code/resources/app/out/vs/workbench/api/node/extensionHostProcess.js:161:145116)
	at y.S (/usr/share/code/resources/app/out/vs/workbench/api/node/extensionHostProcess.js:158:5968)
	at y.Q (/usr/share/code/resources/app/out/vs/workbench/api/node/extensionHostProcess.js:158:5734)
	at y.M (/usr/share/code/resources/app/out/vs/workbench/api/node/extensionHostProcess.js:158:4729)
	at y.L (/usr/share/code/resources/app/out/vs/workbench/api/node/extensionHostProcess.js:158:3602)
	at i.value (/usr/share/code/resources/app/out/vs/workbench/api/node/extensionHostProcess.js:158:2297)
	at r.B (/usr/share/code/resources/app/out/vs/workbench/api/node/extensionHostProcess.js:90:732)
	at r.fire (/usr/share/code/resources/app/out/vs/workbench/api/node/extensionHostProcess.js:90:949)
	at a.fire (/usr/share/code/resources/app/out/vs/workbench/api/node/extensionHostProcess.js:115:14463)
	at i.value (/usr/share/code/resources/app/out/vs/workbench/api/node/extensionHostProcess.js:184:8635)
	at r.B (/usr/share/code/resources/app/out/vs/workbench/api/node/extensionHostProcess.js:90:732)
	at r.fire (/usr/share/code/resources/app/out/vs/workbench/api/node/extensionHostProcess.js:90:949)
	at a.fire (/usr/share/code/resources/app/out/vs/workbench/api/node/extensionHostProcess.js:115:14463)
	at MessagePortMain.<anonymous> (/usr/share/code/resources/app/out/vs/workbench/api/node/extensionHostProcess.js:184:6761)
	at MessagePortMain.emit (node:events:519:28)
	at MessagePortMain._internalPort.emit (node:electron/js2c/utility_init:2:2619)
2024-12-07 11:54:47.104 [error] [vscode.emmet] provider FAILED
2024-12-07 11:54:47.104 [error] Error: Unable to find matching pair for < at char 1056
	at r.error (/usr/share/code/resources/app/extensions/emmet/dist/node/emmetNodeMain.js:1:22533)
	at d (/usr/share/code/resources/app/extensions/emmet/dist/node/emmetNodeMain.js:1:21763)
	at u (/usr/share/code/resources/app/extensions/emmet/dist/node/emmetNodeMain.js:1:14745)
	at d (/usr/share/code/resources/app/extensions/emmet/dist/node/emmetNodeMain.js:1:14879)
	at /usr/share/code/resources/app/extensions/emmet/dist/node/emmetNodeMain.js:1:15491
	at v (/usr/share/code/resources/app/extensions/emmet/dist/node/emmetNodeMain.js:1:15597)
	at j (/usr/share/code/resources/app/extensions/emmet/dist/node/emmetNodeMain.js:1:16543)
	at P (/usr/share/code/resources/app/extensions/emmet/dist/node/emmetNodeMain.js:1:16953)
	at t.getRootNode (/usr/share/code/resources/app/extensions/emmet/dist/node/emmetNodeMain.js:1:145560)
	at t.DefaultCompletionItemProvider.provideCompletionItemsInternal (/usr/share/code/resources/app/extensions/emmet/dist/node/emmetNodeMain.js:1:131101)
	at t.DefaultCompletionItemProvider.provideCompletionItems (/usr/share/code/resources/app/extensions/emmet/dist/node/emmetNodeMain.js:1:129879)
	at me.provideCompletionItems (/usr/share/code/resources/app/out/vs/workbench/api/node/extensionHostProcess.js:161:118602)
	at /usr/share/code/resources/app/out/vs/workbench/api/node/extensionHostProcess.js:161:145130
	at We.s (/usr/share/code/resources/app/out/vs/workbench/api/node/extensionHostProcess.js:161:136041)
	at We.$provideCompletionItems (/usr/share/code/resources/app/out/vs/workbench/api/node/extensionHostProcess.js:161:145116)
	at y.S (/usr/share/code/resources/app/out/vs/workbench/api/node/extensionHostProcess.js:158:5968)
	at y.Q (/usr/share/code/resources/app/out/vs/workbench/api/node/extensionHostProcess.js:158:5734)
	at y.M (/usr/share/code/resources/app/out/vs/workbench/api/node/extensionHostProcess.js:158:4729)
	at y.L (/usr/share/code/resources/app/out/vs/workbench/api/node/extensionHostProcess.js:158:3602)
	at i.value (/usr/share/code/resources/app/out/vs/workbench/api/node/extensionHostProcess.js:158:2297)
	at r.B (/usr/share/code/resources/app/out/vs/workbench/api/node/extensionHostProcess.js:90:732)
	at r.fire (/usr/share/code/resources/app/out/vs/workbench/api/node/extensionHostProcess.js:90:949)
	at a.fire (/usr/share/code/resources/app/out/vs/workbench/api/node/extensionHostProcess.js:115:14463)
	at i.value (/usr/share/code/resources/app/out/vs/workbench/api/node/extensionHostProcess.js:184:8635)
	at r.B (/usr/share/code/resources/app/out/vs/workbench/api/node/extensionHostProcess.js:90:732)
	at r.fire (/usr/share/code/resources/app/out/vs/workbench/api/node/extensionHostProcess.js:90:949)
	at a.fire (/usr/share/code/resources/app/out/vs/workbench/api/node/extensionHostProcess.js:115:14463)
	at MessagePortMain.<anonymous> (/usr/share/code/resources/app/out/vs/workbench/api/node/extensionHostProcess.js:184:6761)
	at MessagePortMain.emit (node:events:519:28)
	at MessagePortMain._internalPort.emit (node:electron/js2c/utility_init:2:2619)
2024-12-07 11:54:48.118 [error] [vscode.emmet] provider FAILED
2024-12-07 11:54:48.118 [error] Error: Unable to find matching pair for < at char 1056
	at r.error (/usr/share/code/resources/app/extensions/emmet/dist/node/emmetNodeMain.js:1:22533)
	at d (/usr/share/code/resources/app/extensions/emmet/dist/node/emmetNodeMain.js:1:21763)
	at u (/usr/share/code/resources/app/extensions/emmet/dist/node/emmetNodeMain.js:1:14745)
	at d (/usr/share/code/resources/app/extensions/emmet/dist/node/emmetNodeMain.js:1:14879)
	at /usr/share/code/resources/app/extensions/emmet/dist/node/emmetNodeMain.js:1:15491
	at v (/usr/share/code/resources/app/extensions/emmet/dist/node/emmetNodeMain.js:1:15597)
	at j (/usr/share/code/resources/app/extensions/emmet/dist/node/emmetNodeMain.js:1:16543)
	at P (/usr/share/code/resources/app/extensions/emmet/dist/node/emmetNodeMain.js:1:16953)
	at t.getRootNode (/usr/share/code/resources/app/extensions/emmet/dist/node/emmetNodeMain.js:1:145560)
	at t.DefaultCompletionItemProvider.provideCompletionItemsInternal (/usr/share/code/resources/app/extensions/emmet/dist/node/emmetNodeMain.js:1:131101)
	at t.DefaultCompletionItemProvider.provideCompletionItems (/usr/share/code/resources/app/extensions/emmet/dist/node/emmetNodeMain.js:1:129879)
	at me.provideCompletionItems (/usr/share/code/resources/app/out/vs/workbench/api/node/extensionHostProcess.js:161:118602)
	at /usr/share/code/resources/app/out/vs/workbench/api/node/extensionHostProcess.js:161:145130
	at We.s (/usr/share/code/resources/app/out/vs/workbench/api/node/extensionHostProcess.js:161:136041)
	at We.$provideCompletionItems (/usr/share/code/resources/app/out/vs/workbench/api/node/extensionHostProcess.js:161:145116)
	at y.S (/usr/share/code/resources/app/out/vs/workbench/api/node/extensionHostProcess.js:158:5968)
	at y.Q (/usr/share/code/resources/app/out/vs/workbench/api/node/extensionHostProcess.js:158:5734)
	at y.M (/usr/share/code/resources/app/out/vs/workbench/api/node/extensionHostProcess.js:158:4729)
	at y.L (/usr/share/code/resources/app/out/vs/workbench/api/node/extensionHostProcess.js:158:3602)
	at i.value (/usr/share/code/resources/app/out/vs/workbench/api/node/extensionHostProcess.js:158:2297)
	at r.B (/usr/share/code/resources/app/out/vs/workbench/api/node/extensionHostProcess.js:90:732)
	at r.fire (/usr/share/code/resources/app/out/vs/workbench/api/node/extensionHostProcess.js:90:949)
	at a.fire (/usr/share/code/resources/app/out/vs/workbench/api/node/extensionHostProcess.js:115:14463)
	at i.value (/usr/share/code/resources/app/out/vs/workbench/api/node/extensionHostProcess.js:184:8635)
	at r.B (/usr/share/code/resources/app/out/vs/workbench/api/node/extensionHostProcess.js:90:732)
	at r.fire (/usr/share/code/resources/app/out/vs/workbench/api/node/extensionHostProcess.js:90:949)
	at a.fire (/usr/share/code/resources/app/out/vs/workbench/api/node/extensionHostProcess.js:115:14463)
	at MessagePortMain.<anonymous> (/usr/share/code/resources/app/out/vs/workbench/api/node/extensionHostProcess.js:184:6761)
	at MessagePortMain.emit (node:events:519:28)
	at MessagePortMain._internalPort.emit (node:electron/js2c/utility_init:2:2619)
