2025-08-05 14:05:19.600 [info] Extension host with pid 7489 started
2025-08-05 14:05:19.719 [info] ExtensionService#_doActivateExtension vscode.emmet, startup: false, activationEvent: 'onLanguage'
2025-08-05 14:05:19.786 [info] ExtensionService#_doActivateExtension vscode.html-language-features, startup: false, activationEvent: 'onLanguage:html'
2025-08-05 14:05:19.817 [info] ExtensionService#_doActivateExtension vscode.git-base, startup: true, activationEvent: '*', root cause: vscode.git
2025-08-05 14:05:19.882 [info] ExtensionService#_doActivateExtension vscode.git, startup: true, activationEvent: '*'
2025-08-05 14:05:19.901 [info] ExtensionService#_doActivateExtension vscode.github, startup: true, activationEvent: '*'
2025-08-05 14:05:19.948 [info] Eager extensions activated
2025-08-05 14:05:19.976 [info] ExtensionService#_doActivateExtension vscode.debug-auto-launch, startup: false, activationEvent: 'onStartupFinished'
2025-08-05 14:05:19.977 [info] ExtensionService#_doActivateExtension vscode.merge-conflict, startup: false, activationEvent: 'onStartupFinished'
2025-08-05 14:06:01.342 [info] Extension host terminating: renderer closed the MessagePort
2025-08-05 14:06:01.352 [info] Extension host with pid 7489 exiting with code 0
2025-08-05 14:06:02.505 [info] Extension host with pid 10594 started
2025-08-05 14:06:02.505 [info] Skipping acquiring lock for /home/ise/.config/Code/User/workspaceStorage/9ebb184edb1664e274744ca071a91c94.
2025-08-05 14:06:02.646 [info] ExtensionService#_doActivateExtension vscode.git-base, startup: true, activationEvent: '*'
2025-08-05 14:06:02.662 [info] ExtensionService#_doActivateExtension vscode.github, startup: true, activationEvent: '*'
2025-08-05 14:06:02.677 [info] Eager extensions activated
2025-08-05 14:06:02.680 [info] ExtensionService#_doActivateExtension vscode.debug-auto-launch, startup: false, activationEvent: 'onStartupFinished'
2025-08-05 14:06:02.682 [info] ExtensionService#_doActivateExtension vscode.merge-conflict, startup: false, activationEvent: 'onStartupFinished'
2025-08-05 14:06:23.102 [info] ExtensionService#_doActivateExtension vscode.html-language-features, startup: false, activationEvent: 'onLanguage:html'
2025-08-05 14:06:23.118 [info] ExtensionService#_doActivateExtension vscode.emmet, startup: false, activationEvent: 'onLanguage'
2025-08-05 14:08:38.121 [info] ExtensionService#_doActivateExtension vscode.git, startup: false, activationEvent: 'api', root cause: vscode.github
2025-08-05 14:08:41.732 [info] ExtensionService#_doActivateExtension ritwickdey.LiveServer, startup: false, activationEvent: 'onStartupFinished'
2025-08-05 14:09:10.367 [info] ExtensionService#_doActivateExtension profimedica.live-preview, startup: false, activationEvent: '*'
2025-08-05 14:09:18.778 [info] ExtensionService#_doActivateExtension ms-vscode.live-server, startup: false, activationEvent: 'onCommand:livePreview.start.preview.atFile'
2025-08-05 16:13:41.001 [info] ExtensionService#_doActivateExtension vscode.media-preview, startup: false, activationEvent: 'onCustomEditor:imagePreview.previewEditor'
2025-08-05 16:18:23.989 [info] Extension host terminating: renderer closed the MessagePort
2025-08-05 16:18:24.010 [error] Canceled: Canceled
	at new D (/usr/share/code/resources/app/out/vs/workbench/api/node/extensionHostProcess.js:151:35235)
	at y.U (/usr/share/code/resources/app/out/vs/workbench/api/node/extensionHostProcess.js:158:6005)
	at V.<computed>.F.charCodeAt.A.CharCode.DollarSign.V.<computed> (/usr/share/code/resources/app/out/vs/workbench/api/node/extensionHostProcess.js:158:3107)
	at h.g (/usr/share/code/resources/app/out/vs/workbench/api/node/extensionHostProcess.js:161:210015)
	at h.executeCommand (/usr/share/code/resources/app/out/vs/workbench/api/node/extensionHostProcess.js:161:209453)
	at C.registerCommand.description (/usr/share/code/resources/app/out/vs/workbench/api/node/extensionHostProcess.js:161:208777)
	at h (/usr/share/code/resources/app/out/vs/workbench/api/node/extensionHostProcess.js:161:210554)
	at h.g (/usr/share/code/resources/app/out/vs/workbench/api/node/extensionHostProcess.js:161:209546)
	at h.executeCommand (/usr/share/code/resources/app/out/vs/workbench/api/node/extensionHostProcess.js:161:209453)
	at Object.executeCommand (/usr/share/code/resources/app/out/vs/workbench/api/node/extensionHostProcess.js:171:30683)
	at i.value (/home/ise/.vscode/extensions/ms-vscode.live-server-0.4.15/out/extension.js:1:76891)
	at r.B (/usr/share/code/resources/app/out/vs/workbench/api/node/extensionHostProcess.js:90:732)
	at r.fire (/usr/share/code/resources/app/out/vs/workbench/api/node/extensionHostProcess.js:90:949)
	at f.closeServer (/home/ise/.vscode/extensions/ms-vscode.live-server-0.4.15/out/extension.js:1:86781)
	at f.dispose (/home/ise/.vscode/extensions/ms-vscode.live-server-0.4.15/out/extension.js:1:89078)
	at /home/ise/.vscode/extensions/ms-vscode.live-server-0.4.15/out/extension.js:1:71788
	at Map.forEach (<anonymous>)
	at b.closeAllServers (/home/ise/.vscode/extensions/ms-vscode.live-server-0.4.15/out/extension.js:1:71773)
	at b.dispose (/home/ise/.vscode/extensions/ms-vscode.live-server-0.4.15/out/extension.js:1:71816)
	at t.deactivate (/home/ise/.vscode/extensions/ms-vscode.live-server-0.4.15/out/extension.js:1:64787)
	at m.eb (/usr/share/code/resources/app/out/vs/workbench/api/node/extensionHostProcess.js:167:10082)
	at /usr/share/code/resources/app/out/vs/workbench/api/node/extensionHostProcess.js:167:8153
	at Array.map (<anonymous>)
	at m.$ (/usr/share/code/resources/app/out/vs/workbench/api/node/extensionHostProcess.js:167:8140)
	at m.terminate (/usr/share/code/resources/app/out/vs/workbench/api/node/extensionHostProcess.js:167:8413)
	at $.terminate (/usr/share/code/resources/app/out/vs/workbench/api/node/extensionHostProcess.js:171:1513)
	at n (/usr/share/code/resources/app/out/vs/workbench/api/node/extensionHostProcess.js:184:10613)
	at MessagePortMain.<anonymous> (/usr/share/code/resources/app/out/vs/workbench/api/node/extensionHostProcess.js:184:6805)
	at MessagePortMain.emit (node:events:519:28)
	at MessagePortMain._internalPort.emit (node:electron/js2c/utility_init:2:2619) setContext undefined
2025-08-05 16:18:24.016 [info] Extension host with pid 10594 exiting with code 0
