2025-08-11 13:23:52.957 [info] Extension host with pid 5765 started
2025-08-11 13:23:52.957 [info] Skipping acquiring lock for /home/ise/.config/Code/User/workspaceStorage/9ebb184edb1664e274744ca071a91c94.
2025-08-11 13:23:53.092 [info] ExtensionService#_doActivateExtension vscode.emmet, startup: false, activationEvent: 'onLanguage'
2025-08-11 13:23:53.160 [info] ExtensionService#_doActivateExtension vscode.git-base, startup: true, activationEvent: '*', root cause: vscode.git
2025-08-11 13:23:53.161 [info] ExtensionService#_doActivateExtension profimedica.live-preview, startup: true, activationEvent: '*'
2025-08-11 13:23:53.186 [info] ExtensionService#_doActivateExtension vscode.git, startup: true, activationEvent: '*'
2025-08-11 13:23:53.209 [info] ExtensionService#_doActivateExtension vscode.github, startup: true, activationEvent: '*'
2025-08-11 13:23:53.253 [info] Eager extensions activated
2025-08-11 13:23:53.279 [info] ExtensionService#_doActivateExtension vscode.debug-auto-launch, startup: false, activationEvent: 'onStartupFinished'
2025-08-11 13:23:53.281 [info] ExtensionService#_doActivateExtension vscode.merge-conflict, startup: false, activationEvent: 'onStartupFinished'
2025-08-11 13:23:53.287 [info] ExtensionService#_doActivateExtension ritwickdey.LiveServer, startup: false, activationEvent: 'onStartupFinished'
2025-08-11 13:23:54.007 [info] ExtensionService#_doActivateExtension vscode.html-language-features, startup: false, activationEvent: 'onLanguage:html'
2025-08-11 13:36:05.659 [info] ExtensionService#_doActivateExtension vscode.github-authentication, startup: false, activationEvent: 'onAuthenticationRequest:github'
2025-08-11 13:37:12.922 [info] ExtensionService#_doActivateExtension vscode.npm, startup: false, activationEvent: 'onTerminalQuickFixRequest:ms-vscode.npm-command'
2025-08-11 13:37:18.116 [info] ExtensionService#_doActivateExtension vscode.configuration-editing, startup: false, activationEvent: 'onLanguage:json'
2025-08-11 13:37:18.119 [info] ExtensionService#_doActivateExtension vscode.extension-editing, startup: false, activationEvent: 'onLanguage:json'
2025-08-11 13:37:18.131 [info] ExtensionService#_doActivateExtension vscode.json-language-features, startup: false, activationEvent: 'onLanguage:json'
2025-08-11 13:38:17.837 [info] ExtensionService#_doActivateExtension vscode.markdown-language-features, startup: false, activationEvent: 'onLanguage:markdown'
2025-08-11 13:38:18.187 [info] ExtensionService#_doActivateExtension vscode.markdown-math, startup: false, activationEvent: 'api', root cause: vscode.markdown-language-features
2025-08-11 13:42:49.489 [warning] [Decorations] CAPPING events from decorations provider vscode.git 10000
2025-08-11 13:42:50.163 [warning] [Decorations] CAPPING events from decorations provider vscode.git 10000
2025-08-11 13:42:50.765 [error] Error: No such branch: master.
	at N.getBranch (/usr/share/code/resources/app/extensions/git/dist/main.js:2:937115)
	at async T.retryRun (/usr/share/code/resources/app/extensions/git/dist/main.js:2:1032816)
	at async T.run (/usr/share/code/resources/app/extensions/git/dist/main.js:2:1032420)
	at async T.getBranch (/usr/share/code/resources/app/extensions/git/dist/main.js:2:1020563)
	at async T.getBranchBase (/usr/share/code/resources/app/extensions/git/dist/main.js:2:1020849)
	at async t.GitHistoryProvider.resolveHEADMergeBase (/usr/share/code/resources/app/extensions/git/dist/main.js:2:948410)
	at async t.GitHistoryProvider.onDidRunGitStatus (/usr/share/code/resources/app/extensions/git/dist/main.js:2:941737)
2025-08-11 13:42:51.174 [error] Error: No such branch: master.
	at N.getBranch (/usr/share/code/resources/app/extensions/git/dist/main.js:2:937115)
	at async T.retryRun (/usr/share/code/resources/app/extensions/git/dist/main.js:2:1032816)
	at async T.run (/usr/share/code/resources/app/extensions/git/dist/main.js:2:1032420)
	at async T.getBranch (/usr/share/code/resources/app/extensions/git/dist/main.js:2:1020563)
	at async T.getBranchBase (/usr/share/code/resources/app/extensions/git/dist/main.js:2:1020849)
	at async t.GitHistoryProvider.resolveHEADMergeBase (/usr/share/code/resources/app/extensions/git/dist/main.js:2:948410)
	at async t.GitHistoryProvider.onDidRunGitStatus (/usr/share/code/resources/app/extensions/git/dist/main.js:2:941737)
2025-08-11 13:42:55.207 [warning] [Decorations] CAPPING events from decorations provider vscode.git 10000
2025-08-11 13:42:56.215 [error] Error: No such branch: master.
	at N.getBranch (/usr/share/code/resources/app/extensions/git/dist/main.js:2:937115)
	at async T.retryRun (/usr/share/code/resources/app/extensions/git/dist/main.js:2:1032816)
	at async T.run (/usr/share/code/resources/app/extensions/git/dist/main.js:2:1032420)
	at async T.getBranch (/usr/share/code/resources/app/extensions/git/dist/main.js:2:1020563)
	at async T.getBranchBase (/usr/share/code/resources/app/extensions/git/dist/main.js:2:1020849)
	at async t.GitHistoryProvider.resolveHEADMergeBase (/usr/share/code/resources/app/extensions/git/dist/main.js:2:948410)
	at async t.GitHistoryProvider.onDidRunGitStatus (/usr/share/code/resources/app/extensions/git/dist/main.js:2:941737)
2025-08-11 13:43:58.663 [warning] [Decorations] CAPPING events from decorations provider vscode.git 10000
2025-08-11 13:43:59.673 [error] Error: No such branch: master.
	at N.getBranch (/usr/share/code/resources/app/extensions/git/dist/main.js:2:937115)
	at async T.retryRun (/usr/share/code/resources/app/extensions/git/dist/main.js:2:1032816)
	at async T.run (/usr/share/code/resources/app/extensions/git/dist/main.js:2:1032420)
	at async T.getBranch (/usr/share/code/resources/app/extensions/git/dist/main.js:2:1020563)
	at async T.getBranchBase (/usr/share/code/resources/app/extensions/git/dist/main.js:2:1020849)
	at async t.GitHistoryProvider.resolveHEADMergeBase (/usr/share/code/resources/app/extensions/git/dist/main.js:2:948410)
	at async t.GitHistoryProvider.onDidRunGitStatus (/usr/share/code/resources/app/extensions/git/dist/main.js:2:941737)
