2025-08-05 14:05:19.168 [info] Started local extension host with pid 7489.
2025-08-05 14:05:21.868 [info] [perf] Render performance baseline is 24ms
2025-08-05 14:05:21.874 [warning] Failed to fetch chat participant registry Failed to fetch
2025-08-05 14:06:01.230 [warning] [backup tracker] suspended, ignoring dirty change event file:///home/ise/Documents/akhila4/cs108/prajwaljs1.html 
2025-08-05 14:06:01.235 [warning] [backup tracker] suspended, ignoring dirty change event file:///home/ise/Documents/akhila4/cs108/jsprajwalcalculator.html 
2025-08-05 14:06:01.260 [warning] [backup tracker] suspended, ignoring content change event untitled:Untitled-1 
2025-08-05 14:06:01.261 [warning] [backup tracker] suspended, ignoring dirty change event untitled:Untitled-1 
2025-08-05 14:06:01.269 [warning] [backup tracker] suspended, ignoring unregister event untitled:Untitled-1 
2025-08-05 14:06:02.214 [info] Started local extension host with pid 10594.
2025-08-05 14:06:04.793 [warning] Failed to fetch chat participant registry Failed to fetch
2025-08-05 14:06:05.183 [info] [perf] Render performance baseline is 24ms
2025-08-05 14:11:05.326 [warning] Failed to fetch chat participant registry Failed to fetch
2025-08-05 14:16:05.346 [warning] Failed to fetch chat participant registry Failed to fetch
2025-08-05 14:21:05.420 [warning] Failed to fetch chat participant registry Failed to fetch
2025-08-05 14:26:05.471 [warning] Failed to fetch chat participant registry Failed to fetch
2025-08-05 14:31:05.538 [warning] Failed to fetch chat participant registry Failed to fetch
2025-08-05 14:36:05.546 [warning] Failed to fetch chat participant registry Failed to fetch
2025-08-05 14:41:05.560 [warning] Failed to fetch chat participant registry Failed to fetch
2025-08-05 14:46:05.569 [warning] Failed to fetch chat participant registry Failed to fetch
2025-08-05 14:51:05.608 [warning] Failed to fetch chat participant registry Failed to fetch
2025-08-05 14:56:05.623 [warning] Failed to fetch chat participant registry Failed to fetch
2025-08-05 15:01:05.637 [warning] Failed to fetch chat participant registry Failed to fetch
2025-08-05 15:06:05.648 [warning] Failed to fetch chat participant registry Failed to fetch
2025-08-05 15:11:05.687 [warning] Failed to fetch chat participant registry Failed to fetch
2025-08-05 15:16:05.725 [warning] Failed to fetch chat participant registry Failed to fetch
2025-08-05 15:21:05.767 [warning] Failed to fetch chat participant registry Failed to fetch
2025-08-05 15:26:05.782 [warning] Failed to fetch chat participant registry Failed to fetch
2025-08-05 15:31:05.796 [warning] Failed to fetch chat participant registry Failed to fetch
2025-08-05 15:36:05.835 [warning] Failed to fetch chat participant registry Failed to fetch
2025-08-05 15:41:05.863 [warning] Failed to fetch chat participant registry Failed to fetch
2025-08-05 15:46:05.879 [warning] Failed to fetch chat participant registry Failed to fetch
2025-08-05 15:51:05.908 [warning] Failed to fetch chat participant registry Failed to fetch
2025-08-05 15:56:05.933 [warning] Failed to fetch chat participant registry Failed to fetch
2025-08-05 16:01:05.959 [warning] Failed to fetch chat participant registry Failed to fetch
2025-08-05 16:06:05.974 [warning] Failed to fetch chat participant registry Failed to fetch
2025-08-05 16:11:05.988 [warning] Failed to fetch chat participant registry Failed to fetch
2025-08-05 16:16:06.027 [warning] Failed to fetch chat participant registry Failed to fetch
