2025-08-05 14:05:19.090 [info] Added views:workbench.panel.markers.view in workbench.panel.markers
2025-08-05 14:05:19.090 [info] Added views:workbench.panel.output in workbench.panel.output
2025-08-05 14:05:19.090 [info] Added views:terminal in terminal
2025-08-05 14:05:19.090 [info] Added views:outline in workbench.view.explorer
2025-08-05 14:05:19.090 [info] Added views:workbench.scm in workbench.view.scm
2025-08-05 14:05:19.090 [info] Added views:workbench.view.search in workbench.view.search
2025-08-05 14:05:19.090 [info] Added views:timeline in workbench.view.explorer
2025-08-05 14:05:19.090 [info] Added views:workbench.explorer.emptyView in workbench.view.explorer
2025-08-05 14:05:19.403 [info] Added views:workbench.debug.variablesView,workbench.debug.watchExpressionsView,workbench.debug.callStackView,workbench.debug.breakPointsView in workbench.view.debug
2025-08-05 14:05:19.721 [info] Added views:workbench.panel.repl.view in workbench.panel.repl
2025-08-05 14:05:19.722 [info] Removed views:workbench.debug.breakPointsView,workbench.debug.callStackView,workbench.debug.watchExpressionsView,workbench.debug.variablesView from workbench.view.debug
2025-08-05 14:05:19.722 [info] Added views:workbench.debug.welcome in workbench.view.debug
2025-08-05 14:05:20.149 [info] Added views:~remote.forwardedPorts in ~remote.forwardedPortsContainer
2025-08-05 14:06:02.112 [info] Added views:workbench.panel.markers.view in workbench.panel.markers
2025-08-05 14:06:02.112 [info] Added views:workbench.panel.output in workbench.panel.output
2025-08-05 14:06:02.112 [info] Added views:terminal in terminal
2025-08-05 14:06:02.112 [info] Added views:outline in workbench.view.explorer
2025-08-05 14:06:02.112 [info] Added views:workbench.scm in workbench.view.scm
2025-08-05 14:06:02.112 [info] Added views:workbench.view.search in workbench.view.search
2025-08-05 14:06:02.112 [info] Added views:timeline in workbench.view.explorer
2025-08-05 14:06:02.112 [info] Added views:workbench.explorer.fileView in workbench.view.explorer
2025-08-05 14:06:02.444 [info] Added views:workbench.debug.variablesView,workbench.debug.watchExpressionsView,workbench.debug.callStackView,workbench.debug.breakPointsView in workbench.view.debug
2025-08-05 14:06:02.544 [info] Added views:~remote.forwardedPorts in ~remote.forwardedPortsContainer
2025-08-05 14:06:02.644 [info] Added views:workbench.panel.repl.view in workbench.panel.repl
2025-08-05 14:06:02.645 [info] Removed views:workbench.debug.breakPointsView,workbench.debug.callStackView,workbench.debug.watchExpressionsView,workbench.debug.variablesView from workbench.view.debug
2025-08-05 14:06:02.645 [info] Added views:workbench.debug.welcome in workbench.view.debug
2025-08-05 14:08:12.925 [info] Added views:workbench.views.extensions.installed,workbench.views.extensions.popular,extensions.recommendedList in workbench.view.extensions
2025-08-05 14:08:12.927 [info] Removed views:workbench.views.extensions.popular from workbench.view.extensions
2025-08-05 14:08:23.119 [info] Removed views:extensions.recommendedList,workbench.views.extensions.installed from workbench.view.extensions
2025-08-05 14:08:23.124 [info] Added views:workbench.views.extensions.marketplace in workbench.view.extensions
2025-08-05 14:08:52.349 [info] Removed views:workbench.views.extensions.marketplace from workbench.view.extensions
2025-08-05 14:08:52.365 [info] Added views:workbench.views.extensions.installed,extensions.recommendedList in workbench.view.extensions
2025-08-05 14:09:00.676 [info] Removed views:extensions.recommendedList,workbench.views.extensions.installed from workbench.view.extensions
2025-08-05 14:09:00.697 [info] Added views:workbench.views.extensions.marketplace in workbench.view.extensions
